198:04-22 06:37:34.893 E/GoogleApiManager( 6460): java.lang.SecurityException: Unknown calling package name 'com.google.android.gms'.
199:04-22 06:37:34.893 E/GoogleApiManager( 6460): 	at android.os.Parcel.createExceptionOrNull(Parcel.java:3340)
200:04-22 06:37:34.893 E/GoogleApiManager( 6460): 	at android.os.Parcel.createException(Parcel.java:3324)
201:04-22 06:37:34.893 E/GoogleApiManager( 6460): 	at android.os.Parcel.readException(Parcel.java:3307)
202:04-22 06:37:34.893 E/GoogleApiManager( 6460): 	at android.os.Parcel.readException(Parcel.java:3249)
215:04-22 06:37:34.912 W/BestClock(  683): java.time.DateTimeException: No network time available
221:04-22 06:37:34.932 W/BestClock(  683): java.time.DateTimeException: No network time available
223:04-22 06:37:34.937 W/BestClock(  683): java.time.DateTimeException: No network time available
224:04-22 06:37:34.937 W/BestClock(  683): java.time.DateTimeException: No network time available
225:04-22 06:37:34.937 W/BestClock(  683): java.time.DateTimeException: No network time available
226:04-22 06:37:34.938 W/BestClock(  683): java.time.DateTimeException: No network time available
227:04-22 06:37:34.938 W/BestClock(  683): java.time.DateTimeException: No network time available
228:04-22 06:37:34.938 W/BestClock(  683): java.time.DateTimeException: No network time available
232:04-22 06:37:34.945 W/BestClock(  683): java.time.DateTimeException: No network time available
241:04-22 06:37:34.955 W/BestClock(  683): java.time.DateTimeException: No network time available
242:04-22 06:37:34.956 W/BestClock(  683): java.time.DateTimeException: No network time available
243:04-22 06:37:34.956 W/BestClock(  683): java.time.DateTimeException: No network time available
244:04-22 06:37:34.956 W/BestClock(  683): java.time.DateTimeException: No network time available
245:04-22 06:37:34.956 W/BestClock(  683): java.time.DateTimeException: No network time available
248:04-22 06:37:34.957 W/BestClock(  683): java.time.DateTimeException: No network time available
249:04-22 06:37:34.957 W/BestClock(  683): java.time.DateTimeException: No network time available
253:04-22 06:37:34.966 W/BestClock(  683): java.time.DateTimeException: No network time available
262:04-22 06:37:34.985 W/BestClock(  683): java.time.DateTimeException: No network time available
425:04-22 06:37:35.609 E/SystemServiceRegistry(  683): android.os.ServiceManager$ServiceNotFoundException: No service published for: persistent_data_block
967:04-22 06:37:37.063 W/BestClock(  683): java.time.DateTimeException: No network time available
968:04-22 06:37:37.063 W/BestClock(  683): java.time.DateTimeException: No network time available
969:04-22 06:37:37.063 W/BestClock(  683): java.time.DateTimeException: No network time available
970:04-22 06:37:37.064 W/BestClock(  683): java.time.DateTimeException: No network time available
971:04-22 06:37:37.064 W/BestClock(  683): java.time.DateTimeException: No network time available
1012:04-22 06:37:40.071 W/BestClock(  683): java.time.DateTimeException: No network time available
1013:04-22 06:37:40.071 W/BestClock(  683): java.time.DateTimeException: No network time available
1014:04-22 06:37:40.071 W/BestClock(  683): java.time.DateTimeException: No network time available
1015:04-22 06:37:40.071 W/BestClock(  683): java.time.DateTimeException: No network time available
1016:04-22 06:37:40.071 W/BestClock(  683): java.time.DateTimeException: No network time available
1034:04-22 06:37:43.075 W/BestClock(  683): java.time.DateTimeException: No network time available
1035:04-22 06:37:43.075 W/BestClock(  683): java.time.DateTimeException: No network time available
1036:04-22 06:37:43.075 W/BestClock(  683): java.time.DateTimeException: No network time available
1037:04-22 06:37:43.075 W/BestClock(  683): java.time.DateTimeException: No network time available
1038:04-22 06:37:43.076 W/BestClock(  683): java.time.DateTimeException: No network time available
1061:04-22 06:37:44.849 W/FileUtils(  683): Failed to chmod(AtomicFile[/data/system_de/0/system/game-manager-service.xml]): android.system.ErrnoException: chmod failed: ENOENT (No such file or directory)
1078:04-22 06:37:46.087 W/BestClock(  683): java.time.DateTimeException: No network time available
1079:04-22 06:37:46.087 W/BestClock(  683): java.time.DateTimeException: No network time available
1080:04-22 06:37:46.087 W/BestClock(  683): java.time.DateTimeException: No network time available
1081:04-22 06:37:46.087 W/BestClock(  683): java.time.DateTimeException: No network time available
1082:04-22 06:37:46.087 W/BestClock(  683): java.time.DateTimeException: No network time available
1109:04-22 06:37:49.094 W/BestClock(  683): java.time.DateTimeException: No network time available
1110:04-22 06:37:49.094 W/BestClock(  683): java.time.DateTimeException: No network time available
1111:04-22 06:37:49.094 W/BestClock(  683): java.time.DateTimeException: No network time available
1112:04-22 06:37:49.094 W/BestClock(  683): java.time.DateTimeException: No network time available
1113:04-22 06:37:49.094 W/BestClock(  683): java.time.DateTimeException: No network time available
1131:04-22 06:37:52.108 W/BestClock(  683): java.time.DateTimeException: No network time available
1132:04-22 06:37:52.108 W/BestClock(  683): java.time.DateTimeException: No network time available
1133:04-22 06:37:52.108 W/BestClock(  683): java.time.DateTimeException: No network time available
1134:04-22 06:37:52.108 W/BestClock(  683): java.time.DateTimeException: No network time available
1135:04-22 06:37:52.108 W/BestClock(  683): java.time.DateTimeException: No network time available
1152:04-22 06:37:52.282 W/BestClock(  683): java.time.DateTimeException: No network time available
1164:04-22 06:37:52.302 W/BestClock(  683): java.time.DateTimeException: No network time available
1192:04-22 06:37:53.024 E/chromium( 1283): [0422/063753.023855:ERROR:net/socket/ssl_client_socket_impl.cc:896] handshake failed; returned -1, SSL error code 1, net_error -100
1193:04-22 06:37:53.524 E/chromium( 1283): [0422/063753.524681:ERROR:net/socket/ssl_client_socket_impl.cc:896] handshake failed; returned -1, SSL error code 1, net_error -100
1194:04-22 06:37:53.527 W/GLSUser ( 1283): [AppCertManager] Exception while requesting key: 
1195:04-22 06:37:53.527 W/GLSUser ( 1283): java.util.concurrent.ExecutionException: cilm: Failed to process request
1220:04-22 06:37:53.527 W/GLSUser ( 1283): Caused by: m1.mq: Exception in CronetUrlRequest: net::ERR_CONNECTION_CLOSED, ErrorCode=5, InternalErrorCode=-100, Retryable=true
1225:04-22 06:37:53.530 E/humr    ( 1591): java.lang.RuntimeException: ManagedChannel allocation site
1249:04-22 06:37:54.524 E/chromium( 1591): [0422/063754.524064:ERROR:net/socket/ssl_client_socket_impl.cc:896] handshake failed; returned -1, SSL error code 1, net_error -100
1250:04-22 06:37:55.023 E/chromium( 1591): [0422/063755.023890:ERROR:net/socket/ssl_client_socket_impl.cc:896] handshake failed; returned -1, SSL error code 1, net_error -100
1255:04-22 06:37:55.113 W/BestClock(  683): java.time.DateTimeException: No network time available
1256:04-22 06:37:55.114 W/BestClock(  683): java.time.DateTimeException: No network time available
1257:04-22 06:37:55.114 W/BestClock(  683): java.time.DateTimeException: No network time available
1258:04-22 06:37:55.114 W/BestClock(  683): java.time.DateTimeException: No network time available
1259:04-22 06:37:55.114 W/BestClock(  683): java.time.DateTimeException: No network time available
1276:04-22 06:37:55.663 D/AndroidRuntime( 7427): >>>>>> START com.android.internal.os.RuntimeInit uid 2000 <<<<<<
1277:04-22 06:37:55.666 I/AndroidRuntime( 7427): Using default boot image
1278:04-22 06:37:55.666 I/AndroidRuntime( 7427): Leaving lock profiling enabled
1288:04-22 06:37:55.725 D/AndroidRuntime( 7427): Calling main entry com.android.commands.monkey.Monkey
1494:04-22 06:37:55.729 E/FeatureFlagsImplExport( 7427): android.os.flagging.AconfigStorageReadException: ERROR_PACKAGE_NOT_FOUND: package android.xr cannot be found on the device
1536:04-22 06:37:55.768 I/AndroidRuntime( 7427): VM exiting with result code 0.
1690:04-22 06:37:55.886 I/StartupAudit( 7439): activity_created activity=MainActivity displayIndex=0 pid=7439 time=2026-04-22 06:37:55.886
1724:04-22 06:37:55.933 I/ReactNativeJS( 7439): Running "MixcRetailAssemblyRN84"
1793:04-22 06:37:56.006 I/EmojiCompatManager( 1576): java.lang.IllegalStateException: EmojiCompat is not initialized. Please call EmojiCompat.init() first
1841:04-22 06:37:56.051 I/assembly.android.mixc-retail-rn84.boot( 7439): {"stage":"resolve-topology:start","displayIndex":0,"displayCount":1}
1842:04-22 06:37:56.051 I/assembly.android.mixc-retail-rn84.boot( 7439): {"stage":"resolve-topology:done","displayIndex":0,"displayCount":1}
1844:04-22 06:37:56.056 I/assembly.kernel.base.runtime-shell-v2.state-runtime( 7439): [runtime.load] load kernel.base.runtime-shell-v2 {"slices":["kernel.base.runtime-shell-v2.error-catalog","kernel.base.runtime-shell-v2.parameter-catalog","kernel.base.topology-runtime-v3.config","kernel.base.topology-runtime-v3.context","kernel.base.topology-runtime-v3.connection","kernel.base.topology-runtime-v3.peer","kernel.base.topology-runtime-v3.sync","kernel.base.topology-runtime-v3.request-mirror","kernel.base.topology-runtime-v3.demo.master","kernel.base.topology-runtime-v3.demo.slave","kernel.base.tcp-control-runtime-v2.identity","kernel.base.tcp-control-runtime-v2.credential","kernel.base.tcp-control-runtime-v2.binding","kernel.base.tcp-control-runtime-v2.sandbox","kernel.base.tcp-control-runtime-v2.runtime","kernel.base.tdp-sync-runtime-v2.session","kernel.base.tdp-sync-runtime-v2.sync","kernel.base.tdp-sync-runtime-v2.projection","kernel.base.tdp-sync-runtime-v2.command-inbox","kernel.base.tdp-sync-runtime-v2.control-signals","kernel.base.tdp-sync-runtime-v2.hot-update","kernel.base.workflow-runtime-v2.definitions","kernel.base.workflow-runtime-v2.observations","kernel.base.workflow-runtime-v2.queue","kernel.base.ui-runtime-v2.screen.main","kernel.base.ui-runtime-v2.screen.branch","kernel.base.ui-runtime-v2.overlay.main","kernel.base.ui-runtime-v2.overlay.branch","kernel.base.ui-runtime-v2.ui-variable.main","kernel.base.ui-runtime-v2.ui-variable.branch","ui.base.admin-console.console"],"persistableSlices":["kernel.base.runtime-shell-v2.error-catalog","kernel.base.runtime-shell-v2.parameter-catalog","kernel.base.topology-runtime-v3.config","kernel.base.tcp-control-runtime-v2.identity","kernel.base.tcp-control-runtime-v2.credential","kernel.base.tcp-control-runtime-v2.binding","kernel.base.tcp-control-runtime-v2.sandbox","kernel.base.tdp-sync-runtime-v2.sync","kernel.base.tdp-sync-runtime-v2.projection","kernel.base.tdp-sync-runtime-v2.hot-update","kernel.base.workflow-runtime-v2.definitions","kernel.base.ui-runtime-v2.screen.main","kernel.base.ui-runtime-v2.screen.branch","kernel.base.ui-runtime-v2.overlay.main","kernel.base.ui-runtime-v2.overlay.branch","kernel.base.ui-runtime-v2.ui-variable.main","kernel.base.ui-runtime-v2.ui-variable.branch","ui.base.admin-console.console"],"persistenceEnabled":true}
1847:04-22 06:37:56.057 I/assembly.kernel.base.runtime-shell-v2.application.KernelRuntimeAppV2( 7439): [runtime.load] created kernel runtime app v2 {"runtimeName":"assembly.android.mixc-retail-rn84","runtimeId":"run_mo97fsnr_p00ntgpbl19yzwgg","localNodeId":"master:ZJ63NQELD9","moduleNames":["assembly.android.mixc-retail-rn84","kernel.base.topology-runtime-v3","kernel.base.tcp-control-runtime-v2","kernel.base.tdp-sync-runtime-v2","kernel.base.workflow-runtime-v2","kernel.base.ui-runtime-v2","ui.base.runtime-react","ui.base.input-runtime","ui.base.admin-console","ui.base.terminal-console","ui.integration.retail-shell"]}
1848:04-22 06:37:56.058 I/assembly.kernel.base.runtime-shell-v2.application.KernelRuntimeAppV2( 7439): [runtime.load] start kernel runtime app v2 pre-setup {"runtimeName":"assembly.android.mixc-retail-rn84","moduleNames":["assembly.android.mixc-retail-rn84","kernel.base.topology-runtime-v3","kernel.base.tcp-control-runtime-v2","kernel.base.tdp-sync-runtime-v2","kernel.base.workflow-runtime-v2","kernel.base.ui-runtime-v2","ui.base.runtime-react","ui.base.input-runtime","ui.base.admin-console","ui.base.terminal-console","ui.integration.retail-shell"]}
1849:04-22 06:37:56.059 I/assembly.assembly.android.mixc-retail-rn84( 7439): [runtime.load] pre-setup assembly.android.mixc-retail-rn84 {"moduleName":"assembly.android.mixc-retail-rn84","runtimeNodeId":"master:ZJ63NQELD9","knownModules":["assembly.android.mixc-retail-rn84","kernel.base.topology-runtime-v3","kernel.base.tcp-control-runtime-v2","kernel.base.tdp-sync-runtime-v2","kernel.base.workflow-runtime-v2","kernel.base.ui-runtime-v2","ui.base.runtime-react","ui.base.input-runtime","ui.base.admin-console","ui.base.terminal-console","ui.integration.retail-shell"]}
1851:04-22 06:37:56.060 I/assembly.assembly.android.mixc-retail-rn84( 7439): [runtime.load] pre-setup kernel.base.topology-runtime-v3 {"moduleName":"kernel.base.topology-runtime-v3","runtimeNodeId":"master:ZJ63NQELD9","knownModules":["assembly.android.mixc-retail-rn84","kernel.base.topology-runtime-v3","kernel.base.tcp-control-runtime-v2","kernel.base.tdp-sync-runtime-v2","kernel.base.workflow-runtime-v2","kernel.base.ui-runtime-v2","ui.base.runtime-react","ui.base.input-runtime","ui.base.admin-console","ui.base.terminal-console","ui.integration.retail-shell"]}
1852:04-22 06:37:56.060 I/assembly.kernel.base.runtime-shell-v2.application.KernelRuntimeAppV2( 7439): [runtime.load] completed module pre-setup {"moduleName":"kernel.base.topology-runtime-v3","packageVersion":"0.0.1","dependencies":[],"stateSliceNames":["kernel.base.topology-runtime-v3.config","kernel.base.topology-runtime-v3.context","kernel.base.topology-runtime-v3.connection","kernel.base.topology-runtime-v3.peer","kernel.base.topology-runtime-v3.sync","kernel.base.topology-runtime-v3.request-mirror","kernel.base.topology-runtime-v3.demo.master","kernel.base.topology-runtime-v3.demo.slave"],"commandNames":["kernel.base.topology-runtime-v3.set-instance-mode","kernel.base.topology-runtime-v3.set-display-mode","kernel.base.topology-runtime-v3.set-enable-slave","kernel.base.topology-runtime-v3.set-master-locator","kernel.base.topology-runtime-v3.clear-master-locator","kernel.base.topology-runtime-v3.refresh-topology-context","kernel.base.topology-runtime-v3.start-topology-connection","kernel.base.topology-runtime-v3.stop-topology-connection","kernel.base.topology-runtime-v3.restart-topology-connection","kernel.base.topology-runtime-v3.upsert-demo-master-entry","kernel.base.topology-runtime-v3.remove-demo-master-entry","kernel.base.topology-runtime-v3.reset-demo-master-state","kernel.base.topology-runtime-v3.upsert-demo-slave-entry","kernel.base.topology-runtime-v3.remove-demo-slave-entry","kernel.base.topology-runtime-v3.reset-demo-slave-state"],"actorKeys":["kernel.base.topology-runtime-v3.TopologyContextActor","kernel.base.topology-runtime-v3.TopologyConnectionActor","kernel.base.topology-runtime-v3.TopologyDemoSyncActor"],"errorKeys":["kernel.base.topology-runtime-v3.display_context_required","kernel.base.topology-runtime-v3.orchestrator_required","kernel.base.topology-runtime-v3.socket_binding_required","kernel.base.topology-runtime-v3.hello_runtime_required","kernel.base.topology-runtime-v3.action_not_allowed"],"parameterKeys":["kernel.base.topology-runtime-v3.reconnect-interval-ms"],"hasInstall":true,"hasPreSetup":true}
1853:04-22 06:37:56.060 I/assembly.assembly.android.mixc-retail-rn84( 7439): [runtime.load] pre-setup kernel.base.tcp-control-runtime-v2 {"moduleName":"kernel.base.tcp-control-runtime-v2","runtimeNodeId":"master:ZJ63NQELD9","knownModules":["assembly.android.mixc-retail-rn84","kernel.base.topology-runtime-v3","kernel.base.tcp-control-runtime-v2","kernel.base.tdp-sync-runtime-v2","kernel.base.workflow-runtime-v2","kernel.base.ui-runtime-v2","ui.base.runtime-react","ui.base.input-runtime","ui.base.admin-console","ui.base.terminal-console","ui.integration.retail-shell"]}
1855:04-22 06:37:56.060 I/assembly.assembly.android.mixc-retail-rn84( 7439): [runtime.load] pre-setup kernel.base.tdp-sync-runtime-v2 {"moduleName":"kernel.base.tdp-sync-runtime-v2","runtimeNodeId":"master:ZJ63NQELD9","knownModules":["assembly.android.mixc-retail-rn84","kernel.base.topology-runtime-v3","kernel.base.tcp-control-runtime-v2","kernel.base.tdp-sync-runtime-v2","kernel.base.workflow-runtime-v2","kernel.base.ui-runtime-v2","ui.base.runtime-react","ui.base.input-runtime","ui.base.admin-console","ui.base.terminal-console","ui.integration.retail-shell"]}
1856:04-22 06:37:56.060 I/assembly.kernel.base.runtime-shell-v2.application.KernelRuntimeAppV2( 7439): [runtime.load] completed module pre-setup {"moduleName":"kernel.base.tdp-sync-runtime-v2","packageVersion":"0.0.1","dependencies":["kernel.base.tcp-control-runtime-v2"],"stateSliceNames":["kernel.base.tdp-sync-runtime-v2.session","kernel.base.tdp-sync-runtime-v2.sync","kernel.base.tdp-sync-runtime-v2.projection","kernel.base.tdp-sync-runtime-v2.command-inbox","kernel.base.tdp-sync-runtime-v2.control-signals","kernel.base.tdp-sync-runtime-v2.hot-update"],"commandNames":["kernel.base.tdp-sync-runtime-v2.bootstrap-tdp-sync","kernel.base.tdp-sync-runtime-v2.bootstrap-tdp-sync-succeeded","kernel.base.tdp-sync-runtime-v2.connect-tdp-session","kernel.base.tdp-sync-runtime-v2.disconnect-tdp-session","kernel.base.tdp-sync-runtime-v2.acknowledge-cursor","kernel.base.tdp-sync-runtime-v2.report-applied-cursor","kernel.base.tdp-sync-runtime-v2.send-ping","kernel.base.tdp-sync-runtime-v2.record-user-operation","kernel.base.tdp-sync-runtime-v2.topic-data-changed","kernel.base.tdp-sync-runtime-v2.recompute-resolved-topic-changes","kernel.base.tdp-sync-runtime-v2.snapshot-loaded","kernel.base.tdp-sync-runtime-v2.changes-loaded","kernel.base.tdp-sync-runtime-v2.projection-received","kernel.base.tdp-sync-runtime-v2.projection-batch-received","kernel.base.tdp-sync-runtime-v2.command-delivered","kernel.base.tdp-sync-runtime-v2.session-ready","kernel.base.tdp-sync-runtime-v2.pong-received","kernel.base.tdp-sync-runtime-v2.edge-degraded","kernel.base.tdp-sync-runtime-v2.session-rehome-required","kernel.base.tdp-sync-runtime-v2.protocol-failed","kernel.base.tdp-sync-runtime-v2.message-received"],"actorKeys":["kernel.base.tdp-sync-runtime-v2.TdpInitializeActor","kernel.base.tdp-sync-runtime-v2.TdpAutoConnectActor","kernel.base.tdp-sync-runtime-v2.TdpBootstrapActor","kernel.base.tdp-sync-runtime-v2.TdpSessionConnectionActor","kernel.base.tdp-sync-runtime-v2.TdpMessageActor","kernel.base.tdp-sync-runtime-v2.TdpProjectionRepositoryActor","kernel.base.tdp-sync-runtime-v2.TdpCursorFeedbackActor","kernel.base.tdp-sync-runtime-v2.TdpCommandInboxActor","kernel.base.tdp-sync-runtime-v2.TdpCommandAckActor","kernel.base.tdp-sync-runtime-v2.TdpSessionStateActor","kernel.base.tdp-sync-runtime-v2.TdpTopicChangeActor","kernel.base.tdp-sync-runtime-v2.TdpSystemCatalogBridgeActor","kernel.base.tdp-sync-runtime-v2.TdpUserOperationActor"],"errorKeys":["kernel.base.tdp-sync-runtime-v2.credential_missing","kernel.base.tdp-sync-runtime-v2.handshake_failed","kernel.base.tdp-sync-runtime-v2.protocol_error","kernel.base.tdp-sync-runtime-v2.projection_apply_failed","kernel.base.tdp-sync-runtime-v2.assembly_required"],"parameterKeys":["kernel.base.tdp-sync-runtime-v2.ping-interval-ms","kernel.base.tdp-sync-runtime-v2.reconnect-interval-ms","kernel.base.tdp-sync-runtime-v2.reconnect-attempts","kernel.base.tdp-sync-runtime-v2.connection-timeout-ms","kernel.base.tdp-sync-runtime-v2.heartbeat-timeout-ms","kernel.base.tdp-sync-runtime-v2.hot-update-idle-threshold-ms"],"hasInstall":true,"hasPreSetup":true}
1857:04-22 06:37:56.060 I/assembly.assembly.android.mixc-retail-rn84( 7439): [runtime.load] pre-setup kernel.base.workflow-runtime-v2 {"moduleName":"kernel.base.workflow-runtime-v2","runtimeNodeId":"master:ZJ63NQELD9","knownModules":["assembly.android.mixc-retail-rn84","kernel.base.topology-runtime-v3","kernel.base.tcp-control-runtime-v2","kernel.base.tdp-sync-runtime-v2","kernel.base.workflow-runtime-v2","kernel.base.ui-runtime-v2","ui.base.runtime-react","ui.base.input-runtime","ui.base.admin-console","ui.base.terminal-console","ui.integration.retail-shell"]}
1859:04-22 06:37:56.064 I/assembly.assembly.android.mixc-retail-rn84( 7439): [runtime.load] pre-setup kernel.base.ui-runtime-v2 {"moduleName":"kernel.base.ui-runtime-v2","runtimeNodeId":"master:ZJ63NQELD9","knownModules":["assembly.android.mixc-retail-rn84","kernel.base.topology-runtime-v3","kernel.base.tcp-control-runtime-v2","kernel.base.tdp-sync-runtime-v2","kernel.base.workflow-runtime-v2","kernel.base.ui-runtime-v2","ui.base.runtime-react","ui.base.input-runtime","ui.base.admin-console","ui.base.terminal-console","ui.integration.retail-shell"]}
1861:04-22 06:37:56.065 I/assembly.assembly.android.mixc-retail-rn84( 7439): [runtime.load] pre-setup ui.base.runtime-react {"moduleName":"ui.base.runtime-react","runtimeNodeId":"master:ZJ63NQELD9","knownModules":["assembly.android.mixc-retail-rn84","kernel.base.topology-runtime-v3","kernel.base.tcp-control-runtime-v2","kernel.base.tdp-sync-runtime-v2","kernel.base.workflow-runtime-v2","kernel.base.ui-runtime-v2","ui.base.runtime-react","ui.base.input-runtime","ui.base.admin-console","ui.base.terminal-console","ui.integration.retail-shell"]}
1863:04-22 06:37:56.065 I/assembly.assembly.android.mixc-retail-rn84( 7439): [runtime.load] pre-setup ui.base.input-runtime {"moduleName":"ui.base.input-runtime","runtimeNodeId":"master:ZJ63NQELD9","knownModules":["assembly.android.mixc-retail-rn84","kernel.base.topology-runtime-v3","kernel.base.tcp-control-runtime-v2","kernel.base.tdp-sync-runtime-v2","kernel.base.workflow-runtime-v2","kernel.base.ui-runtime-v2","ui.base.runtime-react","ui.base.input-runtime","ui.base.admin-console","ui.base.terminal-console","ui.integration.retail-shell"]}
1865:04-22 06:37:56.065 I/assembly.assembly.android.mixc-retail-rn84( 7439): [runtime.load] pre-setup ui.base.admin-console {"moduleName":"ui.base.admin-console","runtimeNodeId":"master:ZJ63NQELD9","knownModules":["assembly.android.mixc-retail-rn84","kernel.base.topology-runtime-v3","kernel.base.tcp-control-runtime-v2","kernel.base.tdp-sync-runtime-v2","kernel.base.workflow-runtime-v2","kernel.base.ui-runtime-v2","ui.base.runtime-react","ui.base.input-runtime","ui.base.admin-console","ui.base.terminal-console","ui.integration.retail-shell"]}
1866:04-22 06:37:56.065 I/assembly.kernel.base.runtime-shell-v2.application.KernelRuntimeAppV2( 7439): [runtime.load] completed module pre-setup {"moduleName":"ui.base.admin-console","packageVersion":"0.0.1","dependencies":[],"stateSliceNames":["ui.base.admin-console.console"],"commandNames":["ui.base.admin-console.scan-and-import-topology-master"],"actorKeys":["ui.base.admin-console.AdminTopologyActor"],"errorKeys":[],"parameterKeys":[],"hasInstall":true,"hasPreSetup":true}
1867:04-22 06:37:56.066 I/assembly.assembly.android.mixc-retail-rn84( 7439): [runtime.load] pre-setup ui.base.terminal-console {"moduleName":"ui.base.terminal-console","runtimeNodeId":"master:ZJ63NQELD9","knownModules":["assembly.android.mixc-retail-rn84","kernel.base.topology-runtime-v3","kernel.base.tcp-control-runtime-v2","kernel.base.tdp-sync-runtime-v2","kernel.base.workflow-runtime-v2","kernel.base.ui-runtime-v2","ui.base.runtime-react","ui.base.input-runtime","ui.base.admin-console","ui.base.terminal-console","ui.integration.retail-shell"]}
1869:04-22 06:37:56.066 I/assembly.assembly.android.mixc-retail-rn84( 7439): [runtime.load] pre-setup ui.integration.retail-shell {"moduleName":"ui.integration.retail-shell","runtimeNodeId":"master:ZJ63NQELD9","knownModules":["assembly.android.mixc-retail-rn84","kernel.base.topology-runtime-v3","kernel.base.tcp-control-runtime-v2","kernel.base.tdp-sync-runtime-v2","kernel.base.workflow-runtime-v2","kernel.base.ui-runtime-v2","ui.base.runtime-react","ui.base.input-runtime","ui.base.admin-console","ui.base.terminal-console","ui.integration.retail-shell"]}
1872:04-22 06:37:56.067 I/assembly.assembly.android.mixc-retail-rn84( 7439): [runtime.load] start runtime-shell-v2 {"runtimeId":"run_mo97fsnr_p00ntgpbl19yzwgg","localNodeId":"master:ZJ63NQELD9","modules":["kernel.base.runtime-shell-v2","assembly.android.mixc-retail-rn84","kernel.base.topology-runtime-v3","kernel.base.tcp-control-runtime-v2","kernel.base.tdp-sync-runtime-v2","kernel.base.workflow-runtime-v2","kernel.base.ui-runtime-v2","ui.base.runtime-react","ui.base.input-runtime","ui.base.admin-console","ui.base.terminal-console","ui.integration.retail-shell"],"actorCount":80}
1900:04-22 06:37:56.084 I/assembly.assembly.android.mixc-retail-rn84( 7439): [assembly.topology] Create assembly topology socket binding {"displayIndex":0,"role":"master","localNodeId":"master:ZJ63NQELD9","resolvedPathTemplate":"/ws"}
1901:04-22 06:37:56.084 I/assembly.assembly.android.mixc-retail-rn84( 7439): [runtime.load] install kernel.base.topology-runtime-v3 {"moduleName":"kernel.base.topology-runtime-v3","stateSlices":["kernel.base.topology-runtime-v3.config","kernel.base.topology-runtime-v3.context","kernel.base.topology-runtime-v3.connection","kernel.base.topology-runtime-v3.peer","kernel.base.topology-runtime-v3.sync","kernel.base.topology-runtime-v3.request-mirror","kernel.base.topology-runtime-v3.demo.master","kernel.base.topology-runtime-v3.demo.slave"],"commandNames":["kernel.base.topology-runtime-v3.set-instance-mode","kernel.base.topology-runtime-v3.set-display-mode","kernel.base.topology-runtime-v3.set-enable-slave","kernel.base.topology-runtime-v3.set-master-locator","kernel.base.topology-runtime-v3.clear-master-locator","kernel.base.topology-runtime-v3.refresh-topology-context","kernel.base.topology-runtime-v3.start-topology-connection","kernel.base.topology-runtime-v3.stop-topology-connection","kernel.base.topology-runtime-v3.restart-topology-connection","kernel.base.topology-runtime-v3.upsert-demo-master-entry","kernel.base.topology-runtime-v3.remove-demo-master-entry","kernel.base.topology-runtime-v3.reset-demo-master-state","kernel.base.topology-runtime-v3.upsert-demo-slave-entry","kernel.base.topology-runtime-v3.remove-demo-slave-entry","kernel.base.topology-runtime-v3.reset-demo-slave-state"]}
1903:04-22 06:37:56.086 I/assembly.assembly.android.mixc-retail-rn84( 7439): [runtime.load] install kernel.base.tdp-sync-runtime-v2 {"moduleName":"kernel.base.tdp-sync-runtime-v2","stateSlices":["kernel.base.tdp-sync-runtime-v2.session","kernel.base.tdp-sync-runtime-v2.sync","kernel.base.tdp-sync-runtime-v2.projection","kernel.base.tdp-sync-runtime-v2.command-inbox","kernel.base.tdp-sync-runtime-v2.control-signals","kernel.base.tdp-sync-runtime-v2.hot-update"],"commandNames":["kernel.base.tdp-sync-runtime-v2.bootstrap-tdp-sync","kernel.base.tdp-sync-runtime-v2.bootstrap-tdp-sync-succeeded","kernel.base.tdp-sync-runtime-v2.connect-tdp-session","kernel.base.tdp-sync-runtime-v2.disconnect-tdp-session","kernel.base.tdp-sync-runtime-v2.acknowledge-cursor","kernel.base.tdp-sync-runtime-v2.report-applied-cursor","kernel.base.tdp-sync-runtime-v2.send-ping","kernel.base.tdp-sync-runtime-v2.record-user-operation","kernel.base.tdp-sync-runtime-v2.topic-data-changed","kernel.base.tdp-sync-runtime-v2.recompute-resolved-topic-changes","kernel.base.tdp-sync-runtime-v2.snapshot-loaded","kernel.base.tdp-sync-runtime-v2.changes-loaded","kernel.base.tdp-sync-runtime-v2.projection-received","kernel.base.tdp-sync-runtime-v2.projection-batch-received","kernel.base.tdp-sync-runtime-v2.command-delivered","kernel.base.tdp-sync-runtime-v2.session-ready","kernel.base.tdp-sync-runtime-v2.pong-received","kernel.base.tdp-sync-runtime-v2.edge-degraded","kernel.base.tdp-sync-runtime-v2.session-rehome-required","kernel.base.tdp-sync-runtime-v2.protocol-failed","kernel.base.tdp-sync-runtime-v2.message-received"],"hasAssembly":true}
1922:04-22 06:37:56.095 I/ReactNativeJS( 7439): '[tcp-bootstrap-state-written]', '{"nodeId":"master:ZJ63NQELD9","runtimeId":"run_mo97fsnr_p00ntgpbl19yzwgg","displayIndex":0,"requestId":"req_mo97fsou_lz5z4pqjt70sogb4","commandId":"cmd_mo97fsov_n552pa45axqcc6rh","nextDeviceFingerprint":"ZJ63NQELD9","nextDeviceInfo":{"id":"ZJ63NQELD9","model":"Mixc Retail Android RN84"},"previousIdentity":{"activationStatus":"UNACTIVATED"}}'
1924:04-22 06:37:56.099 I/assembly.kernel.base.runtime-shell-v2.application.KernelRuntimeAppV2( 7439): [runtime.load] kernel runtime app v2 started {"runtimeName":"assembly.android.mixc-retail-rn84","moduleDescriptors":[{"moduleName":"assembly.android.mixc-retail-rn84","packageVersion":"1.0.0","dependencies":[],"stateSliceNames":[],"commandNames":[],"actorKeys":["assembly.android.mixc-retail-rn84.AssemblyRuntimeInitializeActor"],"errorKeys":[],"parameterKeys":[],"hasInstall":true,"hasPreSetup":true},{"moduleName":"kernel.base.topology-runtime-v3","packageVersion":"0.0.1","dependencies":[],"stateSliceNames":["kernel.base.topology-runtime-v3.config","kernel.base.topology-runtime-v3.context","kernel.base.topology-runtime-v3.connection","kernel.base.topology-runtime-v3.peer","kernel.base.topology-runtime-v3.sync","kernel.base.topology-runtime-v3.request-mirror","kernel.base.topology-runtime-v3.demo.master","kernel.base.topology-runtime-v3.demo.slave"],"commandNames":["kernel.base.topology-runtime-v3.set-instance-mode","kernel.base.topology-runtime-v3.set-display-mode","kernel.base.topology-runtime-v3.set-enable-slave","kernel.base.topology-runtime-v3.set-master-locator","kernel.base.topology-runtime-v3.clear-master-locator","kernel.base.topology-runtime-v3.refresh-topology-context","kernel.base.topology-runtime-v3.start-topology-connection","kernel.base.topology-runtime-v3.stop-topology-connection","kernel.base.topology-runtime-v3.restart-topology-connection","kernel.base.topology-runtime-v3.upsert-demo-master-entry","kernel.base.topology-runtime-v3.remove-demo-master-entry","kernel.base.topology-runtime-v3.reset-demo-master-state","kernel.base.topology-runtime-v3.upsert-demo-slave-entry","kernel.base.topology-runtime-v3.remove-demo-slave-entry","kernel.base.topology-runtime-v3.reset-demo-slave-state"],"actorKeys":["kernel.base.topology-runtime-v3.TopologyContextActor","kernel.base.topology-runtime-v3.TopologyConnectionActor","kernel.base.topology-runtime-v3.TopologyDemoSyncActor"],"errorKeys":["kernel.base.topology-runtime-v3.display_context_required","kernel.base.topology-runtime-v3.orchestrator_required","kernel.base.topology-runtime-v3.socket_binding_required","kernel.base.topology-runtime-v3.hello_runtime_required","kernel.base.topology-runtime-v3.action_not_allowed"],"parameterKeys":["kernel.base.topology-runtime-v3.reconnect-interval-ms"],"hasInstall":true,"hasPreSetup":true},{"moduleName":"kernel.base.tcp-control-runtime-v2","packageVersion":"0.0.1","dependencies":[],"stateSliceNames":["kernel.base.tcp-control-runtime-v2.identity","kernel.base.tcp-control-runtime-v2.credential","kernel.base.tcp-control-runtime-v2.binding","kernel.base.tcp-control-runtime-v2.sandbox","kernel.base.tcp-control-runtime-v2.runtime"],"commandNames":["kernel.base.tcp-control-runtime-v2.bootstrap-tcp-control","kernel.base.tcp-control-runtime-v2.bootstrap-tcp-control-succeeded","kernel.base.tcp-control-runtime-v2.activate-terminal","kernel.base.tcp-control-runtime-v2.activate-terminal-succeeded","kernel.base.tcp-control-runtime-v2.refresh-credential","kernel.base.tcp-control-runtime-v2.credential-refreshed","kernel.base.tcp-control-runtime-v2.deactivate-terminal","kernel.base.tcp-control-runtime-v2.deactivate-terminal-succeeded","kernel.base.tcp-control-runtime-v2.report-task-result","kernel.base.tcp-control-runtime-v2.task-result-reported","kernel.base.tcp-control-runtime-v2.reset-tcp-control"],"actorKeys":["kernel.base.tcp-control-runtime-v2.TcpBootstrapActor","kernel.base.tcp-control-runtime-v2.TcpActivationActor","kernel.base.tcp-control-runtime-v2.TcpCredentialActor","kernel.base.tcp-control-runtime-v2.TcpDeactivationActor","kernel.base.tcp-control-runtime-v2.TcpTaskReportActor","kernel.base.tcp-control-runtime-v2.TcpStateMutationActor"],"errorKeys":["kernel.base.tcp-control-runtime-v2.activation_code_invalid","kernel.base.tcp-control-runtime-v2.activation_failed","kernel.base.tcp-control-runtime-v2.credential_missing","kernel.base.tcp-control-runtime-v2.credential_expired","kernel.base.tcp-control-runtime-v2.refresh_failed","kernel.base.tcp
1939:04-22 06:37:56.116 I/assembly.assembly.android.mixc-retail-rn84( 7439): [assembly.topology] Native topology host already matches desired lifecycle state {"displayCount":1,"displayIndex":0,"deviceId":"ZJ63NQELD9","instanceMode":"MASTER","enableSlave":false,"running":false,"reason":"not-master-or-single-primary-host"}
1940:04-22 06:37:56.117 I/assembly.android.mixc-retail-rn84.boot( 7439): {"stage":"automation.host:start","displayIndex":0,"displayCount":1,"target":"primary","host":"127.0.0.1","port":18584,"generation":"automation-host-2-36533657616795"}
1960:04-22 06:37:56.149 I/StartupAudit( 7439): app_load_complete displayIndex=0 pid=7439 time=2026-04-22 06:37:56.149
1961:04-22 06:37:56.149 I/StartupAudit( 7439): secondary_launch_scheduled pid=7439 time=2026-04-22 06:37:56.149
2045:04-22 06:37:58.119 W/BestClock(  683): java.time.DateTimeException: No network time available
2046:04-22 06:37:58.119 W/BestClock(  683): java.time.DateTimeException: No network time available
2047:04-22 06:37:58.119 W/BestClock(  683): java.time.DateTimeException: No network time available
2048:04-22 06:37:58.119 W/BestClock(  683): java.time.DateTimeException: No network time available
2049:04-22 06:37:58.119 W/BestClock(  683): java.time.DateTimeException: No network time available
2072:04-22 06:38:01.122 W/BestClock(  683): java.time.DateTimeException: No network time available
2073:04-22 06:38:01.122 W/BestClock(  683): java.time.DateTimeException: No network time available
2074:04-22 06:38:01.122 W/BestClock(  683): java.time.DateTimeException: No network time available
2075:04-22 06:38:01.124 W/BestClock(  683): java.time.DateTimeException: No network time available
2076:04-22 06:38:01.124 W/BestClock(  683): java.time.DateTimeException: No network time available
2100:04-22 06:38:04.128 W/BestClock(  683): java.time.DateTimeException: No network time available
2101:04-22 06:38:04.128 W/BestClock(  683): java.time.DateTimeException: No network time available
2102:04-22 06:38:04.128 W/BestClock(  683): java.time.DateTimeException: No network time available
2103:04-22 06:38:04.128 W/BestClock(  683): java.time.DateTimeException: No network time available
2104:04-22 06:38:04.128 W/BestClock(  683): java.time.DateTimeException: No network time available
2133:04-22 06:38:07.137 W/BestClock(  683): java.time.DateTimeException: No network time available
2134:04-22 06:38:07.137 W/BestClock(  683): java.time.DateTimeException: No network time available
2135:04-22 06:38:07.137 W/BestClock(  683): java.time.DateTimeException: No network time available
2136:04-22 06:38:07.137 W/BestClock(  683): java.time.DateTimeException: No network time available
2137:04-22 06:38:07.137 W/BestClock(  683): java.time.DateTimeException: No network time available
2195:04-22 06:38:10.145 W/BestClock(  683): java.time.DateTimeException: No network time available
2196:04-22 06:38:10.146 W/BestClock(  683): java.time.DateTimeException: No network time available
2197:04-22 06:38:10.146 W/BestClock(  683): java.time.DateTimeException: No network time available
2198:04-22 06:38:10.146 W/BestClock(  683): java.time.DateTimeException: No network time available
2199:04-22 06:38:10.146 W/BestClock(  683): java.time.DateTimeException: No network time available
2234:04-22 06:38:13.153 W/BestClock(  683): java.time.DateTimeException: No network time available
2235:04-22 06:38:13.154 W/BestClock(  683): java.time.DateTimeException: No network time available
2236:04-22 06:38:13.154 W/BestClock(  683): java.time.DateTimeException: No network time available
2237:04-22 06:38:13.154 W/BestClock(  683): java.time.DateTimeException: No network time available
2238:04-22 06:38:13.154 W/BestClock(  683): java.time.DateTimeException: No network time available
2261:04-22 06:38:16.162 W/BestClock(  683): java.time.DateTimeException: No network time available
2262:04-22 06:38:16.163 W/BestClock(  683): java.time.DateTimeException: No network time available
2263:04-22 06:38:16.163 W/BestClock(  683): java.time.DateTimeException: No network time available
2264:04-22 06:38:16.163 W/BestClock(  683): java.time.DateTimeException: No network time available
2265:04-22 06:38:16.163 W/BestClock(  683): java.time.DateTimeException: No network time available
2288:04-22 06:38:19.169 W/BestClock(  683): java.time.DateTimeException: No network time available
2289:04-22 06:38:19.169 W/BestClock(  683): java.time.DateTimeException: No network time available
2290:04-22 06:38:19.169 W/BestClock(  683): java.time.DateTimeException: No network time available
2291:04-22 06:38:19.169 W/BestClock(  683): java.time.DateTimeException: No network time available
2292:04-22 06:38:19.169 W/BestClock(  683): java.time.DateTimeException: No network time available
2309:04-22 06:38:20.565 D/NetworkMonitor/101( 1052): PROBE_HTTPS https://www.google.com/generate_204 Probe failed with exception javax.net.ssl.SSLHandshakeException: connection closed
2337:04-22 06:38:22.174 W/BestClock(  683): java.time.DateTimeException: No network time available
2338:04-22 06:38:22.174 W/BestClock(  683): java.time.DateTimeException: No network time available
2339:04-22 06:38:22.174 W/BestClock(  683): java.time.DateTimeException: No network time available
2340:04-22 06:38:22.174 W/BestClock(  683): java.time.DateTimeException: No network time available
2341:04-22 06:38:22.174 W/BestClock(  683): java.time.DateTimeException: No network time available
2374:04-22 06:38:25.180 W/BestClock(  683): java.time.DateTimeException: No network time available
2375:04-22 06:38:25.181 W/BestClock(  683): java.time.DateTimeException: No network time available
2376:04-22 06:38:25.181 W/BestClock(  683): java.time.DateTimeException: No network time available
2377:04-22 06:38:25.181 W/BestClock(  683): java.time.DateTimeException: No network time available
2378:04-22 06:38:25.181 W/BestClock(  683): java.time.DateTimeException: No network time available
2395:04-22 06:38:28.190 W/BestClock(  683): java.time.DateTimeException: No network time available
2396:04-22 06:38:28.190 W/BestClock(  683): java.time.DateTimeException: No network time available
2397:04-22 06:38:28.190 W/BestClock(  683): java.time.DateTimeException: No network time available
2398:04-22 06:38:28.190 W/BestClock(  683): java.time.DateTimeException: No network time available
2399:04-22 06:38:28.190 W/BestClock(  683): java.time.DateTimeException: No network time available
2417:04-22 06:38:31.196 W/BestClock(  683): java.time.DateTimeException: No network time available
2418:04-22 06:38:31.197 W/BestClock(  683): java.time.DateTimeException: No network time available
2419:04-22 06:38:31.197 W/BestClock(  683): java.time.DateTimeException: No network time available
2420:04-22 06:38:31.197 W/BestClock(  683): java.time.DateTimeException: No network time available
2421:04-22 06:38:31.197 W/BestClock(  683): java.time.DateTimeException: No network time available
2442:04-22 06:38:32.585 D/NetworkMonitor/101( 1052): PROBE_HTTPS https://www.google.com/generate_204 Probe failed with exception javax.net.ssl.SSLHandshakeException: connection closed
2445:04-22 06:38:34.204 W/BestClock(  683): java.time.DateTimeException: No network time available
2446:04-22 06:38:34.204 W/BestClock(  683): java.time.DateTimeException: No network time available
2447:04-22 06:38:34.204 W/BestClock(  683): java.time.DateTimeException: No network time available
2448:04-22 06:38:34.204 W/BestClock(  683): java.time.DateTimeException: No network time available
2449:04-22 06:38:34.204 W/BestClock(  683): java.time.DateTimeException: No network time available
