=== 安卓虚拟机端口映射设置 ===

✓ ADB 可用
使用来源: ANDROID_HOME (/Users/dexter/Library/Android/sdk)
Android Debug Bridge version 1.0.41

正在检查连接的设备...
✓ 找到 2 个设备:

  1. emulator-5554
  2. emulator-5556

正在为设备 emulator-5554 设置端口转发...
  ✓ React Native Metro: 8081 -> 8081
  ✓ Mock Terminal Platform: 5810 -> 5810
  ✓ Reactotron: 9090 -> 9090

完成: 3/3 个端口映射成功

当前端口转发规则:
host-18 tcp:8081 tcp:8081
host-18 tcp:5810 tcp:5810
host-18 tcp:9090 tcp:9090



正在为设备 emulator-5556 设置端口转发...
  ✓ React Native Metro: 8081 -> 8081
  ✓ Mock Terminal Platform: 5810 -> 5810
  ✓ Reactotron: 9090 -> 9090

完成: 3/3 个端口映射成功

当前端口转发规则:
host-16 tcp:8081 tcp:8081
host-16 tcp:5810 tcp:5810
host-16 tcp:9090 tcp:9090
host-16 tcp:18889 tcp:18889



=== 设置完成 ===

提示:
  - 端口转发在设备重启后会失效，需要重新运行此脚本
  - 使用 "yarn android:port-clear" 可以清除所有端口转发规则
