Mock Terminal Platform server listening on http://127.0.0.1:5810
3:04:32 PM [tsx] change in ./src/modules/tcp/service.ts Restarting...
cnode:events:486
      throw er; // Unhandled 'error' event
      ^

Error: listen EADDRINUSE: address already in use :::5810
    at Server.setupListenHandle [as _listen2] (node:net:1940:16)
    at listenInCluster (node:net:1997:12)
    at Server.listen (node:net:2102:7)
    at <anonymous> (/Users/dexter/Documents/workspace/idea/newPOSv1/0-mock-server/mock-terminal-platform/server/src/index.ts:10:8)
    at ModuleJob.run (node:internal/modules/esm/module_job:413:25)
    at async onImport.tracePromise.__proto__ (node:internal/modules/esm/loader:660:26)
    at async asyncRunEntryPointWithESMLoader (node:internal/modules/run_main:101:5)
Emitted 'error' event on Server instance at:
    at emitErrorNT (node:net:1976:8)
    at process.processTicksAndRejections (node:internal/process/task_queues:89:21) {
  code: 'EADDRINUSE',
  errno: -48,
  syscall: 'listen',
  address: '::',
  port: 5810
}

Node.js v24.13.0
6:31:48 PM [tsx] change in ./src/modules/admin/hotUpdateVersionReportService.ts Rerunning...
cnode:events:486
      throw er; // Unhandled 'error' event
      ^

Error: listen EADDRINUSE: address already in use :::5810
    at Server.setupListenHandle [as _listen2] (node:net:1940:16)
    at listenInCluster (node:net:1997:12)
    at Server.listen (node:net:2102:7)
    at <anonymous> (/Users/dexter/Documents/workspace/idea/newPOSv1/0-mock-server/mock-terminal-platform/server/src/index.ts:10:8)
    at ModuleJob.run (node:internal/modules/esm/module_job:413:25)
    at async onImport.tracePromise.__proto__ (node:internal/modules/esm/loader:660:26)
    at async asyncRunEntryPointWithESMLoader (node:internal/modules/run_main:101:5)
Emitted 'error' event on Server instance at:
    at emitErrorNT (node:net:1976:8)
    at process.processTicksAndRejections (node:internal/process/task_queues:89:21) {
  code: 'EADDRINUSE',
  errno: -48,
  syscall: 'listen',
  address: '::',
  port: 5810
}

Node.js v24.13.0
