2204:04-22 04:00:12.807 W/BestClock(  683): java.time.DateTimeException: No network time available
2205:04-22 04:00:12.807 W/BestClock(  683): java.time.DateTimeException: No network time available
2206:04-22 04:00:12.807 W/BestClock(  683): java.time.DateTimeException: No network time available
2231:04-22 04:00:15.408 D/NetworkMonitor/101( 1052): PROBE_HTTPS https://www.google.com/generate_204 Probe failed with exception javax.net.ssl.SSLHandshakeException: connection closed
2234:04-22 04:00:15.810 W/BestClock(  683): java.time.DateTimeException: No network time available
2235:04-22 04:00:15.810 W/BestClock(  683): java.time.DateTimeException: No network time available
2236:04-22 04:00:15.810 W/BestClock(  683): java.time.DateTimeException: No network time available
2237:04-22 04:00:15.810 W/BestClock(  683): java.time.DateTimeException: No network time available
2238:04-22 04:00:15.811 W/BestClock(  683): java.time.DateTimeException: No network time available
2273:04-22 04:00:18.817 W/BestClock(  683): java.time.DateTimeException: No network time available
2274:04-22 04:00:18.817 W/BestClock(  683): java.time.DateTimeException: No network time available
2275:04-22 04:00:18.817 W/BestClock(  683): java.time.DateTimeException: No network time available
2276:04-22 04:00:18.817 W/BestClock(  683): java.time.DateTimeException: No network time available
2277:04-22 04:00:18.817 W/BestClock(  683): java.time.DateTimeException: No network time available
2298:04-22 04:00:21.823 W/BestClock(  683): java.time.DateTimeException: No network time available
2299:04-22 04:00:21.824 W/BestClock(  683): java.time.DateTimeException: No network time available
2300:04-22 04:00:21.824 W/BestClock(  683): java.time.DateTimeException: No network time available
2301:04-22 04:00:21.824 W/BestClock(  683): java.time.DateTimeException: No network time available
2302:04-22 04:00:21.824 W/BestClock(  683): java.time.DateTimeException: No network time available
2339:04-22 04:00:24.830 W/BestClock(  683): java.time.DateTimeException: No network time available
2340:04-22 04:00:24.830 W/BestClock(  683): java.time.DateTimeException: No network time available
2341:04-22 04:00:24.830 W/BestClock(  683): java.time.DateTimeException: No network time available
2342:04-22 04:00:24.831 W/BestClock(  683): java.time.DateTimeException: No network time available
2343:04-22 04:00:24.831 W/BestClock(  683): java.time.DateTimeException: No network time available
2535:04-22 04:00:26.239 I/HotUpdateBundleResolver(29347): no_active_marker isPrimaryProcess=true pid=29347
2555:04-22 04:00:26.270 I/ReactNativeJS(29347): Running "MixcRetailAssemblyRN84"
2622:04-22 04:00:26.333 I/EmojiCompatManager( 1576): java.lang.IllegalStateException: EmojiCompat is not initialized. Please call EmojiCompat.init() first
2650:04-22 04:00:26.337 I/assembly.android.mixc-retail-rn84.boot(29347): {"stage":"resolve-topology:start","displayIndex":0,"displayCount":1}
2651:04-22 04:00:26.338 I/assembly.android.mixc-retail-rn84.boot(29347): {"stage":"resolve-topology:done","displayIndex":0,"displayCount":1}
2652:04-22 04:00:26.339 I/assembly.android.mixc-retail-rn84.boot(29347): {"stage":"create-app:start","displayIndex":0,"displayCount":1}
2654:04-22 04:00:26.350 I/assembly.kernel.base.runtime-shell-v2.state-runtime(29347): [runtime.load] load kernel.base.runtime-shell-v2 {"slices":["kernel.base.runtime-shell-v2.error-catalog","kernel.base.runtime-shell-v2.parameter-catalog","kernel.base.topology-runtime-v3.config","kernel.base.topology-runtime-v3.context","kernel.base.topology-runtime-v3.connection","kernel.base.topology-runtime-v3.peer","kernel.base.topology-runtime-v3.sync","kernel.base.topology-runtime-v3.request-mirror","kernel.base.topology-runtime-v3.demo.master","kernel.base.topology-runtime-v3.demo.slave","kernel.base.tcp-control-runtime-v2.identity","kernel.base.tcp-control-runtime-v2.credential","kernel.base.tcp-control-runtime-v2.binding","kernel.base.tcp-control-runtime-v2.sandbox","kernel.base.tcp-control-runtime-v2.runtime","kernel.base.tdp-sync-runtime-v2.session","kernel.base.tdp-sync-runtime-v2.sync","kernel.base.tdp-sync-runtime-v2.projection","kernel.base.tdp-sync-runtime-v2.command-inbox","kernel.base.tdp-sync-runtime-v2.control-signals","kernel.base.tdp-sync-runtime-v2.hot-update","kernel.base.workflow-runtime-v2.definitions","kernel.base.workflow-runtime-v2.observations","kernel.base.workflow-runtime-v2.queue","kernel.base.ui-runtime-v2.screen.main","kernel.base.ui-runtime-v2.screen.branch","kernel.base.ui-runtime-v2.overlay.main","kernel.base.ui-runtime-v2.overlay.branch","kernel.base.ui-runtime-v2.ui-variable.main","kernel.base.ui-runtime-v2.ui-variable.branch","ui.base.admin-console.console"],"persistableSlices":["kernel.base.runtime-shell-v2.error-catalog","kernel.base.runtime-shell-v2.parameter-catalog","kernel.base.topology-runtime-v3.config","kernel.base.tcp-control-runtime-v2.identity","kernel.base.tcp-control-runtime-v2.credential","kernel.base.tcp-control-runtime-v2.binding","kernel.base.tcp-control-runtime-v2.sandbox","kernel.base.tdp-sync-runtime-v2.sync","kernel.base.tdp-sync-runtime-v2.projection","kernel.base.tdp-sync-runtime-v2.hot-update","kernel.base.workflow-runtime-v2.definitions","kernel.base.ui-runtime-v2.screen.main","kernel.base.ui-runtime-v2.screen.branch","kernel.base.ui-runtime-v2.overlay.main","kernel.base.ui-runtime-v2.overlay.branch","kernel.base.ui-runtime-v2.ui-variable.main","kernel.base.ui-runtime-v2.ui-variable.branch","ui.base.admin-console.console"],"persistenceEnabled":true}
2655:04-22 04:00:26.351 I/assembly.android.mixc-retail-rn84.boot(29347): {"stage":"create-app:done","displayIndex":0,"displayCount":1}
2656:04-22 04:00:26.351 I/assembly.android.mixc-retail-rn84.boot(29347): {"stage":"runtime.start:start","displayIndex":0,"displayCount":1}
2657:04-22 04:00:26.351 I/assembly.kernel.base.runtime-shell-v2.application.KernelRuntimeAppV2(29347): [runtime.load] created kernel runtime app v2 {"runtimeName":"assembly.android.mixc-retail-rn84","runtimeId":"run_mo91t97w_yed1mdylq293pr9a","localNodeId":"master:ZJ63NQELD9","moduleNames":["assembly.android.mixc-retail-rn84","kernel.base.topology-runtime-v3","kernel.base.tcp-control-runtime-v2","kernel.base.tdp-sync-runtime-v2","kernel.base.workflow-runtime-v2","kernel.base.ui-runtime-v2","ui.base.runtime-react","ui.base.input-runtime","ui.base.admin-console","ui.base.terminal-console","ui.integration.retail-shell"]}
2658:04-22 04:00:26.351 I/assembly.kernel.base.runtime-shell-v2.application.KernelRuntimeAppV2(29347): [runtime.load] start kernel runtime app v2 pre-setup {"runtimeName":"assembly.android.mixc-retail-rn84","moduleNames":["assembly.android.mixc-retail-rn84","kernel.base.topology-runtime-v3","kernel.base.tcp-control-runtime-v2","kernel.base.tdp-sync-runtime-v2","kernel.base.workflow-runtime-v2","kernel.base.ui-runtime-v2","ui.base.runtime-react","ui.base.input-runtime","ui.base.admin-console","ui.base.terminal-console","ui.integration.retail-shell"]}
2659:04-22 04:00:26.351 I/assembly.assembly.android.mixc-retail-rn84(29347): [runtime.load] pre-setup assembly.android.mixc-retail-rn84 {"moduleName":"assembly.android.mixc-retail-rn84","runtimeNodeId":"master:ZJ63NQELD9","knownModules":["assembly.android.mixc-retail-rn84","kernel.base.topology-runtime-v3","kernel.base.tcp-control-runtime-v2","kernel.base.tdp-sync-runtime-v2","kernel.base.workflow-runtime-v2","kernel.base.ui-runtime-v2","ui.base.runtime-react","ui.base.input-runtime","ui.base.admin-console","ui.base.terminal-console","ui.integration.retail-shell"]}
2660:04-22 04:00:26.354 I/assembly.kernel.base.runtime-shell-v2.application.KernelRuntimeAppV2(29347): [runtime.load] completed module pre-setup {"moduleName":"assembly.android.mixc-retail-rn84","packageVersion":"1.0.0","dependencies":[],"stateSliceNames":[],"commandNames":[],"actorKeys":["assembly.android.mixc-retail-rn84.AssemblyRuntimeInitializeActor"],"errorKeys":[],"parameterKeys":[],"hasInstall":true,"hasPreSetup":true}
2661:04-22 04:00:26.355 I/assembly.assembly.android.mixc-retail-rn84(29347): [runtime.load] pre-setup kernel.base.topology-runtime-v3 {"moduleName":"kernel.base.topology-runtime-v3","runtimeNodeId":"master:ZJ63NQELD9","knownModules":["assembly.android.mixc-retail-rn84","kernel.base.topology-runtime-v3","kernel.base.tcp-control-runtime-v2","kernel.base.tdp-sync-runtime-v2","kernel.base.workflow-runtime-v2","kernel.base.ui-runtime-v2","ui.base.runtime-react","ui.base.input-runtime","ui.base.admin-console","ui.base.terminal-console","ui.integration.retail-shell"]}
2662:04-22 04:00:26.355 I/assembly.kernel.base.runtime-shell-v2.application.KernelRuntimeAppV2(29347): [runtime.load] completed module pre-setup {"moduleName":"kernel.base.topology-runtime-v3","packageVersion":"0.0.1","dependencies":[],"stateSliceNames":["kernel.base.topology-runtime-v3.config","kernel.base.topology-runtime-v3.context","kernel.base.topology-runtime-v3.connection","kernel.base.topology-runtime-v3.peer","kernel.base.topology-runtime-v3.sync","kernel.base.topology-runtime-v3.request-mirror","kernel.base.topology-runtime-v3.demo.master","kernel.base.topology-runtime-v3.demo.slave"],"commandNames":["kernel.base.topology-runtime-v3.set-instance-mode","kernel.base.topology-runtime-v3.set-display-mode","kernel.base.topology-runtime-v3.set-enable-slave","kernel.base.topology-runtime-v3.set-master-locator","kernel.base.topology-runtime-v3.clear-master-locator","kernel.base.topology-runtime-v3.refresh-topology-context","kernel.base.topology-runtime-v3.start-topology-connection","kernel.base.topology-runtime-v3.stop-topology-connection","kernel.base.topology-runtime-v3.restart-topology-connection","kernel.base.topology-runtime-v3.upsert-demo-master-entry","kernel.base.topology-runtime-v3.remove-demo-master-entry","kernel.base.topology-runtime-v3.reset-demo-master-state","kernel.base.topology-runtime-v3.upsert-demo-slave-entry","kernel.base.topology-runtime-v3.remove-demo-slave-entry","kernel.base.topology-runtime-v3.reset-demo-slave-state"],"actorKeys":["kernel.base.topology-runtime-v3.TopologyContextActor","kernel.base.topology-runtime-v3.TopologyConnectionActor","kernel.base.topology-runtime-v3.TopologyDemoSyncActor"],"errorKeys":["kernel.base.topology-runtime-v3.display_context_required","kernel.base.topology-runtime-v3.orchestrator_required","kernel.base.topology-runtime-v3.socket_binding_required","kernel.base.topology-runtime-v3.hello_runtime_required","kernel.base.topology-runtime-v3.action_not_allowed"],"parameterKeys":["kernel.base.topology-runtime-v3.reconnect-interval-ms"],"hasInstall":true,"hasPreSetup":true}
2663:04-22 04:00:26.355 I/assembly.assembly.android.mixc-retail-rn84(29347): [runtime.load] pre-setup kernel.base.tcp-control-runtime-v2 {"moduleName":"kernel.base.tcp-control-runtime-v2","runtimeNodeId":"master:ZJ63NQELD9","knownModules":["assembly.android.mixc-retail-rn84","kernel.base.topology-runtime-v3","kernel.base.tcp-control-runtime-v2","kernel.base.tdp-sync-runtime-v2","kernel.base.workflow-runtime-v2","kernel.base.ui-runtime-v2","ui.base.runtime-react","ui.base.input-runtime","ui.base.admin-console","ui.base.terminal-console","ui.integration.retail-shell"]}
2665:04-22 04:00:26.356 I/assembly.assembly.android.mixc-retail-rn84(29347): [runtime.load] pre-setup kernel.base.tdp-sync-runtime-v2 {"moduleName":"kernel.base.tdp-sync-runtime-v2","runtimeNodeId":"master:ZJ63NQELD9","knownModules":["assembly.android.mixc-retail-rn84","kernel.base.topology-runtime-v3","kernel.base.tcp-control-runtime-v2","kernel.base.tdp-sync-runtime-v2","kernel.base.workflow-runtime-v2","kernel.base.ui-runtime-v2","ui.base.runtime-react","ui.base.input-runtime","ui.base.admin-console","ui.base.terminal-console","ui.integration.retail-shell"]}
2667:04-22 04:00:26.356 I/assembly.assembly.android.mixc-retail-rn84(29347): [runtime.load] pre-setup kernel.base.workflow-runtime-v2 {"moduleName":"kernel.base.workflow-runtime-v2","runtimeNodeId":"master:ZJ63NQELD9","knownModules":["assembly.android.mixc-retail-rn84","kernel.base.topology-runtime-v3","kernel.base.tcp-control-runtime-v2","kernel.base.tdp-sync-runtime-v2","kernel.base.workflow-runtime-v2","kernel.base.ui-runtime-v2","ui.base.runtime-react","ui.base.input-runtime","ui.base.admin-console","ui.base.terminal-console","ui.integration.retail-shell"]}
2669:04-22 04:00:26.360 I/assembly.assembly.android.mixc-retail-rn84(29347): [runtime.load] pre-setup kernel.base.ui-runtime-v2 {"moduleName":"kernel.base.ui-runtime-v2","runtimeNodeId":"master:ZJ63NQELD9","knownModules":["assembly.android.mixc-retail-rn84","kernel.base.topology-runtime-v3","kernel.base.tcp-control-runtime-v2","kernel.base.tdp-sync-runtime-v2","kernel.base.workflow-runtime-v2","kernel.base.ui-runtime-v2","ui.base.runtime-react","ui.base.input-runtime","ui.base.admin-console","ui.base.terminal-console","ui.integration.retail-shell"]}
2671:04-22 04:00:26.362 I/assembly.assembly.android.mixc-retail-rn84(29347): [runtime.load] pre-setup ui.base.runtime-react {"moduleName":"ui.base.runtime-react","runtimeNodeId":"master:ZJ63NQELD9","knownModules":["assembly.android.mixc-retail-rn84","kernel.base.topology-runtime-v3","kernel.base.tcp-control-runtime-v2","kernel.base.tdp-sync-runtime-v2","kernel.base.workflow-runtime-v2","kernel.base.ui-runtime-v2","ui.base.runtime-react","ui.base.input-runtime","ui.base.admin-console","ui.base.terminal-console","ui.integration.retail-shell"]}
2673:04-22 04:00:26.362 I/assembly.assembly.android.mixc-retail-rn84(29347): [runtime.load] pre-setup ui.base.input-runtime {"moduleName":"ui.base.input-runtime","runtimeNodeId":"master:ZJ63NQELD9","knownModules":["assembly.android.mixc-retail-rn84","kernel.base.topology-runtime-v3","kernel.base.tcp-control-runtime-v2","kernel.base.tdp-sync-runtime-v2","kernel.base.workflow-runtime-v2","kernel.base.ui-runtime-v2","ui.base.runtime-react","ui.base.input-runtime","ui.base.admin-console","ui.base.terminal-console","ui.integration.retail-shell"]}
2675:04-22 04:00:26.365 I/assembly.assembly.android.mixc-retail-rn84(29347): [runtime.load] pre-setup ui.base.admin-console {"moduleName":"ui.base.admin-console","runtimeNodeId":"master:ZJ63NQELD9","knownModules":["assembly.android.mixc-retail-rn84","kernel.base.topology-runtime-v3","kernel.base.tcp-control-runtime-v2","kernel.base.tdp-sync-runtime-v2","kernel.base.workflow-runtime-v2","kernel.base.ui-runtime-v2","ui.base.runtime-react","ui.base.input-runtime","ui.base.admin-console","ui.base.terminal-console","ui.integration.retail-shell"]}
2676:04-22 04:00:26.365 I/assembly.kernel.base.runtime-shell-v2.application.KernelRuntimeAppV2(29347): [runtime.load] completed module pre-setup {"moduleName":"ui.base.admin-console","packageVersion":"0.0.1","dependencies":[],"stateSliceNames":["ui.base.admin-console.console"],"commandNames":["ui.base.admin-console.scan-and-import-topology-master"],"actorKeys":["ui.base.admin-console.AdminTopologyActor"],"errorKeys":[],"parameterKeys":[],"hasInstall":true,"hasPreSetup":true}
2677:04-22 04:00:26.366 I/assembly.assembly.android.mixc-retail-rn84(29347): [runtime.load] pre-setup ui.base.terminal-console {"moduleName":"ui.base.terminal-console","runtimeNodeId":"master:ZJ63NQELD9","knownModules":["assembly.android.mixc-retail-rn84","kernel.base.topology-runtime-v3","kernel.base.tcp-control-runtime-v2","kernel.base.tdp-sync-runtime-v2","kernel.base.workflow-runtime-v2","kernel.base.ui-runtime-v2","ui.base.runtime-react","ui.base.input-runtime","ui.base.admin-console","ui.base.terminal-console","ui.integration.retail-shell"]}
2679:04-22 04:00:26.366 I/assembly.assembly.android.mixc-retail-rn84(29347): [runtime.load] pre-setup ui.integration.retail-shell {"moduleName":"ui.integration.retail-shell","runtimeNodeId":"master:ZJ63NQELD9","knownModules":["assembly.android.mixc-retail-rn84","kernel.base.topology-runtime-v3","kernel.base.tcp-control-runtime-v2","kernel.base.tdp-sync-runtime-v2","kernel.base.workflow-runtime-v2","kernel.base.ui-runtime-v2","ui.base.runtime-react","ui.base.input-runtime","ui.base.admin-console","ui.base.terminal-console","ui.integration.retail-shell"]}
2681:04-22 04:00:26.367 I/assembly.kernel.base.runtime-shell-v2.application.KernelRuntimeAppV2(29347): [runtime.load] start kernel runtime app v2 runtime {"runtimeName":"assembly.android.mixc-retail-rn84","runtimeId":"run_mo91t97w_yed1mdylq293pr9a","localNodeId":"master:ZJ63NQELD9","moduleCount":11}
2682:04-22 04:00:26.367 I/assembly.assembly.android.mixc-retail-rn84(29347): [runtime.load] start runtime-shell-v2 {"runtimeId":"run_mo91t97w_yed1mdylq293pr9a","localNodeId":"master:ZJ63NQELD9","modules":["kernel.base.runtime-shell-v2","assembly.android.mixc-retail-rn84","kernel.base.topology-runtime-v3","kernel.base.tcp-control-runtime-v2","kernel.base.tdp-sync-runtime-v2","kernel.base.workflow-runtime-v2","kernel.base.ui-runtime-v2","ui.base.runtime-react","ui.base.input-runtime","ui.base.admin-console","ui.base.terminal-console","ui.integration.retail-shell"],"actorCount":80}
2709:04-22 04:00:26.386 I/assembly.assembly.android.mixc-retail-rn84(29347): [runtime.load] install assembly.android.mixc-retail-rn84 {"moduleName":"assembly.android.mixc-retail-rn84","displayIndex":0,"displayCount":1}
2710:04-22 04:00:26.388 I/assembly.assembly.android.mixc-retail-rn84(29347): [assembly.topology] Create assembly topology socket binding {"displayIndex":0,"role":"master","localNodeId":"master:ZJ63NQELD9","resolvedPathTemplate":"/ws"}
2711:04-22 04:00:26.388 I/assembly.assembly.android.mixc-retail-rn84(29347): [runtime.load] install kernel.base.topology-runtime-v3 {"moduleName":"kernel.base.topology-runtime-v3","stateSlices":["kernel.base.topology-runtime-v3.config","kernel.base.topology-runtime-v3.context","kernel.base.topology-runtime-v3.connection","kernel.base.topology-runtime-v3.peer","kernel.base.topology-runtime-v3.sync","kernel.base.topology-runtime-v3.request-mirror","kernel.base.topology-runtime-v3.demo.master","kernel.base.topology-runtime-v3.demo.slave"],"commandNames":["kernel.base.topology-runtime-v3.set-instance-mode","kernel.base.topology-runtime-v3.set-display-mode","kernel.base.topology-runtime-v3.set-enable-slave","kernel.base.topology-runtime-v3.set-master-locator","kernel.base.topology-runtime-v3.clear-master-locator","kernel.base.topology-runtime-v3.refresh-topology-context","kernel.base.topology-runtime-v3.start-topology-connection","kernel.base.topology-runtime-v3.stop-topology-connection","kernel.base.topology-runtime-v3.restart-topology-connection","kernel.base.topology-runtime-v3.upsert-demo-master-entry","kernel.base.topology-runtime-v3.remove-demo-master-entry","kernel.base.topology-runtime-v3.reset-demo-master-state","kernel.base.topology-runtime-v3.upsert-demo-slave-entry","kernel.base.topology-runtime-v3.remove-demo-slave-entry","kernel.base.topology-runtime-v3.reset-demo-slave-state"]}
2712:04-22 04:00:26.388 I/assembly.assembly.android.mixc-retail-rn84(29347): [runtime.load] install kernel.base.tcp-control-runtime-v2 {"moduleName":"kernel.base.tcp-control-runtime-v2","stateSlices":["kernel.base.tcp-control-runtime-v2.identity","kernel.base.tcp-control-runtime-v2.credential","kernel.base.tcp-control-runtime-v2.binding","kernel.base.tcp-control-runtime-v2.sandbox","kernel.base.tcp-control-runtime-v2.runtime"],"commandNames":["kernel.base.tcp-control-runtime-v2.bootstrap-tcp-control","kernel.base.tcp-control-runtime-v2.bootstrap-tcp-control-succeeded","kernel.base.tcp-control-runtime-v2.activate-terminal","kernel.base.tcp-control-runtime-v2.activate-terminal-succeeded","kernel.base.tcp-control-runtime-v2.refresh-credential","kernel.base.tcp-control-runtime-v2.credential-refreshed","kernel.base.tcp-control-runtime-v2.deactivate-terminal","kernel.base.tcp-control-runtime-v2.deactivate-terminal-succeeded","kernel.base.tcp-control-runtime-v2.report-task-result","kernel.base.tcp-control-runtime-v2.task-result-reported","kernel.base.tcp-control-runtime-v2.reset-tcp-control"]}
2713:04-22 04:00:26.388 I/assembly.assembly.android.mixc-retail-rn84(29347): [runtime.load] install kernel.base.tdp-sync-runtime-v2 {"moduleName":"kernel.base.tdp-sync-runtime-v2","stateSlices":["kernel.base.tdp-sync-runtime-v2.session","kernel.base.tdp-sync-runtime-v2.sync","kernel.base.tdp-sync-runtime-v2.projection","kernel.base.tdp-sync-runtime-v2.command-inbox","kernel.base.tdp-sync-runtime-v2.control-signals","kernel.base.tdp-sync-runtime-v2.hot-update"],"commandNames":["kernel.base.tdp-sync-runtime-v2.bootstrap-tdp-sync","kernel.base.tdp-sync-runtime-v2.bootstrap-tdp-sync-succeeded","kernel.base.tdp-sync-runtime-v2.connect-tdp-session","kernel.base.tdp-sync-runtime-v2.disconnect-tdp-session","kernel.base.tdp-sync-runtime-v2.acknowledge-cursor","kernel.base.tdp-sync-runtime-v2.report-applied-cursor","kernel.base.tdp-sync-runtime-v2.send-ping","kernel.base.tdp-sync-runtime-v2.record-user-operation","kernel.base.tdp-sync-runtime-v2.topic-data-changed","kernel.base.tdp-sync-runtime-v2.recompute-resolved-topic-changes","kernel.base.tdp-sync-runtime-v2.snapshot-loaded","kernel.base.tdp-sync-runtime-v2.changes-loaded","kernel.base.tdp-sync-runtime-v2.projection-received","kernel.base.tdp-sync-runtime-v2.projection-batch-received","kernel.base.tdp-sync-runtime-v2.command-delivered","kernel.base.tdp-sync-runtime-v2.session-ready","kernel.base.tdp-sync-runtime-v2.pong-received","kernel.base.tdp-sync-runtime-v2.edge-degraded","kernel.base.tdp-sync-runtime-v2.session-rehome-required","kernel.base.tdp-sync-runtime-v2.protocol-failed","kernel.base.tdp-sync-runtime-v2.message-received"],"hasAssembly":true}
2714:04-22 04:00:26.388 I/assembly.assembly.android.mixc-retail-rn84(29347): [runtime.load] install kernel.base.workflow-runtime-v2 {"moduleName":"kernel.base.workflow-runtime-v2","stateSlices":["kernel.base.workflow-runtime-v2.definitions","kernel.base.workflow-runtime-v2.observations","kernel.base.workflow-runtime-v2.queue"],"commandNames":["kernel.base.workflow-runtime-v2.run-workflow","kernel.base.workflow-runtime-v2.cancel-workflow-run","kernel.base.workflow-runtime-v2.register-workflow-definitions","kernel.base.workflow-runtime-v2.remove-workflow-definition"],"remoteDefinitionTopicKey":"kernel.workflow.definition"}
2715:04-22 04:00:26.388 I/assembly.assembly.android.mixc-retail-rn84(29347): [runtime.load] install kernel.base.ui-runtime-v2 {"moduleName":"kernel.base.ui-runtime-v2","stateSlices":["kernel.base.ui-runtime-v2.screen.main","kernel.base.ui-runtime-v2.screen.branch","kernel.base.ui-runtime-v2.overlay.main","kernel.base.ui-runtime-v2.overlay.branch","kernel.base.ui-runtime-v2.ui-variable.main","kernel.base.ui-runtime-v2.ui-variable.branch"],"commandNames":["kernel.base.ui-runtime-v2.register-screen-definitions","kernel.base.ui-runtime-v2.show-screen","kernel.base.ui-runtime-v2.replace-screen","kernel.base.ui-runtime-v2.reset-screen","kernel.base.ui-runtime-v2.open-overlay","kernel.base.ui-runtime-v2.close-overlay","kernel.base.ui-runtime-v2.clear-overlays","kernel.base.ui-runtime-v2.set-ui-variables","kernel.base.ui-runtime-v2.clear-ui-variables"]}
2723:04-22 04:00:26.397 I/ReactNativeJS(29347): '[tcp-bootstrap-state-written]', '{"nodeId":"master:ZJ63NQELD9","runtimeId":"run_mo91t97w_yed1mdylq293pr9a","displayIndex":0,"requestId":"req_mo91t999_tp7q6mb1c5y9ucg2","commandId":"cmd_mo91t999_t87wfc99cr8vyv0z","nextDeviceFingerprint":"ZJ63NQELD9","nextDeviceInfo":{"id":"ZJ63NQELD9","model":"Mixc Retail Android RN84"},"previousIdentity":{"activationStatus":"UNACTIVATED"}}'
2724:04-22 04:00:26.398 I/assembly.assembly.android.mixc-retail-rn84(29347): [runtime.load] install ui.base.runtime-react {"moduleName":"ui.base.runtime-react"}
2725:04-22 04:00:26.399 I/assembly.assembly.android.mixc-retail-rn84(29347): [runtime.load] install ui.base.input-runtime {"moduleName":"ui.base.input-runtime"}
2726:04-22 04:00:26.399 I/assembly.assembly.android.mixc-retail-rn84(29347): [runtime.load] install ui.base.admin-console {"moduleName":"ui.base.admin-console"}
2727:04-22 04:00:26.399 I/assembly.assembly.android.mixc-retail-rn84(29347): [runtime.load] install ui.base.terminal-console {"moduleName":"ui.base.terminal-console"}
2728:04-22 04:00:26.400 I/assembly.assembly.android.mixc-retail-rn84(29347): [runtime.load] install ui.integration.retail-shell {"moduleName":"ui.integration.retail-shell"}
2729:04-22 04:00:26.400 I/assembly.kernel.base.runtime-shell-v2.application.KernelRuntimeAppV2(29347): [runtime.load] kernel runtime app v2 started {"runtimeName":"assembly.android.mixc-retail-rn84","moduleDescriptors":[{"moduleName":"assembly.android.mixc-retail-rn84","packageVersion":"1.0.0","dependencies":[],"stateSliceNames":[],"commandNames":[],"actorKeys":["assembly.android.mixc-retail-rn84.AssemblyRuntimeInitializeActor"],"errorKeys":[],"parameterKeys":[],"hasInstall":true,"hasPreSetup":true},{"moduleName":"kernel.base.topology-runtime-v3","packageVersion":"0.0.1","dependencies":[],"stateSliceNames":["kernel.base.topology-runtime-v3.config","kernel.base.topology-runtime-v3.context","kernel.base.topology-runtime-v3.connection","kernel.base.topology-runtime-v3.peer","kernel.base.topology-runtime-v3.sync","kernel.base.topology-runtime-v3.request-mirror","kernel.base.topology-runtime-v3.demo.master","kernel.base.topology-runtime-v3.demo.slave"],"commandNames":["kernel.base.topology-runtime-v3.set-instance-mode","kernel.base.topology-runtime-v3.set-display-mode","kernel.base.topology-runtime-v3.set-enable-slave","kernel.base.topology-runtime-v3.set-master-locator","kernel.base.topology-runtime-v3.clear-master-locator","kernel.base.topology-runtime-v3.refresh-topology-context","kernel.base.topology-runtime-v3.start-topology-connection","kernel.base.topology-runtime-v3.stop-topology-connection","kernel.base.topology-runtime-v3.restart-topology-connection","kernel.base.topology-runtime-v3.upsert-demo-master-entry","kernel.base.topology-runtime-v3.remove-demo-master-entry","kernel.base.topology-runtime-v3.reset-demo-master-state","kernel.base.topology-runtime-v3.upsert-demo-slave-entry","kernel.base.topology-runtime-v3.remove-demo-slave-entry","kernel.base.topology-runtime-v3.reset-demo-slave-state"],"actorKeys":["kernel.base.topology-runtime-v3.TopologyContextActor","kernel.base.topology-runtime-v3.TopologyConnectionActor","kernel.base.topology-runtime-v3.TopologyDemoSyncActor"],"errorKeys":["kernel.base.topology-runtime-v3.display_context_required","kernel.base.topology-runtime-v3.orchestrator_required","kernel.base.topology-runtime-v3.socket_binding_required","kernel.base.topology-runtime-v3.hello_runtime_required","kernel.base.topology-runtime-v3.action_not_allowed"],"parameterKeys":["kernel.base.topology-runtime-v3.reconnect-interval-ms"],"hasInstall":true,"hasPreSetup":true},{"moduleName":"kernel.base.tcp-control-runtime-v2","packageVersion":"0.0.1","dependencies":[],"stateSliceNames":["kernel.base.tcp-control-runtime-v2.identity","kernel.base.tcp-control-runtime-v2.credential","kernel.base.tcp-control-runtime-v2.binding","kernel.base.tcp-control-runtime-v2.sandbox","kernel.base.tcp-control-runtime-v2.runtime"],"commandNames":["kernel.base.tcp-control-runtime-v2.bootstrap-tcp-control","kernel.base.tcp-control-runtime-v2.bootstrap-tcp-control-succeeded","kernel.base.tcp-control-runtime-v2.activate-terminal","kernel.base.tcp-control-runtime-v2.activate-terminal-succeeded","kernel.base.tcp-control-runtime-v2.refresh-credential","kernel.base.tcp-control-runtime-v2.credential-refreshed","kernel.base.tcp-control-runtime-v2.deactivate-terminal","kernel.base.tcp-control-runtime-v2.deactivate-terminal-succeeded","kernel.base.tcp-control-runtime-v2.report-task-result","kernel.base.tcp-control-runtime-v2.task-result-reported","kernel.base.tcp-control-runtime-v2.reset-tcp-control"],"actorKeys":["kernel.base.tcp-control-runtime-v2.TcpBootstrapActor","kernel.base.tcp-control-runtime-v2.TcpActivationActor","kernel.base.tcp-control-runtime-v2.TcpCredentialActor","kernel.base.tcp-control-runtime-v2.TcpDeactivationActor","kernel.base.tcp-control-runtime-v2.TcpTaskReportActor","kernel.base.tcp-control-runtime-v2.TcpStateMutationActor"],"errorKeys":["kernel.base.tcp-control-runtime-v2.activation_code_invalid","kernel.base.tcp-control-runtime-v2.activation_failed","kernel.base.tcp-control-runtime-v2.credential_missing","kernel.base.tcp-control-runtime-v2.credential_expired","kernel.base.tcp-control-runtime-v2.refresh_failed","kernel.base.tcp
2742:04-22 04:00:26.411 I/assembly.android.mixc-retail-rn84.boot(29347): {"stage":"runtime.start:done","displayIndex":0,"displayCount":1}
2743:04-22 04:00:26.412 I/assembly.assembly.android.mixc-retail-rn84(29347): [assembly.topology] Native topology host already matches desired lifecycle state {"displayCount":1,"displayIndex":0,"deviceId":"ZJ63NQELD9","instanceMode":"MASTER","enableSlave":false,"running":false,"reason":"not-master-or-single-primary-host"}
2744:04-22 04:00:26.415 I/assembly.android.mixc-retail-rn84.boot(29347): {"stage":"automation.host:start","displayIndex":0,"displayCount":1,"target":"primary","host":"127.0.0.1","port":18584,"generation":"automation-host-2-27083955525872"}
2747:04-22 04:00:26.429 I/assembly.android.mixc-retail-rn84.boot(29347): {"stage":"app-load-complete:start","displayIndex":0}
2759:04-22 04:00:26.450 I/assembly.android.mixc-retail-rn84.boot(29347): {"stage":"app-load-complete:done","displayIndex":0}
2837:04-22 04:00:27.836 W/BestClock(  683): java.time.DateTimeException: No network time available
2838:04-22 04:00:27.836 W/BestClock(  683): java.time.DateTimeException: No network time available
2839:04-22 04:00:27.836 W/BestClock(  683): java.time.DateTimeException: No network time available
2840:04-22 04:00:27.836 W/BestClock(  683): java.time.DateTimeException: No network time available
2841:04-22 04:00:27.836 W/BestClock(  683): java.time.DateTimeException: No network time available
2860:04-22 04:00:30.841 W/BestClock(  683): java.time.DateTimeException: No network time available
2861:04-22 04:00:30.841 W/BestClock(  683): java.time.DateTimeException: No network time available
2862:04-22 04:00:30.841 W/BestClock(  683): java.time.DateTimeException: No network time available
2863:04-22 04:00:30.842 W/BestClock(  683): java.time.DateTimeException: No network time available
2864:04-22 04:00:30.842 W/BestClock(  683): java.time.DateTimeException: No network time available
2892:04-22 04:00:33.844 W/BestClock(  683): java.time.DateTimeException: No network time available
2893:04-22 04:00:33.844 W/BestClock(  683): java.time.DateTimeException: No network time available
2894:04-22 04:00:33.845 W/BestClock(  683): java.time.DateTimeException: No network time available
2895:04-22 04:00:33.845 W/BestClock(  683): java.time.DateTimeException: No network time available
2896:04-22 04:00:33.845 W/BestClock(  683): java.time.DateTimeException: No network time available
2913:04-22 04:00:36.849 W/BestClock(  683): java.time.DateTimeException: No network time available
2914:04-22 04:00:36.850 W/BestClock(  683): java.time.DateTimeException: No network time available
2915:04-22 04:00:36.850 W/BestClock(  683): java.time.DateTimeException: No network time available
2916:04-22 04:00:36.850 W/BestClock(  683): java.time.DateTimeException: No network time available
2917:04-22 04:00:36.850 W/BestClock(  683): java.time.DateTimeException: No network time available
2941:04-22 04:00:39.857 W/BestClock(  683): java.time.DateTimeException: No network time available
2942:04-22 04:00:39.858 W/BestClock(  683): java.time.DateTimeException: No network time available
2943:04-22 04:00:39.858 W/BestClock(  683): java.time.DateTimeException: No network time available
2944:04-22 04:00:39.858 W/BestClock(  683): java.time.DateTimeException: No network time available
2945:04-22 04:00:39.858 W/BestClock(  683): java.time.DateTimeException: No network time available
2966:04-22 04:00:42.866 W/BestClock(  683): java.time.DateTimeException: No network time available
2967:04-22 04:00:42.866 W/BestClock(  683): java.time.DateTimeException: No network time available
2968:04-22 04:00:42.866 W/BestClock(  683): java.time.DateTimeException: No network time available
2969:04-22 04:00:42.866 W/BestClock(  683): java.time.DateTimeException: No network time available
2970:04-22 04:00:42.866 W/BestClock(  683): java.time.DateTimeException: No network time available
2988:04-22 04:00:45.872 W/BestClock(  683): java.time.DateTimeException: No network time available
2989:04-22 04:00:45.873 W/BestClock(  683): java.time.DateTimeException: No network time available
2990:04-22 04:00:45.873 W/BestClock(  683): java.time.DateTimeException: No network time available
2991:04-22 04:00:45.873 W/BestClock(  683): java.time.DateTimeException: No network time available
2992:04-22 04:00:45.873 W/BestClock(  683): java.time.DateTimeException: No network time available
3039:04-22 04:00:48.877 W/BestClock(  683): java.time.DateTimeException: No network time available
3040:04-22 04:00:48.877 W/BestClock(  683): java.time.DateTimeException: No network time available
3041:04-22 04:00:48.877 W/BestClock(  683): java.time.DateTimeException: No network time available
3042:04-22 04:00:48.877 W/BestClock(  683): java.time.DateTimeException: No network time available
3043:04-22 04:00:48.877 W/BestClock(  683): java.time.DateTimeException: No network time available
3068:04-22 04:00:51.885 W/BestClock(  683): java.time.DateTimeException: No network time available
3069:04-22 04:00:51.885 W/BestClock(  683): java.time.DateTimeException: No network time available
3070:04-22 04:00:51.885 W/BestClock(  683): java.time.DateTimeException: No network time available
3071:04-22 04:00:51.885 W/BestClock(  683): java.time.DateTimeException: No network time available
3072:04-22 04:00:51.885 W/BestClock(  683): java.time.DateTimeException: No network time available
3095:04-22 04:00:54.894 W/BestClock(  683): java.time.DateTimeException: No network time available
3096:04-22 04:00:54.894 W/BestClock(  683): java.time.DateTimeException: No network time available
3097:04-22 04:00:54.894 W/BestClock(  683): java.time.DateTimeException: No network time available
3098:04-22 04:00:54.894 W/BestClock(  683): java.time.DateTimeException: No network time available
3099:04-22 04:00:54.894 W/BestClock(  683): java.time.DateTimeException: No network time available
