
Welcome to React Native v0.84
Starting dev server on http://localhost:8081


                        ‚Ėí‚Ėí‚Ėď‚Ėď‚Ėď‚Ėď‚Ėí‚Ėí
                     ‚Ėí‚Ėď‚Ėď‚Ėď‚Ėí‚Ėí‚ĖĎ‚ĖĎ‚Ėí‚Ėí‚Ėď‚Ėď‚Ėď‚Ėí
                  ‚Ėí‚Ėď‚Ėď‚Ėď‚Ėď‚ĖĎ‚ĖĎ‚ĖĎ‚Ėí‚Ėí‚Ėí‚Ėí‚ĖĎ‚ĖĎ‚ĖĎ‚Ėď‚Ėď‚Ėď‚Ėď‚Ėí
                 ‚Ėď‚Ėď‚Ėí‚Ėí‚Ėí‚Ėď‚Ėď‚Ėď‚Ėď‚Ėď‚Ėď‚Ėď‚Ėď‚Ėď‚Ėď‚Ėď‚Ėď‚Ėí‚Ėí‚Ėí‚Ėď‚Ėď
                 ‚Ėď‚Ėď‚ĖĎ‚ĖĎ‚ĖĎ‚ĖĎ‚ĖĎ‚Ėí‚Ėď‚Ėď‚Ėď‚Ėď‚Ėď‚Ėď‚Ėí‚ĖĎ‚ĖĎ‚ĖĎ‚ĖĎ‚ĖĎ‚Ėď‚Ėď
                 ‚Ėď‚Ėď‚ĖĎ‚ĖĎ‚Ėď‚Ėď‚Ėí‚ĖĎ‚ĖĎ‚ĖĎ‚Ėí‚Ėí‚ĖĎ‚ĖĎ‚ĖĎ‚Ėí‚Ėď‚Ėí‚ĖĎ‚ĖĎ‚Ėď‚Ėď
                 ‚Ėď‚Ėď‚ĖĎ‚ĖĎ‚Ėď‚Ėď‚Ėď‚Ėď‚Ėď‚Ėí‚Ėí‚Ėí‚Ėí‚Ėď‚Ėď‚Ėď‚Ėď‚Ėí‚ĖĎ‚ĖĎ‚Ėď‚Ėď
                 ‚Ėď‚Ėď‚ĖĎ‚ĖĎ‚Ėď‚Ėď‚Ėď‚Ėď‚Ėď‚Ėď‚Ėď‚Ėď‚Ėď‚Ėď‚Ėď‚Ėď‚Ėď‚Ėí‚ĖĎ‚ĖĎ‚Ėď‚Ėď
                 ‚Ėď‚Ėď‚Ėí‚ĖĎ‚ĖĎ‚Ėí‚Ėí‚Ėď‚Ėď‚Ėď‚Ėď‚Ėď‚Ėď‚Ėď‚Ėď‚Ėí‚ĖĎ‚ĖĎ‚ĖĎ‚Ėí‚Ėď‚Ėď
                  ‚Ėí‚Ėď‚Ėď‚Ėď‚Ėí‚ĖĎ‚ĖĎ‚ĖĎ‚Ėí‚Ėď‚Ėď‚Ėí‚ĖĎ‚ĖĎ‚ĖĎ‚Ėí‚Ėď‚Ėď‚Ėď‚Ėí
                     ‚Ėí‚Ėď‚Ėď‚Ėď‚Ėí‚ĖĎ‚ĖĎ‚ĖĎ‚ĖĎ‚Ėí‚Ėď‚Ėď‚Ėď‚Ėí
                        ‚Ėí‚Ėí‚Ėď‚Ėď‚Ėď‚Ėď‚Ėí‚Ėí


                Welcome to Metro v0.83.5
              Fast - Scalable - Integrated


 INFO  [1m[7mūüí° JavaScript logs have moved![22m They can now be viewed in React Native DevTools. Tip: Type [1mj[22m in the terminal to open.[27m
 INFO  Dev server ready. Press Ctrl+C to exit.
 INFO  Interactive mode is not supported in this environment
 BUNDLE  ./index.js ‚ĖĎ‚ĖĎ‚ĖĎ‚ĖĎ‚ĖĎ‚ĖĎ‚ĖĎ‚ĖĎ‚ĖĎ‚ĖĎ‚ĖĎ‚ĖĎ‚ĖĎ‚ĖĎ‚ĖĎ‚ĖĎ 0% (0/1)
 BUNDLE  ./index.js ‚Ėď‚Ėď‚Ėď‚Ėď‚Ėď‚Ėď‚Ėď‚Ėď‚Ėď‚Ėď‚Ėď‚Ėď‚Ėď‚Ėď‚Ėď‚ĖĎ 94% (1164/1255)
 BUNDLE  ./index.js 
 BUNDLE  ./index.js ‚ĖĎ‚ĖĎ‚ĖĎ‚ĖĎ‚ĖĎ‚ĖĎ‚ĖĎ‚ĖĎ‚ĖĎ‚ĖĎ‚ĖĎ‚ĖĎ‚ĖĎ‚ĖĎ‚ĖĎ‚ĖĎ 0% (0/1)
 BUNDLE  ./index.js 
