{
  "jsonrpc": "2.0",
  "result": {
    "requestId": "req_mo86h0kx_eo91wkqwdgvvdaf5",
    "commandId": "cmd_mo86h0kx_tdkt4icbo0ld2r7x",
    "commandName": "kernel.base.tdp-sync-runtime-v2.record-user-operation",
    "target": "local",
    "status": "COMPLETED",
    "startedAt": 1776748987185,
    "completedAt": 1776748987193,
    "actorResults": [
      {
        "actorKey": "kernel.base.tdp-sync-runtime-v2.TdpUserOperationActor",
        "status": "COMPLETED",
        "startedAt": 1776748987185,
        "completedAt": 1776748987191,
        "result": {
          "recordedAt": 1776748988565
        }
      }
    ]
  },
  "id": "1776748988714-aa7c644d4ae5e"
}
