{
  "jsonrpc": "2.0",
  "result": {
    "requestId": "req_mo86h6hu_4qquhnnmzpamgjzm",
    "commandId": "cmd_mo86h6hu_nm7tyjzgf4issj56",
    "commandName": "kernel.base.tdp-sync-runtime-v2.record-user-operation",
    "target": "local",
    "status": "COMPLETED",
    "startedAt": 1776748994851,
    "completedAt": 1776748994916,
    "actorResults": [
      {
        "actorKey": "kernel.base.tdp-sync-runtime-v2.TdpUserOperationActor",
        "status": "COMPLETED",
        "startedAt": 1776748994851,
        "completedAt": 1776748994883,
        "result": {
          "recordedAt": 1776748996251
        }
      }
    ]
  },
  "id": "1776748996389-b8df8d278d94d8"
}
