{
  "jsonrpc": "2.0",
  "result": {
    "requestId": "req_mo86hga1_968bzcgt2i36j4b6",
    "commandId": "cmd_mo86hga1_4932eie87q2gbi9j",
    "commandName": "kernel.base.tdp-sync-runtime-v2.record-user-operation",
    "target": "local",
    "status": "COMPLETED",
    "startedAt": 1776749007529,
    "completedAt": 1776749007584,
    "actorResults": [
      {
        "actorKey": "kernel.base.tdp-sync-runtime-v2.TdpUserOperationActor",
        "status": "COMPLETED",
        "startedAt": 1776749007530,
        "completedAt": 1776749007546,
        "result": {
          "recordedAt": 1776749008937
        }
      }
    ]
  },
  "id": "1776749009071-0ed4470add4548"
}
