{
  "jsonrpc": "2.0",
  "result": {
    "requestId": "req_mo86hhfr_1ug68kxf18s446z3",
    "commandId": "cmd_mo86hhfr_crxzh54r6gdatxta",
    "commandName": "kernel.base.tdp-sync-runtime-v2.record-user-operation",
    "target": "local",
    "status": "COMPLETED",
    "startedAt": 1776749009031,
    "completedAt": 1776749009107,
    "actorResults": [
      {
        "actorKey": "kernel.base.tdp-sync-runtime-v2.TdpUserOperationActor",
        "status": "COMPLETED",
        "startedAt": 1776749009032,
        "completedAt": 1776749009054,
        "result": {
          "recordedAt": 1776749010432
        }
      }
    ]
  },
  "id": "1776749010569-4b60c65cb26c2"
}
