{
  "jsonrpc": "2.0",
  "result": {
    "requestId": "req_mo86h5jr_rbp2octxfns37gel",
    "commandId": "cmd_mo86h5jr_p6mmzd1ow5k57u63",
    "commandName": "kernel.base.tdp-sync-runtime-v2.record-user-operation",
    "target": "local",
    "status": "COMPLETED",
    "startedAt": 1776748993623,
    "completedAt": 1776748993681,
    "actorResults": [
      {
        "actorKey": "kernel.base.tdp-sync-runtime-v2.TdpUserOperationActor",
        "status": "COMPLETED",
        "startedAt": 1776748993624,
        "completedAt": 1776748993643,
        "result": {
          "recordedAt": 1776748995026
        }
      }
    ]
  },
  "id": "1776748995162-2eda921ac32008"
}
