{
  "jsonrpc": "2.0",
  "result": {
    "requestId": "req_mo86hijg_45i4ipa85qklq24c",
    "commandId": "cmd_mo86hijg_dkjfm5ux4dz4pcfx",
    "commandName": "kernel.base.tdp-sync-runtime-v2.record-user-operation",
    "target": "local",
    "status": "COMPLETED",
    "startedAt": 1776749010460,
    "completedAt": 1776749010534,
    "actorResults": [
      {
        "actorKey": "kernel.base.tdp-sync-runtime-v2.TdpUserOperationActor",
        "status": "COMPLETED",
        "startedAt": 1776749010460,
        "completedAt": 1776749010479,
        "result": {
          "recordedAt": 1776749011673
        }
      }
    ]
  },
  "id": "1776749012001-5f7db0649df108"
}
