{
  "jsonrpc": "2.0",
  "result": {
    "requestId": "req_mo86hcb4_hps58eh5ktfiww1g",
    "commandId": "cmd_mo86hcb4_dpuvem0isrp578kv",
    "commandName": "kernel.base.tdp-sync-runtime-v2.record-user-operation",
    "target": "local",
    "status": "COMPLETED",
    "startedAt": 1776749002384,
    "completedAt": 1776749002448,
    "actorResults": [
      {
        "actorKey": "kernel.base.tdp-sync-runtime-v2.TdpUserOperationActor",
        "status": "COMPLETED",
        "startedAt": 1776749002385,
        "completedAt": 1776749002404,
        "result": {
          "recordedAt": 1776749003790
        }
      }
    ]
  },
  "id": "1776749003926-fd3f0fd292da88"
}
