{
  "jsonrpc": "2.0",
  "result": {
    "requestId": "req_mo86heew_2tpg33v1y6s1zkqc",
    "commandId": "cmd_mo86heew_rbp0u7swkn6q42y6",
    "commandName": "kernel.base.tdp-sync-runtime-v2.record-user-operation",
    "target": "local",
    "status": "COMPLETED",
    "startedAt": 1776749005112,
    "completedAt": 1776749005171,
    "actorResults": [
      {
        "actorKey": "kernel.base.tdp-sync-runtime-v2.TdpUserOperationActor",
        "status": "COMPLETED",
        "startedAt": 1776749005113,
        "completedAt": 1776749005133,
        "result": {
          "recordedAt": 1776749006520
        }
      }
    ]
  },
  "id": "1776749006656-d3eb289fa78658"
}
