{
  "jsonrpc": "2.0",
  "result": {
    "requestId": "req_mo86h1n7_axysaeaf2e0kvmnn",
    "commandId": "cmd_mo86h1n7_x43mcdzz6szeyhqa",
    "commandName": "kernel.base.tdp-sync-runtime-v2.record-user-operation",
    "target": "local",
    "status": "COMPLETED",
    "startedAt": 1776748988563,
    "completedAt": 1776748988587,
    "actorResults": [
      {
        "actorKey": "kernel.base.tdp-sync-runtime-v2.TdpUserOperationActor",
        "status": "COMPLETED",
        "startedAt": 1776748988563,
        "completedAt": 1776748988569,
        "result": {
          "recordedAt": 1776748989976
        }
      }
    ]
  },
  "id": "1776748990110-851a96d275b638"
}
