{
  "jsonrpc": "2.0",
  "result": {
    "requestId": "req_mo86h7fn_w7nk9qhd81xn54u6",
    "commandId": "cmd_mo86h7fn_vmupet67bcqec0kt",
    "commandName": "kernel.base.tdp-sync-runtime-v2.record-user-operation",
    "target": "local",
    "status": "COMPLETED",
    "startedAt": 1776748996067,
    "completedAt": 1776748996119,
    "actorResults": [
      {
        "actorKey": "kernel.base.tdp-sync-runtime-v2.TdpUserOperationActor",
        "status": "COMPLETED",
        "startedAt": 1776748996067,
        "completedAt": 1776748996083,
        "result": {
          "recordedAt": 1776748997477
        }
      }
    ]
  },
  "id": "1776748997607-c5c855c31324a8"
}
