{
  "jsonrpc": "2.0",
  "result": {
    "requestId": "req_mo86hag1_nikq3jz93k1nh2q0",
    "commandId": "cmd_mo86hag1_q5m8fwk01z5v836a",
    "commandName": "kernel.base.tdp-sync-runtime-v2.record-user-operation",
    "target": "local",
    "status": "COMPLETED",
    "startedAt": 1776748999969,
    "completedAt": 1776749000015,
    "actorResults": [
      {
        "actorKey": "kernel.base.tdp-sync-runtime-v2.TdpUserOperationActor",
        "status": "COMPLETED",
        "startedAt": 1776748999969,
        "completedAt": 1776748999978,
        "result": {
          "recordedAt": 1776749001387
        }
      }
    ]
  },
  "id": "1776749001515-4b1732f8bd7d48"
}
