{
  "jsonrpc": "2.0",
  "result": {
    "requestId": "req_mo86h2k0_tl4muqkwki20x1e3",
    "commandId": "cmd_mo86h2k0_7i9wg41rmkwk8brb",
    "commandName": "kernel.base.tdp-sync-runtime-v2.record-user-operation",
    "target": "local",
    "status": "COMPLETED",
    "startedAt": 1776748989744,
    "completedAt": 1776748989785,
    "actorResults": [
      {
        "actorKey": "kernel.base.tdp-sync-runtime-v2.TdpUserOperationActor",
        "status": "COMPLETED",
        "startedAt": 1776748989744,
        "completedAt": 1776748989764,
        "result": {
          "recordedAt": 1776748991162
        }
      }
    ]
  },
  "id": "1776748991286-c32266d59f001"
}
