{
  "jsonrpc": "2.0",
  "result": {
    "requestId": "req_mo86hjhp_tvwxk8t5x6lnrr5c",
    "commandId": "cmd_mo86hjhp_s5jr5ulfu2q1i4jo",
    "commandName": "kernel.base.tdp-sync-runtime-v2.record-user-operation",
    "target": "local",
    "status": "COMPLETED",
    "startedAt": 1776749011693,
    "completedAt": 1776749011769,
    "actorResults": [
      {
        "actorKey": "kernel.base.tdp-sync-runtime-v2.TdpUserOperationActor",
        "status": "COMPLETED",
        "startedAt": 1776749011694,
        "completedAt": 1776749011716,
        "result": {
          "recordedAt": 1776749013100
        }
      }
    ]
  },
  "id": "1776749013235-9ec83e757bec98"
}
