{
  "jsonrpc": "2.0",
  "result": {
    "requestId": "req_mo86h8da_x7pb60w812ojt7bu",
    "commandId": "cmd_mo86h8da_r1p31uhqyuo0ke83",
    "commandName": "kernel.base.tdp-sync-runtime-v2.record-user-operation",
    "target": "local",
    "status": "COMPLETED",
    "startedAt": 1776748997278,
    "completedAt": 1776748997339,
    "actorResults": [
      {
        "actorKey": "kernel.base.tdp-sync-runtime-v2.TdpUserOperationActor",
        "status": "COMPLETED",
        "startedAt": 1776748997279,
        "completedAt": 1776748997298,
        "result": {
          "recordedAt": 1776748998682
        }
      }
    ]
  },
  "id": "1776748998820-5108bf908a0e48"
}
