{
  "jsonrpc": "2.0",
  "result": {
    "current": {
      "source": "hot-update",
      "appId": "assembly-android-mixc-retail-rn84",
      "assemblyVersion": "1.0.0",
      "buildNumber": 2,
      "runtimeVersion": "android-mixc-retail-rn84@1.0",
      "bundleVersion": "1.0.0+ota.14",
      "packageId": "pkg_2b80b6g19hff",
      "releaseId": "release_89kru0wv9hfm",
      "installDir": "/data/user/0/com.impos2.mixcretailassemblyrn84/files/hot-updates/packages/pkg_2b80b6g19hff",
      "appliedAt": 1776748716889
    },
    "desired": {
      "schemaVersion": 1,
      "releaseId": "release_knzy6933gbwb",
      "packageId": "pkg_49cser77gbw5",
      "appId": "assembly-android-mixc-retail-rn84",
      "platform": "android",
      "product": "mixc-retail",
      "bundleVersion": "1.0.0+ota.15",
      "runtimeVersion": "android-mixc-retail-rn84@1.0",
      "packageUrl": "/api/v1/hot-updates/packages/pkg_49cser77gbw5/download?sandboxId=sandbox-kernel-base-test&token=7fde4165795ed51f6b6f522e611d103add9f6050f2df712f0ac7dfab6c3c2fc4",
      "packageSize": 3300906,
      "packageSha256": "07c5ba2b08fb4160328c46e9f6c792f5d81e111bf71c8d27222c6e96f235febc",
      "manifestSha256": "18d1b3a0b6615ee6d47bb5734eb1737327aed612fa7608b5cccfe8bd6850a793",
      "compatibility": {
        "appId": "assembly-android-mixc-retail-rn84",
        "platform": "android",
        "product": "mixc-retail",
        "runtimeVersion": "android-mixc-retail-rn84@1.0",
        "minAssemblyVersion": "1.0.0",
        "maxAssemblyVersion": "1.0.0",
        "minBuildNumber": 2,
        "maxBuildNumber": 2,
        "allowedChannels": [
          "production"
        ],
        "targetPackages": {
          "@impos2/kernel-base-contracts": "1.0.0",
          "@impos2/kernel-base-platform-ports": "1.0.0",
          "@impos2/kernel-base-runtime-shell-v2": "1.0.0",
          "@impos2/kernel-base-tcp-control-runtime-v2": "1.0.0",
          "@impos2/kernel-base-topology-runtime-v3": "1.0.0",
          "@impos2/kernel-base-transport-runtime": "1.0.0",
          "@impos2/kernel-base-ui-runtime-v2": "1.0.0",
          "@impos2/kernel-server-config-v2": "1.0.0",
          "@impos2/ui-base-admin-console": "1.0.0",
          "@impos2/ui-base-input-runtime": "1.0.0",
          "@impos2/ui-base-runtime-react": "1.0.0",
          "@impos2/ui-base-terminal-console": "1.0.0",
          "@impos2/ui-integration-retail-shell": "1.0.0",
          "@impos2/adapter-android-v2": "1.0.0"
        }
      },
      "restart": {
        "mode": "idle",
        "operatorInstruction": "idle hot update e2e v15"
      },
      "rollout": {
        "mode": "active",
        "publishedAt": "2026-04-21T05:23:08.559Z"
      },
      "safety": {
        "requireSignature": false,
        "maxDownloadAttempts": 3,
        "maxLaunchFailures": 2,
        "healthCheckTimeoutMs": 5000
      },
      "metadata": {
        "channel": "production",
        "builtAt": "2026-04-21T05:22:05.038Z",
        "releaseNotes": [
          "idle hot update e2e v15"
        ]
      }
    },
    "candidate": {
      "releaseId": "release_knzy6933gbwb",
      "packageId": "pkg_49cser77gbw5",
      "bundleVersion": "1.0.0+ota.15",
      "status": "ready",
      "attempts": 1,
      "packageSha256": "07c5ba2b08fb4160328c46e9f6c792f5d81e111bf71c8d27222c6e96f235febc",
      "manifestSha256": "18d1b3a0b6615ee6d47bb5734eb1737327aed612fa7608b5cccfe8bd6850a793",
      "updatedAt": 1776748987582
    },
    "ready": {
      "releaseId": "release_knzy6933gbwb",
      "packageId": "pkg_49cser77gbw5",
      "bundleVersion": "1.0.0+ota.15",
      "installDir": "/data/user/0/com.impos2.mixcretailassemblyrn84/files/hot-updates/packages/pkg_49cser77gbw5",
      "packageSha256": "07c5ba2b08fb4160328c46e9f6c792f5d81e111bf71c8d27222c6e96f235febc",
      "manifestSha256": "18d1b3a0b6615ee6d47bb5734eb1737327aed612fa7608b5cccfe8bd6850a793",
      "entryFile": "index.android.bundle",
      "readyAt": 1776748987582
    },
    "applying": {
      "releaseId": "release_knzy6933gbwb",
      "packageId": "pkg_49cser77gbw5",
      "bundleVersion": "1.0.0+ota.15",
      "bootMarkerPath": "/data/user/0/com.impos2.mixcretailassemblyrn84/files/hot-updates/active-marker.json",
      "startedAt": 1776748987607
    },
    "restartIntent": {
      "releaseId": "release_knzy6933gbwb",
      "packageId": "pkg_49cser77gbw5",
      "bundleVersion": "1.0.0+ota.15",
      "mode": "idle",
      "status": "waiting-idle",
      "requestedAt": 1776748987613,
      "updatedAt": 1776749013100,
      "idleThresholdMs": 15000,
      "lastUserOperationAt": 1776749013100,
      "nextEligibleAt": 1776749028100
    },
    "lastUserOperationAt": 1776749013100,
    "previous": {
      "source": "hot-update",
      "appId": "assembly-android-mixc-retail-rn84",
      "assemblyVersion": "1.0.0",
      "buildNumber": 2,
      "runtimeVersion": "android-mixc-retail-rn84@1.0",
      "bundleVersion": "1.0.0+ota.13",
      "packageId": "pkg_g68snyt84bbd",
      "releaseId": "release_dd8bdoa754o5",
      "installDir": "/data/user/0/com.impos2.mixcretailassemblyrn84/files/hot-updates/packages/pkg_g68snyt84bbd",
      "appliedAt": 1776748712419
    },
    "history": [
      {
        "event": "user-operation-recorded",
        "at": 1776747237672
      },
      {
        "event": "user-operation-recorded",
        "at": 1776747239032
      },
      {
        "event": "user-operation-recorded",
        "at": 1776747240370
      },
      {
        "event": "user-operation-recorded",
        "at": 1776747241699
      },
      {
        "event": "user-operation-recorded",
        "at": 1776747243018
      },
      {
        "event": "user-operation-recorded",
        "at": 1776747244338
      },
      {
        "event": "user-operation-recorded",
        "at": 1776747245675
      },
      {
        "event": "user-operation-recorded",
        "at": 1776747247016
      },
      {
        "event": "user-operation-recorded",
        "at": 1776747248352
      },
      {
        "event": "user-operation-recorded",
        "at": 1776747249651
      },
      {
        "event": "user-operation-recorded",
        "at": 1776747250967
      },
      {
        "event": "restart-preparing",
        "releaseId": "release_dd8bdoa754o5",
        "packageId": "pkg_g68snyt84bbd",
        "bundleVersion": "1.0.0+ota.13",
        "at": 1776747265983
      },
      {
        "event": "restart-ready",
        "releaseId": "release_dd8bdoa754o5",
        "packageId": "pkg_g68snyt84bbd",
        "bundleVersion": "1.0.0+ota.13",
        "at": 1776747269086
      },
      {
        "event": "applied",
        "releaseId": "release_dd8bdoa754o5",
        "packageId": "pkg_g68snyt84bbd",
        "bundleVersion": "1.0.0+ota.13",
        "at": 1776747270061
      },
      {
        "event": "download-pending",
        "releaseId": "release_89kru0wv9hfm",
        "packageId": "pkg_2b80b6g19hff",
        "bundleVersion": "1.0.0+ota.14",
        "at": 1776748712265
      },
      {
        "event": "download-started",
        "releaseId": "release_89kru0wv9hfm",
        "packageId": "pkg_2b80b6g19hff",
        "bundleVersion": "1.0.0+ota.14",
        "at": 1776748712268
      },
      {
        "event": "download-pending",
        "releaseId": "release_89kru0wv9hfm",
        "packageId": "pkg_2b80b6g19hff",
        "bundleVersion": "1.0.0+ota.14",
        "at": 1776748712301
      },
      {
        "event": "download-pending",
        "releaseId": "release_89kru0wv9hfm",
        "packageId": "pkg_2b80b6g19hff",
        "bundleVersion": "1.0.0+ota.14",
        "at": 1776748712313
      },
      {
        "event": "ready",
        "releaseId": "release_89kru0wv9hfm",
        "packageId": "pkg_2b80b6g19hff",
        "bundleVersion": "1.0.0+ota.14",
        "at": 1776748712721
      },
      {
        "event": "applying",
        "releaseId": "release_89kru0wv9hfm",
        "packageId": "pkg_2b80b6g19hff",
        "bundleVersion": "1.0.0+ota.14",
        "at": 1776748712738
      },
      {
        "event": "restart-waiting-idle",
        "releaseId": "release_89kru0wv9hfm",
        "packageId": "pkg_2b80b6g19hff",
        "bundleVersion": "1.0.0+ota.14",
        "at": 1776748712741
      },
      {
        "event": "restart-preparing",
        "releaseId": "release_89kru0wv9hfm",
        "packageId": "pkg_2b80b6g19hff",
        "bundleVersion": "1.0.0+ota.14",
        "at": 1776748712743
      },
      {
        "event": "restart-ready",
        "releaseId": "release_89kru0wv9hfm",
        "packageId": "pkg_2b80b6g19hff",
        "bundleVersion": "1.0.0+ota.14",
        "at": 1776748715798
      },
      {
        "event": "applied",
        "releaseId": "release_89kru0wv9hfm",
        "packageId": "pkg_2b80b6g19hff",
        "bundleVersion": "1.0.0+ota.14",
        "at": 1776748716790
      },
      {
        "event": "desired-cleared",
        "releaseId": "release_89kru0wv9hfm",
        "packageId": "pkg_2b80b6g19hff",
        "bundleVersion": "1.0.0+ota.14",
        "at": 1776748987086
      },
      {
        "event": "download-pending",
        "releaseId": "release_knzy6933gbwb",
        "packageId": "pkg_49cser77gbw5",
        "bundleVersion": "1.0.0+ota.15",
        "at": 1776748987117
      },
      {
        "event": "download-started",
        "releaseId": "release_knzy6933gbwb",
        "packageId": "pkg_49cser77gbw5",
        "bundleVersion": "1.0.0+ota.15",
        "at": 1776748987122
      },
      {
        "event": "user-operation-recorded",
        "at": 1776748988565
      },
      {
        "event": "ready",
        "releaseId": "release_knzy6933gbwb",
        "packageId": "pkg_49cser77gbw5",
        "bundleVersion": "1.0.0+ota.15",
        "at": 1776748987582
      },
      {
        "event": "applying",
        "releaseId": "release_knzy6933gbwb",
        "packageId": "pkg_49cser77gbw5",
        "bundleVersion": "1.0.0+ota.15",
        "at": 1776748987607
      },
      {
        "event": "restart-waiting-idle",
        "releaseId": "release_knzy6933gbwb",
        "packageId": "pkg_49cser77gbw5",
        "bundleVersion": "1.0.0+ota.15",
        "at": 1776748987613
      },
      {
        "event": "user-operation-recorded",
        "at": 1776748989976
      },
      {
        "event": "user-operation-recorded",
        "at": 1776748991162
      },
      {
        "event": "user-operation-recorded",
        "at": 1776748992360
      },
      {
        "event": "user-operation-recorded",
        "at": 1776748993560
      },
      {
        "event": "user-operation-recorded",
        "at": 1776748995026
      },
      {
        "event": "user-operation-recorded",
        "at": 1776748996251
      },
      {
        "event": "user-operation-recorded",
        "at": 1776748997477
      },
      {
        "event": "user-operation-recorded",
        "at": 1776748998682
      },
      {
        "event": "user-operation-recorded",
        "at": 1776749000164
      },
      {
        "event": "user-operation-recorded",
        "at": 1776749001387
      },
      {
        "event": "user-operation-recorded",
        "at": 1776749002576
      },
      {
        "event": "user-operation-recorded",
        "at": 1776749003790
      },
      {
        "event": "user-operation-recorded",
        "at": 1776749005292
      },
      {
        "event": "user-operation-recorded",
        "at": 1776749006520
      },
      {
        "event": "user-operation-recorded",
        "at": 1776749007738
      },
      {
        "event": "user-operation-recorded",
        "at": 1776749008937
      },
      {
        "event": "user-operation-recorded",
        "at": 1776749010432
      },
      {
        "event": "user-operation-recorded",
        "at": 1776749011673
      },
      {
        "event": "user-operation-recorded",
        "at": 1776749013100
      }
    ]
  },
  "id": "1776749013460-222a669703fce8"
}
