[hot-update] rebuilding bundle: forced by --force-build
[hot-update] run: bash -lc "cd 4-assembly/android/mixc-retail-assembly-rn84 && ../../../node_modules/.bin/tsc --noEmit && cd android && rm -rf app/build/generated/assets/react/release app/build/generated/sourcemaps/react/release app/build/intermediates/assets/release && ./gradlew createBundleReleaseJsAndAssets --rerun-tasks"
> Task :gradle-plugin:settings-plugin:checkKotlinGradlePluginConfigurationErrors SKIPPED
> Task :gradle-plugin:shared:checkKotlinGradlePluginConfigurationErrors SKIPPED
> Task :gradle-plugin:shared:processResources NO-SOURCE
> Task :gradle-plugin:settings-plugin:pluginDescriptors
> Task :gradle-plugin:settings-plugin:processResources
> Task :gradle-plugin:shared:compileKotlin
> Task :gradle-plugin:shared:compileJava NO-SOURCE
> Task :gradle-plugin:shared:classes UP-TO-DATE
> Task :gradle-plugin:shared:jar
> Task :gradle-plugin:settings-plugin:compileKotlin
> Task :gradle-plugin:settings-plugin:compileJava NO-SOURCE
> Task :gradle-plugin:settings-plugin:classes
> Task :gradle-plugin:settings-plugin:jar
> Task :gradle-plugin:react-native-gradle-plugin:checkKotlinGradlePluginConfigurationErrors SKIPPED
> Task :gradle-plugin:react-native-gradle-plugin:pluginDescriptors
> Task :gradle-plugin:react-native-gradle-plugin:processResources
> Task :gradle-plugin:react-native-gradle-plugin:compileKotlin
> Task :gradle-plugin:react-native-gradle-plugin:compileJava NO-SOURCE
> Task :gradle-plugin:react-native-gradle-plugin:classes
> Task :gradle-plugin:react-native-gradle-plugin:jar

> Task :app:createBundleReleaseJsAndAssets

                        ▒▒▓▓▓▓▒▒
                     ▒▓▓▓▒▒░░▒▒▓▓▓▒
                  ▒▓▓▓▓░░░▒▒▒▒░░░▓▓▓▓▒
                 ▓▓▒▒▒▓▓▓▓▓▓▓▓▓▓▓▓▒▒▒▓▓
                 ▓▓░░░░░▒▓▓▓▓▓▓▒░░░░░▓▓
                 ▓▓░░▓▓▒░░░▒▒░░░▒▓▒░░▓▓
                 ▓▓░░▓▓▓▓▓▒▒▒▒▓▓▓▓▒░░▓▓
                 ▓▓░░▓▓▓▓▓▓▓▓▓▓▓▓▓▒░░▓▓
                 ▓▓▒░░▒▒▓▓▓▓▓▓▓▓▒░░░▒▓▓
                  ▒▓▓▓▒░░░▒▓▓▒░░░▒▓▓▓▒
                     ▒▓▓▓▒░░░░▒▓▓▓▒
                        ▒▒▓▓▓▓▒▒


 WARN  the transform cache was reset.
                Welcome to Metro v0.83.5
              Fast - Scalable - Integrated


LOG:Writing bundle output to: /Users/dexter/Documents/workspace/idea/newPOSv1/4-assembly/android/mixc-retail-assembly-rn84/android/app/build/generated/assets/react/release/index.android.bundle
LOG:Writing sourcemap output to: /Users/dexter/Documents/workspace/idea/newPOSv1/4-assembly/android/mixc-retail-assembly-rn84/android/app/build/intermediates/sourcemaps/react/release/index.android.bundle.packager.map
LOG:Done writing bundle output
LOG:Done writing sourcemap output

[Incubating] Problems report is available at: file:///Users/dexter/Documents/workspace/idea/newPOSv1/4-assembly/android/mixc-retail-assembly-rn84/android/build/reports/problems/problems-report.html

Deprecated Gradle features were used in this build, making it incompatible with Gradle 9.0.

You can use '--warning-mode all' to show the individual deprecation warnings and determine if they come from your own scripts or plugins.

For more on this, please refer to https://docs.gradle.org/8.13/userguide/command_line_interface.html#sec:command_line_warnings in the Gradle documentation.

BUILD SUCCESSFUL in 16s
11 actionable tasks: 11 executed
[hot-update] package created: /Users/dexter/Documents/workspace/idea/newPOSv1/dist/hot-updates/hot-update-assembly-android-mixc-retail-rn84-1.0.0+ota.18.zip
[hot-update] summary: /Users/dexter/Documents/workspace/idea/newPOSv1/dist/hot-updates/hot-update-assembly-android-mixc-retail-rn84-1.0.0+ota.18.zip.summary.json
