04-21 22:09:08.771 W/AppSearchIcing(  519): icing-search-engine.cc:217: Error: 5, Message: Document (com.google.android.googlequicksearchbox$OneSearchZeroStateGoogleSuggestions/default, zp) not found.
04-21 22:09:09.170 W/NativeCrashHandlerImpl( 7049): java.lang.UnsatisfiedLinkError: dlopen failed: library "libnative_crash_handler_jni.so" not found
04-21 22:09:09.219 W/err     ( 7049): Error changing state for com.google.android.apps.docs.sync.syncadapter.DocsSyncAdapterService
04-21 22:09:09.219 W/err     ( 7049): java.lang.IllegalArgumentException: Component class com.google.android.apps.docs.sync.syncadapter.DocsSyncAdapterService does not exist in com.google.android.apps.docs
04-21 22:09:09.219 W/err     ( 7049): 	at android.os.Parcel.createExceptionOrNull(Parcel.java:3015)
04-21 22:09:09.219 W/err     ( 7049): 	at android.os.Parcel.createException(Parcel.java:2995)
04-21 22:09:09.219 W/err     ( 7049): 	at android.os.Parcel.readException(Parcel.java:2978)
04-21 22:09:09.219 W/err     ( 7049): 	at android.os.Parcel.readException(Parcel.java:2920)
04-21 22:09:09.219 W/err     ( 7049): Caused by: android.os.RemoteException: Remote stack trace:
04-21 22:09:09.223 W/err     ( 7049): Error changing state for com.google.android.apps.docs.sync.syncadapter.DocsSyncAdapterService
04-21 22:09:09.223 W/err     ( 7049): java.lang.IllegalArgumentException: Component class com.google.android.apps.docs.sync.syncadapter.DocsSyncAdapterService does not exist in com.google.android.apps.docs
04-21 22:09:09.223 W/err     ( 7049): 	at android.os.Parcel.createExceptionOrNull(Parcel.java:3015)
04-21 22:09:09.223 W/err     ( 7049): 	at android.os.Parcel.createException(Parcel.java:2995)
04-21 22:09:09.223 W/err     ( 7049): 	at android.os.Parcel.readException(Parcel.java:2978)
04-21 22:09:09.223 W/err     ( 7049): 	at android.os.Parcel.readException(Parcel.java:2920)
04-21 22:09:09.223 W/err     ( 7049): Caused by: android.os.RemoteException: Remote stack trace:
04-21 22:09:09.227 W/err     ( 7049): Error changing state for com.google.android.apps.docs.drive.directsharing.ChooserTargetService
04-21 22:09:09.227 W/err     ( 7049): java.lang.IllegalArgumentException: Component class com.google.android.apps.docs.drive.directsharing.ChooserTargetService does not exist in com.google.android.apps.docs
04-21 22:09:09.227 W/err     ( 7049): 	at android.os.Parcel.createExceptionOrNull(Parcel.java:3015)
04-21 22:09:09.227 W/err     ( 7049): 	at android.os.Parcel.createException(Parcel.java:2995)
04-21 22:09:09.227 W/err     ( 7049): 	at android.os.Parcel.readException(Parcel.java:2978)
04-21 22:09:09.227 W/err     ( 7049): 	at android.os.Parcel.readException(Parcel.java:2920)
04-21 22:09:09.227 W/err     ( 7049): Error changing state for com.google.android.apps.docs.drive.directsharing.ChooserTargetService
04-21 22:09:09.227 W/err     ( 7049): java.lang.IllegalArgumentException: Component class com.google.android.apps.docs.drive.directsharing.ChooserTargetService does not exist in com.google.android.apps.docs
04-21 22:09:09.227 W/err     ( 7049): 	at android.os.Parcel.createExceptionOrNull(Parcel.java:3015)
04-21 22:09:09.227 W/err     ( 7049): 	at android.os.Parcel.createException(Parcel.java:2995)
04-21 22:09:09.227 W/err     ( 7049): 	at android.os.Parcel.readException(Parcel.java:2978)
04-21 22:09:09.227 W/err     ( 7049): 	at android.os.Parcel.readException(Parcel.java:2920)
04-21 22:09:09.234 W/err     ( 7049): Error changing state for com.google.android.apps.docs.editors.shared.documentcreation.WidgetDocumentCreatorActivity
04-21 22:09:09.234 W/err     ( 7049): java.lang.IllegalArgumentException: Component class com.google.android.apps.docs.editors.shared.documentcreation.WidgetDocumentCreatorActivity does not exist in com.google.android.apps.docs
04-21 22:09:09.234 W/err     ( 7049): 	at android.os.Parcel.createExceptionOrNull(Parcel.java:3015)
04-21 22:09:09.234 W/err     ( 7049): 	at android.os.Parcel.createException(Parcel.java:2995)
04-21 22:09:09.234 W/err     ( 7049): 	at android.os.Parcel.readException(Parcel.java:2978)
04-21 22:09:09.234 W/err     ( 7049): 	at android.os.Parcel.readException(Parcel.java:2920)
04-21 22:09:09.234 W/err     ( 7049): Error changing state for com.google.android.apps.docs.editors.shared.documentcreation.WidgetDocumentCreatorActivity
04-21 22:09:09.234 W/err     ( 7049): java.lang.IllegalArgumentException: Component class com.google.android.apps.docs.editors.shared.documentcreation.WidgetDocumentCreatorActivity does not exist in com.google.android.apps.docs
04-21 22:09:09.234 W/err     ( 7049): 	at android.os.Parcel.createExceptionOrNull(Parcel.java:3015)
04-21 22:09:09.234 W/err     ( 7049): 	at android.os.Parcel.createException(Parcel.java:2995)
04-21 22:09:09.234 W/err     ( 7049): 	at android.os.Parcel.readException(Parcel.java:2978)
04-21 22:09:09.234 W/err     ( 7049): 	at android.os.Parcel.readException(Parcel.java:2920)
04-21 22:09:09.234 W/err     ( 7049): Error changing state for com.google.android.apps.docs.editors.shared.documentcreation.ExternalDocumentCreatorActivity
04-21 22:09:09.234 W/err     ( 7049): java.lang.IllegalArgumentException: Component class com.google.android.apps.docs.editors.shared.documentcreation.ExternalDocumentCreatorActivity does not exist in com.google.android.apps.docs
04-21 22:09:09.234 W/err     ( 7049): 	at android.os.Parcel.createExceptionOrNull(Parcel.java:3015)
04-21 22:09:09.234 W/err     ( 7049): 	at android.os.Parcel.createException(Parcel.java:2995)
04-21 22:09:09.234 W/err     ( 7049): 	at android.os.Parcel.readException(Parcel.java:2978)
04-21 22:09:09.234 W/err     ( 7049): 	at android.os.Parcel.readException(Parcel.java:2920)
04-21 22:09:09.234 W/err     ( 7049): Error changing state for com.google.android.apps.docs.editors.shared.documentcreation.ExternalDocumentCreatorActivity
04-21 22:09:09.234 W/err     ( 7049): java.lang.IllegalArgumentException: Component class com.google.android.apps.docs.editors.shared.documentcreation.ExternalDocumentCreatorActivity does not exist in com.google.android.apps.docs
04-21 22:09:09.234 W/err     ( 7049): 	at android.os.Parcel.createExceptionOrNull(Parcel.java:3015)
04-21 22:09:09.234 W/err     ( 7049): 	at android.os.Parcel.createException(Parcel.java:2995)
04-21 22:09:09.234 W/err     ( 7049): 	at android.os.Parcel.readException(Parcel.java:2978)
04-21 22:09:09.234 W/err     ( 7049): 	at android.os.Parcel.readException(Parcel.java:2920)
04-21 22:09:09.235 W/err     ( 7049): Error changing state for com.google.android.apps.docs.editors.shared.widgets.NewDocumentWidgetActivity
04-21 22:09:09.235 W/err     ( 7049): java.lang.IllegalArgumentException: Component class com.google.android.apps.docs.editors.shared.widgets.NewDocumentWidgetActivity does not exist in com.google.android.apps.docs
04-21 22:09:09.235 W/err     ( 7049): 	at android.os.Parcel.createExceptionOrNull(Parcel.java:3015)
04-21 22:09:09.235 W/err     ( 7049): 	at android.os.Parcel.createException(Parcel.java:2995)
04-21 22:09:09.235 W/err     ( 7049): 	at android.os.Parcel.readException(Parcel.java:2978)
04-21 22:09:09.235 W/err     ( 7049): 	at android.os.Parcel.readException(Parcel.java:2920)
04-21 22:09:09.235 W/err     ( 7049): Error changing state for com.google.android.apps.docs.editors.shared.widgets.NewDocumentWidgetActivity
04-21 22:09:09.235 W/err     ( 7049): java.lang.IllegalArgumentException: Component class com.google.android.apps.docs.editors.shared.widgets.NewDocumentWidgetActivity does not exist in com.google.android.apps.docs
04-21 22:09:09.235 W/err     ( 7049): 	at android.os.Parcel.createExceptionOrNull(Parcel.java:3015)
04-21 22:09:09.235 W/err     ( 7049): 	at android.os.Parcel.createException(Parcel.java:2995)
04-21 22:09:09.235 W/err     ( 7049): 	at android.os.Parcel.readException(Parcel.java:2978)
04-21 22:09:09.235 W/err     ( 7049): 	at android.os.Parcel.readException(Parcel.java:2920)
04-21 22:09:09.235 W/err     ( 7049): Error changing state for com.google.android.apps.docs.editors.shared.export.FileContentProvider
04-21 22:09:09.235 W/err     ( 7049): java.lang.IllegalArgumentException: Component class com.google.android.apps.docs.editors.shared.export.FileContentProvider does not exist in com.google.android.apps.docs
04-21 22:09:09.235 W/err     ( 7049): 	at android.os.Parcel.createExceptionOrNull(Parcel.java:3015)
04-21 22:09:09.235 W/err     ( 7049): 	at android.os.Parcel.createException(Parcel.java:2995)
04-21 22:09:09.235 W/err     ( 7049): 	at android.os.Parcel.readException(Parcel.java:2978)
04-21 22:09:09.235 W/err     ( 7049): 	at android.os.Parcel.readException(Parcel.java:2920)
04-21 22:09:09.235 W/err     ( 7049): Error changing state for com.google.android.apps.docs.editors.shared.export.FileContentProvider
04-21 22:09:09.235 W/err     ( 7049): java.lang.IllegalArgumentException: Component class com.google.android.apps.docs.editors.shared.export.FileContentProvider does not exist in com.google.android.apps.docs
04-21 22:09:09.235 W/err     ( 7049): 	at android.os.Parcel.createExceptionOrNull(Parcel.java:3015)
04-21 22:09:09.235 W/err     ( 7049): 	at android.os.Parcel.createException(Parcel.java:2995)
04-21 22:09:09.235 W/err     ( 7049): 	at android.os.Parcel.readException(Parcel.java:2978)
04-21 22:09:09.235 W/err     ( 7049): 	at android.os.Parcel.readException(Parcel.java:2920)
04-21 22:09:09.235 W/err     ( 7049): Error changing state for com.google.android.apps.docs.editors.shared.copypaste.AndroidClipboardContentProvider
04-21 22:09:09.235 W/err     ( 7049): java.lang.IllegalArgumentException: Component class com.google.android.apps.docs.editors.shared.copypaste.AndroidClipboardContentProvider does not exist in com.google.android.apps.docs
04-21 22:09:09.235 W/err     ( 7049): 	at android.os.Parcel.createExceptionOrNull(Parcel.java:3015)
04-21 22:09:09.235 W/err     ( 7049): 	at android.os.Parcel.createException(Parcel.java:2995)
04-21 22:09:09.235 W/err     ( 7049): 	at android.os.Parcel.readException(Parcel.java:2978)
04-21 22:09:09.235 W/err     ( 7049): 	at android.os.Parcel.readException(Parcel.java:2920)
04-21 22:09:09.235 W/err     ( 7049): Error changing state for com.google.android.apps.docs.editors.shared.copypaste.AndroidClipboardContentProvider
04-21 22:09:09.235 W/err     ( 7049): java.lang.IllegalArgumentException: Component class com.google.android.apps.docs.editors.shared.copypaste.AndroidClipboardContentProvider does not exist in com.google.android.apps.docs
04-21 22:09:09.235 W/err     ( 7049): 	at android.os.Parcel.createExceptionOrNull(Parcel.java:3015)
04-21 22:09:09.235 W/err     ( 7049): 	at android.os.Parcel.createException(Parcel.java:2995)
04-21 22:09:09.235 W/err     ( 7049): 	at android.os.Parcel.readException(Parcel.java:2978)
04-21 22:09:09.235 W/err     ( 7049): 	at android.os.Parcel.readException(Parcel.java:2920)
04-21 22:09:09.236 W/err     ( 7049): Error changing state for com.google.android.apps.docs.editors.shared.copypaste.AndroidImageContentProvider
04-21 22:09:09.236 W/err     ( 7049): java.lang.IllegalArgumentException: Component class com.google.android.apps.docs.editors.shared.copypaste.AndroidImageContentProvider does not exist in com.google.android.apps.docs
04-21 22:09:09.236 W/err     ( 7049): 	at android.os.Parcel.createExceptionOrNull(Parcel.java:3015)
04-21 22:09:09.236 W/err     ( 7049): 	at android.os.Parcel.createException(Parcel.java:2995)
04-21 22:09:09.236 W/err     ( 7049): 	at android.os.Parcel.readException(Parcel.java:2978)
04-21 22:09:09.236 W/err     ( 7049): 	at android.os.Parcel.readException(Parcel.java:2920)
04-21 22:09:09.236 W/err     ( 7049): Error changing state for com.google.android.apps.docs.editors.shared.copypaste.AndroidImageContentProvider
04-21 22:09:09.236 W/err     ( 7049): java.lang.IllegalArgumentException: Component class com.google.android.apps.docs.editors.shared.copypaste.AndroidImageContentProvider does not exist in com.google.android.apps.docs
04-21 22:09:09.236 W/err     ( 7049): 	at android.os.Parcel.createExceptionOrNull(Parcel.java:3015)
04-21 22:09:09.236 W/err     ( 7049): 	at android.os.Parcel.createException(Parcel.java:2995)
04-21 22:09:09.236 W/err     ( 7049): 	at android.os.Parcel.readException(Parcel.java:2978)
04-21 22:09:09.236 W/err     ( 7049): 	at android.os.Parcel.readException(Parcel.java:2920)
04-21 22:09:09.240 W/err     ( 7049): Error changing state for com.google.android.apps.docs.editors.shared.inserttool.clipboard.InsertToolClipboardContentProvider
04-21 22:09:09.240 W/err     ( 7049): java.lang.IllegalArgumentException: Component class com.google.android.apps.docs.editors.shared.inserttool.clipboard.InsertToolClipboardContentProvider does not exist in com.google.android.apps.docs
04-21 22:09:09.240 W/err     ( 7049): 	at android.os.Parcel.createExceptionOrNull(Parcel.java:3015)
04-21 22:09:09.240 W/err     ( 7049): 	at android.os.Parcel.createException(Parcel.java:2995)
04-21 22:09:09.240 W/err     ( 7049): 	at android.os.Parcel.readException(Parcel.java:2978)
04-21 22:09:09.240 W/err     ( 7049): 	at android.os.Parcel.readException(Parcel.java:2920)
04-21 22:09:09.240 W/err     ( 7049): Error changing state for com.google.android.apps.docs.editors.shared.inserttool.clipboard.InsertToolClipboardContentProvider
04-21 22:09:09.240 W/err     ( 7049): java.lang.IllegalArgumentException: Component class com.google.android.apps.docs.editors.shared.inserttool.clipboard.InsertToolClipboardContentProvider does not exist in com.google.android.apps.docs
04-21 22:09:09.240 W/err     ( 7049): 	at android.os.Parcel.createExceptionOrNull(Parcel.java:3015)
04-21 22:09:09.240 W/err     ( 7049): 	at android.os.Parcel.createException(Parcel.java:2995)
04-21 22:09:09.240 W/err     ( 7049): 	at android.os.Parcel.readException(Parcel.java:2978)
04-21 22:09:09.240 W/err     ( 7049): 	at android.os.Parcel.readException(Parcel.java:2920)
04-21 22:09:09.242 W/err     ( 7049): Error changing state for com.google.android.apps.docs.editors.shared.inserttool.clipboard.InsertToolImageContentProvider
04-21 22:09:09.242 W/err     ( 7049): java.lang.IllegalArgumentException: Component class com.google.android.apps.docs.editors.shared.inserttool.clipboard.InsertToolImageContentProvider does not exist in com.google.android.apps.docs
04-21 22:09:09.242 W/err     ( 7049): 	at android.os.Parcel.createExceptionOrNull(Parcel.java:3015)
04-21 22:09:09.242 W/err     ( 7049): 	at android.os.Parcel.createException(Parcel.java:2995)
04-21 22:09:09.242 W/err     ( 7049): 	at android.os.Parcel.readException(Parcel.java:2978)
04-21 22:09:09.242 W/err     ( 7049): 	at android.os.Parcel.readException(Parcel.java:2920)
04-21 22:09:09.242 W/err     ( 7049): Error changing state for com.google.android.apps.docs.editors.shared.inserttool.clipboard.InsertToolImageContentProvider
04-21 22:09:09.242 W/err     ( 7049): java.lang.IllegalArgumentException: Component class com.google.android.apps.docs.editors.shared.inserttool.clipboard.InsertToolImageContentProvider does not exist in com.google.android.apps.docs
04-21 22:09:09.242 W/err     ( 7049): 	at android.os.Parcel.createExceptionOrNull(Parcel.java:3015)
04-21 22:09:09.242 W/err     ( 7049): 	at android.os.Parcel.createException(Parcel.java:2995)
04-21 22:09:09.242 W/err     ( 7049): 	at android.os.Parcel.readException(Parcel.java:2978)
04-21 22:09:09.242 W/err     ( 7049): 	at android.os.Parcel.readException(Parcel.java:2920)
04-21 22:09:09.243 W/err     ( 7049): Error changing state for com.google.android.apps.docs.editors.kix.conversion.KixOnlineImportActivity
04-21 22:09:09.243 W/err     ( 7049): java.lang.IllegalArgumentException: Component class com.google.android.apps.docs.editors.kix.conversion.KixOnlineImportActivity does not exist in com.google.android.apps.docs
04-21 22:09:09.243 W/err     ( 7049): 	at android.os.Parcel.createExceptionOrNull(Parcel.java:3015)
04-21 22:09:09.243 W/err     ( 7049): 	at android.os.Parcel.createException(Parcel.java:2995)
04-21 22:09:09.243 W/err     ( 7049): 	at android.os.Parcel.readException(Parcel.java:2978)
04-21 22:09:09.243 W/err     ( 7049): 	at android.os.Parcel.readException(Parcel.java:2920)
04-21 22:09:09.243 W/err     ( 7049): Error changing state for com.google.android.apps.docs.editors.kix.conversion.KixOnlineImportActivity
04-21 22:09:09.243 W/err     ( 7049): java.lang.IllegalArgumentException: Component class com.google.android.apps.docs.editors.kix.conversion.KixOnlineImportActivity does not exist in com.google.android.apps.docs
04-21 22:09:09.243 W/err     ( 7049): 	at android.os.Parcel.createExceptionOrNull(Parcel.java:3015)
04-21 22:09:09.243 W/err     ( 7049): 	at android.os.Parcel.createException(Parcel.java:2995)
04-21 22:09:09.243 W/err     ( 7049): 	at android.os.Parcel.readException(Parcel.java:2978)
04-21 22:09:09.243 W/err     ( 7049): 	at android.os.Parcel.readException(Parcel.java:2920)
04-21 22:09:09.244 W/err     ( 7049): Error changing state for com.google.android.apps.docs.editors.ritz.conversion.RitzOnlineImportActivity
04-21 22:09:09.244 W/err     ( 7049): java.lang.IllegalArgumentException: Component class com.google.android.apps.docs.editors.ritz.conversion.RitzOnlineImportActivity does not exist in com.google.android.apps.docs
04-21 22:09:09.244 W/err     ( 7049): 	at android.os.Parcel.createExceptionOrNull(Parcel.java:3015)
04-21 22:09:09.244 W/err     ( 7049): 	at android.os.Parcel.createException(Parcel.java:2995)
04-21 22:09:09.244 W/err     ( 7049): 	at android.os.Parcel.readException(Parcel.java:2978)
04-21 22:09:09.244 W/err     ( 7049): 	at android.os.Parcel.readException(Parcel.java:2920)
04-21 22:09:09.244 W/err     ( 7049): Error changing state for com.google.android.apps.docs.editors.ritz.conversion.RitzOnlineImportActivity
04-21 22:09:09.244 W/err     ( 7049): java.lang.IllegalArgumentException: Component class com.google.android.apps.docs.editors.ritz.conversion.RitzOnlineImportActivity does not exist in com.google.android.apps.docs
04-21 22:09:09.244 W/err     ( 7049): 	at android.os.Parcel.createExceptionOrNull(Parcel.java:3015)
04-21 22:09:09.244 W/err     ( 7049): 	at android.os.Parcel.createException(Parcel.java:2995)
04-21 22:09:09.244 W/err     ( 7049): 	at android.os.Parcel.readException(Parcel.java:2978)
04-21 22:09:09.244 W/err     ( 7049): 	at android.os.Parcel.readException(Parcel.java:2920)
04-21 22:09:09.245 W/err     ( 7049): Error changing state for com.google.android.apps.docs.editors.punch.conversion.PunchOnlineImportActivity
04-21 22:09:09.245 W/err     ( 7049): java.lang.IllegalArgumentException: Component class com.google.android.apps.docs.editors.punch.conversion.PunchOnlineImportActivity does not exist in com.google.android.apps.docs
04-21 22:09:09.245 W/err     ( 7049): 	at android.os.Parcel.createExceptionOrNull(Parcel.java:3015)
04-21 22:09:09.245 W/err     ( 7049): 	at android.os.Parcel.createException(Parcel.java:2995)
04-21 22:09:09.245 W/err     ( 7049): 	at android.os.Parcel.readException(Parcel.java:2978)
04-21 22:09:09.245 W/err     ( 7049): 	at android.os.Parcel.readException(Parcel.java:2920)
04-21 22:09:09.245 W/err     ( 7049): Error changing state for com.google.android.apps.docs.editors.punch.conversion.PunchOnlineImportActivity
04-21 22:09:09.245 W/err     ( 7049): java.lang.IllegalArgumentException: Component class com.google.android.apps.docs.editors.punch.conversion.PunchOnlineImportActivity does not exist in com.google.android.apps.docs
04-21 22:09:09.245 W/err     ( 7049): 	at android.os.Parcel.createExceptionOrNull(Parcel.java:3015)
04-21 22:09:09.245 W/err     ( 7049): 	at android.os.Parcel.createException(Parcel.java:2995)
04-21 22:09:09.245 W/err     ( 7049): 	at android.os.Parcel.readException(Parcel.java:2978)
04-21 22:09:09.245 W/err     ( 7049): 	at android.os.Parcel.readException(Parcel.java:2920)
04-21 22:09:10.827 E/OneSearchSuggestProvider( 1043): io.grpc.StatusRuntimeException: UNKNOWN
04-21 22:09:18.499 D/NetworkMonitor/100(  784): PROBE_HTTPS https://www.google.com/generate_204 Probe failed with exception java.net.SocketTimeoutException: failed to connect to www.google.com/2001::1 (port 443) from /fec0::5054:ff:fe12:3456 (port 55952) after 10000ms
04-21 22:10:16.749 W/Binder  (  519): Caught a RuntimeException from the binder stub implementation.
04-21 22:10:16.749 W/Binder  (  519): java.lang.ArrayIndexOutOfBoundsException: Array index out of range: 0
04-21 22:10:16.884 W/OpenGLRenderer( 7287): Failed to initialize 101010-2 format, error = EGL_SUCCESS
04-21 22:10:16.885 I/ReactNativeJS( 7287): Running "MixcRetailAssemblyRN84"
04-21 22:10:16.934 I/assembly.android.mixc-retail-rn84.boot( 7287): {"stage":"resolve-topology:start","displayIndex":0,"displayCount":1}
04-21 22:10:16.935 I/assembly.android.mixc-retail-rn84.boot( 7287): {"stage":"resolve-topology:done","displayIndex":0,"displayCount":1}
04-21 22:10:16.944 I/assembly.kernel.base.runtime-shell-v2.state-runtime( 7287): [runtime.load] load kernel.base.runtime-shell-v2 {"slices":["kernel.base.runtime-shell-v2.error-catalog","kernel.base.runtime-shell-v2.parameter-catalog","kernel.base.topology-runtime-v3.config","kernel.base.topology-runtime-v3.context","kernel.base.topology-runtime-v3.connection","kernel.base.topology-runtime-v3.peer","kernel.base.topology-runtime-v3.sync","kernel.base.topology-runtime-v3.request-mirror","kernel.base.topology-runtime-v3.demo.master","kernel.base.topology-runtime-v3.demo.slave","kernel.base.tcp-control-runtime-v2.identity","kernel.base.tcp-control-runtime-v2.credential","kernel.base.tcp-control-runtime-v2.binding","kernel.base.tcp-control-runtime-v2.sandbox","kernel.base.tcp-control-runtime-v2.runtime","kernel.base.tdp-sync-runtime-v2.session","kernel.base.tdp-sync-runtime-v2.sync","kernel.base.tdp-sync-runtime-v2.projection","kernel.base.tdp-sync-runtime-v2.command-inbox","kernel.base.tdp-sync-runtime-v2.control-signals","kernel.base.tdp-sync-runtime-v2.hot-update","kernel.base.workflow-runtime-v2.definitions","kernel.base.workflow-runtime-v2.observations","kernel.base.workflow-runtime-v2.queue","kernel.base.ui-runtime-v2.screen.main","kernel.base.ui-runtime-v2.screen.branch","kernel.base.ui-runtime-v2.overlay.main","kernel.base.ui-runtime-v2.overlay.branch","kernel.base.ui-runtime-v2.ui-variable.main","kernel.base.ui-runtime-v2.ui-variable.branch","ui.base.admin-console.console"],"persistableSlices":["kernel.base.runtime-shell-v2.error-catalog","kernel.base.runtime-shell-v2.parameter-catalog","kernel.base.topology-runtime-v3.config","kernel.base.tcp-control-runtime-v2.identity","kernel.base.tcp-control-runtime-v2.credential","kernel.base.tcp-control-runtime-v2.binding","kernel.base.tcp-control-runtime-v2.sandbox","kernel.base.tdp-sync-runtime-v2.sync","kernel.base.tdp-sync-runtime-v2.projection","kernel.base.tdp-sync-runtime-v2.hot-update","kernel.base.workflow-runtime-v2.definitions","kernel.base.ui-runtime-v2.screen.main","kernel.base.ui-runtime-v2.screen.branch","kernel.base.ui-runtime-v2.overlay.main","kernel.base.ui-runtime-v2.overlay.branch","kernel.base.ui-runtime-v2.ui-variable.main","kernel.base.ui-runtime-v2.ui-variable.branch","ui.base.admin-console.console"],"persistenceEnabled":true}
04-21 22:10:16.945 I/assembly.kernel.base.runtime-shell-v2.application.KernelRuntimeAppV2( 7287): [runtime.load] created kernel runtime app v2 {"runtimeName":"assembly.android.mixc-retail-rn84","runtimeId":"run_mo8pay9a_nllktez4x726n63a","localNodeId":"master:6Z2H3BSGEY","moduleNames":["assembly.android.mixc-retail-rn84","kernel.base.topology-runtime-v3","kernel.base.tcp-control-runtime-v2","kernel.base.tdp-sync-runtime-v2","kernel.base.workflow-runtime-v2","kernel.base.ui-runtime-v2","ui.base.runtime-react","ui.base.input-runtime","ui.base.admin-console","ui.base.terminal-console","ui.integration.retail-shell"]}
04-21 22:10:16.945 I/assembly.kernel.base.runtime-shell-v2.application.KernelRuntimeAppV2( 7287): [runtime.load] start kernel runtime app v2 pre-setup {"runtimeName":"assembly.android.mixc-retail-rn84","moduleNames":["assembly.android.mixc-retail-rn84","kernel.base.topology-runtime-v3","kernel.base.tcp-control-runtime-v2","kernel.base.tdp-sync-runtime-v2","kernel.base.workflow-runtime-v2","kernel.base.ui-runtime-v2","ui.base.runtime-react","ui.base.input-runtime","ui.base.admin-console","ui.base.terminal-console","ui.integration.retail-shell"]}
04-21 22:10:16.945 I/assembly.assembly.android.mixc-retail-rn84( 7287): [runtime.load] pre-setup assembly.android.mixc-retail-rn84 {"moduleName":"assembly.android.mixc-retail-rn84","runtimeNodeId":"master:6Z2H3BSGEY","knownModules":["assembly.android.mixc-retail-rn84","kernel.base.topology-runtime-v3","kernel.base.tcp-control-runtime-v2","kernel.base.tdp-sync-runtime-v2","kernel.base.workflow-runtime-v2","kernel.base.ui-runtime-v2","ui.base.runtime-react","ui.base.input-runtime","ui.base.admin-console","ui.base.terminal-console","ui.integration.retail-shell"]}
04-21 22:10:16.946 I/assembly.kernel.base.runtime-shell-v2.application.KernelRuntimeAppV2( 7287): [runtime.load] completed module pre-setup {"moduleName":"assembly.android.mixc-retail-rn84","packageVersion":"1.0.0","dependencies":[],"stateSliceNames":[],"commandNames":[],"actorKeys":["assembly.android.mixc-retail-rn84.AssemblyRuntimeInitializeActor"],"errorKeys":[],"parameterKeys":[],"hasInstall":true,"hasPreSetup":true}
04-21 22:10:16.947 I/assembly.assembly.android.mixc-retail-rn84( 7287): [runtime.load] pre-setup kernel.base.topology-runtime-v3 {"moduleName":"kernel.base.topology-runtime-v3","runtimeNodeId":"master:6Z2H3BSGEY","knownModules":["assembly.android.mixc-retail-rn84","kernel.base.topology-runtime-v3","kernel.base.tcp-control-runtime-v2","kernel.base.tdp-sync-runtime-v2","kernel.base.workflow-runtime-v2","kernel.base.ui-runtime-v2","ui.base.runtime-react","ui.base.input-runtime","ui.base.admin-console","ui.base.terminal-console","ui.integration.retail-shell"]}
04-21 22:10:16.947 I/assembly.kernel.base.runtime-shell-v2.application.KernelRuntimeAppV2( 7287): [runtime.load] completed module pre-setup {"moduleName":"kernel.base.topology-runtime-v3","packageVersion":"0.0.1","dependencies":[],"stateSliceNames":["kernel.base.topology-runtime-v3.config","kernel.base.topology-runtime-v3.context","kernel.base.topology-runtime-v3.connection","kernel.base.topology-runtime-v3.peer","kernel.base.topology-runtime-v3.sync","kernel.base.topology-runtime-v3.request-mirror","kernel.base.topology-runtime-v3.demo.master","kernel.base.topology-runtime-v3.demo.slave"],"commandNames":["kernel.base.topology-runtime-v3.set-instance-mode","kernel.base.topology-runtime-v3.set-display-mode","kernel.base.topology-runtime-v3.set-enable-slave","kernel.base.topology-runtime-v3.set-master-locator","kernel.base.topology-runtime-v3.clear-master-locator","kernel.base.topology-runtime-v3.refresh-topology-context","kernel.base.topology-runtime-v3.start-topology-connection","kernel.base.topology-runtime-v3.stop-topology-connection","kernel.base.topology-runtime-v3.restart-topology-connection","kernel.base.topology-runtime-v3.upsert-demo-master-entry","kernel.base.topology-runtime-v3.remove-demo-master-entry","kernel.base.topology-runtime-v3.reset-demo-master-state","kernel.base.topology-runtime-v3.upsert-demo-slave-entry","kernel.base.topology-runtime-v3.remove-demo-slave-entry","kernel.base.topology-runtime-v3.reset-demo-slave-state"],"actorKeys":["kernel.base.topology-runtime-v3.TopologyContextActor","kernel.base.topology-runtime-v3.TopologyConnectionActor","kernel.base.topology-runtime-v3.TopologyDemoSyncActor"],"errorKeys":["kernel.base.topology-runtime-v3.display_context_required","kernel.base.topology-runtime-v3.orchestrator_required","kernel.base.topology-runtime-v3.socket_binding_required","kernel.base.topology-runtime-v3.hello_runtime_required","kernel.base.topology-runtime-v3.action_not_allowed"],"parameterKeys":["kernel.base.topology-runtime-v3.reconnect-interval-ms"],"hasInstall":true,"hasPreSetup":true}
04-21 22:10:16.948 I/assembly.assembly.android.mixc-retail-rn84( 7287): [runtime.load] pre-setup kernel.base.tcp-control-runtime-v2 {"moduleName":"kernel.base.tcp-control-runtime-v2","runtimeNodeId":"master:6Z2H3BSGEY","knownModules":["assembly.android.mixc-retail-rn84","kernel.base.topology-runtime-v3","kernel.base.tcp-control-runtime-v2","kernel.base.tdp-sync-runtime-v2","kernel.base.workflow-runtime-v2","kernel.base.ui-runtime-v2","ui.base.runtime-react","ui.base.input-runtime","ui.base.admin-console","ui.base.terminal-console","ui.integration.retail-shell"]}
04-21 22:10:16.949 I/assembly.kernel.base.runtime-shell-v2.application.KernelRuntimeAppV2( 7287): [runtime.load] completed module pre-setup {"moduleName":"kernel.base.tcp-control-runtime-v2","packageVersion":"0.0.1","dependencies":[],"stateSliceNames":["kernel.base.tcp-control-runtime-v2.identity","kernel.base.tcp-control-runtime-v2.credential","kernel.base.tcp-control-runtime-v2.binding","kernel.base.tcp-control-runtime-v2.sandbox","kernel.base.tcp-control-runtime-v2.runtime"],"commandNames":["kernel.base.tcp-control-runtime-v2.bootstrap-tcp-control","kernel.base.tcp-control-runtime-v2.bootstrap-tcp-control-succeeded","kernel.base.tcp-control-runtime-v2.activate-terminal","kernel.base.tcp-control-runtime-v2.activate-terminal-succeeded","kernel.base.tcp-control-runtime-v2.refresh-credential","kernel.base.tcp-control-runtime-v2.credential-refreshed","kernel.base.tcp-control-runtime-v2.deactivate-terminal","kernel.base.tcp-control-runtime-v2.deactivate-terminal-succeeded","kernel.base.tcp-control-runtime-v2.report-task-result","kernel.base.tcp-control-runtime-v2.task-result-reported","kernel.base.tcp-control-runtime-v2.reset-tcp-control"],"actorKeys":["kernel.base.tcp-control-runtime-v2.TcpBootstrapActor","kernel.base.tcp-control-runtime-v2.TcpActivationActor","kernel.base.tcp-control-runtime-v2.TcpCredentialActor","kernel.base.tcp-control-runtime-v2.TcpDeactivationActor","kernel.base.tcp-control-runtime-v2.TcpTaskReportActor","kernel.base.tcp-control-runtime-v2.TcpStateMutationActor"],"errorKeys":["kernel.base.tcp-control-runtime-v2.activation_code_invalid","kernel.base.tcp-control-runtime-v2.activation_failed","kernel.base.tcp-control-runtime-v2.credential_missing","kernel.base.tcp-control-runtime-v2.credential_expired","kernel.base.tcp-control-runtime-v2.refresh_failed","kernel.base.tcp-control-runtime-v2.deactivation_failed","kernel.base.tcp-control-runtime-v2.task_result_report_failed","kernel.base.tcp-control-runtime-v2.bootstrap_hydration_failed"],"parameterKeys":["kernel.base.tcp-control-runtime-v2.credential-refresh-lead-time-ms"],"hasInstall":true,"hasPreSetup":true}
04-21 22:10:16.950 I/assembly.assembly.android.mixc-retail-rn84( 7287): [runtime.load] pre-setup kernel.base.tdp-sync-runtime-v2 {"moduleName":"kernel.base.tdp-sync-runtime-v2","runtimeNodeId":"master:6Z2H3BSGEY","knownModules":["assembly.android.mixc-retail-rn84","kernel.base.topology-runtime-v3","kernel.base.tcp-control-runtime-v2","kernel.base.tdp-sync-runtime-v2","kernel.base.workflow-runtime-v2","kernel.base.ui-runtime-v2","ui.base.runtime-react","ui.base.input-runtime","ui.base.admin-console","ui.base.terminal-console","ui.integration.retail-shell"]}
04-21 22:10:16.951 I/assembly.kernel.base.runtime-shell-v2.application.KernelRuntimeAppV2( 7287): [runtime.load] completed module pre-setup {"moduleName":"kernel.base.tdp-sync-runtime-v2","packageVersion":"0.0.1","dependencies":["kernel.base.tcp-control-runtime-v2"],"stateSliceNames":["kernel.base.tdp-sync-runtime-v2.session","kernel.base.tdp-sync-runtime-v2.sync","kernel.base.tdp-sync-runtime-v2.projection","kernel.base.tdp-sync-runtime-v2.command-inbox","kernel.base.tdp-sync-runtime-v2.control-signals","kernel.base.tdp-sync-runtime-v2.hot-update"],"commandNames":["kernel.base.tdp-sync-runtime-v2.bootstrap-tdp-sync","kernel.base.tdp-sync-runtime-v2.bootstrap-tdp-sync-succeeded","kernel.base.tdp-sync-runtime-v2.connect-tdp-session","kernel.base.tdp-sync-runtime-v2.disconnect-tdp-session","kernel.base.tdp-sync-runtime-v2.acknowledge-cursor","kernel.base.tdp-sync-runtime-v2.report-applied-cursor","kernel.base.tdp-sync-runtime-v2.send-ping","kernel.base.tdp-sync-runtime-v2.record-user-operation","kernel.base.tdp-sync-runtime-v2.topic-data-changed","kernel.base.tdp-sync-runtime-v2.recompute-resolved-topic-changes","kernel.base.tdp-sync-runtime-v2.snapshot-loaded","kernel.base.tdp-sync-runtime-v2.changes-loaded","kernel.base.tdp-sync-runtime-v2.projection-received","kernel.base.tdp-sync-runtime-v2.projection-batch-received","kernel.base.tdp-sync-runtime-v2.command-delivered","kernel.base.tdp-sync-runtime-v2.session-ready","kernel.base.tdp-sync-runtime-v2.pong-received","kernel.base.tdp-sync-runtime-v2.edge-degraded","kernel.base.tdp-sync-runtime-v2.session-rehome-required","kernel.base.tdp-sync-runtime-v2.protocol-failed","kernel.base.tdp-sync-runtime-v2.message-received"],"actorKeys":["kernel.base.tdp-sync-runtime-v2.TdpInitializeActor","kernel.base.tdp-sync-runtime-v2.TdpAutoConnectActor","kernel.base.tdp-sync-runtime-v2.TdpBootstrapActor","kernel.base.tdp-sync-runtime-v2.TdpSessionConnectionActor","kernel.base.tdp-sync-runtime-v2.TdpMessageActor","kernel.base.tdp-sync-runtime-v2.TdpProjectionRepositoryActor","kernel.base.tdp-sync-runtime-v2.TdpCursorFeedbackActor","kernel.base.tdp-sync-runtime-v2.TdpCommandInboxActor","kernel.base.tdp-sync-runtime-v2.TdpCommandAckActor","kernel.base.tdp-sync-runtime-v2.TdpSessionStateActor","kernel.base.tdp-sync-runtime-v2.TdpTopicChangeActor","kernel.base.tdp-sync-runtime-v2.TdpSystemCatalogBridgeActor","kernel.base.tdp-sync-runtime-v2.TdpUserOperationActor"],"errorKeys":["kernel.base.tdp-sync-runtime-v2.credential_missing","kernel.base.tdp-sync-runtime-v2.handshake_failed","kernel.base.tdp-sync-runtime-v2.protocol_error","kernel.base.tdp-sync-runtime-v2.projection_apply_failed","kernel.base.tdp-sync-runtime-v2.assembly_required"],"parameterKeys":["kernel.base.tdp-sync-runtime-v2.ping-interval-ms","kernel.base.tdp-sync-runtime-v2.reconnect-interval-ms","kernel.base.tdp-sync-runtime-v2.reconnect-attempts","kernel.base.tdp-sync-runtime-v2.connection-timeout-ms","kernel.base.tdp-sync-runtime-v2.heartbeat-timeout-ms","kernel.base.tdp-sync-runtime-v2.hot-update-idle-threshold-ms"],"hasInstall":true,"hasPreSetup":true}
04-21 22:10:16.951 I/assembly.assembly.android.mixc-retail-rn84( 7287): [runtime.load] pre-setup kernel.base.workflow-runtime-v2 {"moduleName":"kernel.base.workflow-runtime-v2","runtimeNodeId":"master:6Z2H3BSGEY","knownModules":["assembly.android.mixc-retail-rn84","kernel.base.topology-runtime-v3","kernel.base.tcp-control-runtime-v2","kernel.base.tdp-sync-runtime-v2","kernel.base.workflow-runtime-v2","kernel.base.ui-runtime-v2","ui.base.runtime-react","ui.base.input-runtime","ui.base.admin-console","ui.base.terminal-console","ui.integration.retail-shell"]}
04-21 22:10:16.952 I/assembly.kernel.base.runtime-shell-v2.application.KernelRuntimeAppV2( 7287): [runtime.load] completed module pre-setup {"moduleName":"kernel.base.workflow-runtime-v2","packageVersion":"0.0.1","dependencies":["kernel.base.tdp-sync-runtime-v2"],"stateSliceNames":["kernel.base.workflow-runtime-v2.definitions","kernel.base.workflow-runtime-v2.observations","kernel.base.workflow-runtime-v2.queue"],"commandNames":["kernel.base.workflow-runtime-v2.run-workflow","kernel.base.workflow-runtime-v2.cancel-workflow-run","kernel.base.workflow-runtime-v2.register-workflow-definitions","kernel.base.workflow-runtime-v2.remove-workflow-definition"],"actorKeys":["kernel.base.workflow-runtime-v2.WorkflowDefinitionMutationActor","kernel.base.workflow-runtime-v2.WorkflowControlActor","kernel.base.workflow-runtime-v2.WorkflowRunActor","kernel.base.workflow-runtime-v2.WorkflowRemoteDefinitionActor"],"errorKeys":["kernel.base.workflow-runtime-v2.workflow_definition_not_found","kernel.base.workflow-runtime-v2.workflow_definition_disabled","kernel.base.workflow-runtime-v2.duplicate_request","kernel.base.workflow-runtime-v2.workflow_run_not_found","kernel.base.workflow-runtime-v2.workflow_execution_failed","kernel.base.workflow-runtime-v2.workflow_step_failed","kernel.base.workflow-runtime-v2.workflow_script_failed","kernel.base.workflow-runtime-v2.workflow_queue_corrupted"],"parameterKeys":["kernel.base.workflow-runtime-v2.default-workflow-timeout-ms","kernel.base.workflow-runtime-v2.default-step-timeout-ms","kernel.base.workflow-runtime-v2.event-history-limit","kernel.base.workflow-runtime-v2.completed-observation-limit","kernel.base.workflow-runtime-v2.queue-size-limit"],"hasInstall":true,"hasPreSetup":true}
04-21 22:10:16.952 I/assembly.assembly.android.mixc-retail-rn84( 7287): [runtime.load] pre-setup kernel.base.ui-runtime-v2 {"moduleName":"kernel.base.ui-runtime-v2","runtimeNodeId":"master:6Z2H3BSGEY","knownModules":["assembly.android.mixc-retail-rn84","kernel.base.topology-runtime-v3","kernel.base.tcp-control-runtime-v2","kernel.base.tdp-sync-runtime-v2","kernel.base.workflow-runtime-v2","kernel.base.ui-runtime-v2","ui.base.runtime-react","ui.base.input-runtime","ui.base.admin-console","ui.base.terminal-console","ui.integration.retail-shell"]}
04-21 22:10:16.953 I/assembly.kernel.base.runtime-shell-v2.application.KernelRuntimeAppV2( 7287): [runtime.load] completed module pre-setup {"moduleName":"kernel.base.ui-runtime-v2","packageVersion":"0.0.1","dependencies":[],"stateSliceNames":["kernel.base.ui-runtime-v2.screen.main","kernel.base.ui-runtime-v2.screen.branch","kernel.base.ui-runtime-v2.overlay.main","kernel.base.ui-runtime-v2.overlay.branch","kernel.base.ui-runtime-v2.ui-variable.main","kernel.base.ui-runtime-v2.ui-variable.branch"],"commandNames":["kernel.base.ui-runtime-v2.register-screen-definitions","kernel.base.ui-runtime-v2.show-screen","kernel.base.ui-runtime-v2.replace-screen","kernel.base.ui-runtime-v2.reset-screen","kernel.base.ui-runtime-v2.open-overlay","kernel.base.ui-runtime-v2.close-overlay","kernel.base.ui-runtime-v2.clear-overlays","kernel.base.ui-runtime-v2.set-ui-variables","kernel.base.ui-runtime-v2.clear-ui-variables"],"actorKeys":["kernel.base.ui-runtime-v2.UiRuntimeScreenRegistryActor","kernel.base.ui-runtime-v2.UiRuntimeScreenRuntimeActor","kernel.base.ui-runtime-v2.UiRuntimeOverlayRuntimeActor","kernel.base.ui-runtime-v2.UiRuntimeVariableRuntimeActor"],"errorKeys":["kernel.base.ui-runtime-v2.invalid_screen_target","kernel.base.ui-runtime-v2.duplicated_screen_definition","kernel.base.ui-runtime-v2.overlay_id_required"],"parameterKeys":["kernel.base.ui-runtime-v2.registry.cache-size-hint"],"hasInstall":true,"hasPreSetup":true}
04-21 22:10:16.956 I/assembly.assembly.android.mixc-retail-rn84( 7287): [runtime.load] pre-setup ui.base.runtime-react {"moduleName":"ui.base.runtime-react","runtimeNodeId":"master:6Z2H3BSGEY","knownModules":["assembly.android.mixc-retail-rn84","kernel.base.topology-runtime-v3","kernel.base.tcp-control-runtime-v2","kernel.base.tdp-sync-runtime-v2","kernel.base.workflow-runtime-v2","kernel.base.ui-runtime-v2","ui.base.runtime-react","ui.base.input-runtime","ui.base.admin-console","ui.base.terminal-console","ui.integration.retail-shell"]}
04-21 22:10:16.958 I/assembly.kernel.base.runtime-shell-v2.application.KernelRuntimeAppV2( 7287): [runtime.load] completed module pre-setup {"moduleName":"ui.base.runtime-react","packageVersion":"0.0.1","dependencies":["kernel.base.ui-runtime-v2"],"stateSliceNames":[],"commandNames":[],"actorKeys":[],"errorKeys":[],"parameterKeys":[],"hasInstall":true,"hasPreSetup":true}
04-21 22:10:16.962 I/assembly.assembly.android.mixc-retail-rn84( 7287): [runtime.load] pre-setup ui.base.input-runtime {"moduleName":"ui.base.input-runtime","runtimeNodeId":"master:6Z2H3BSGEY","knownModules":["assembly.android.mixc-retail-rn84","kernel.base.topology-runtime-v3","kernel.base.tcp-control-runtime-v2","kernel.base.tdp-sync-runtime-v2","kernel.base.workflow-runtime-v2","kernel.base.ui-runtime-v2","ui.base.runtime-react","ui.base.input-runtime","ui.base.admin-console","ui.base.terminal-console","ui.integration.retail-shell"]}
04-21 22:10:16.963 I/assembly.kernel.base.runtime-shell-v2.application.KernelRuntimeAppV2( 7287): [runtime.load] completed module pre-setup {"moduleName":"ui.base.input-runtime","packageVersion":"0.0.1","dependencies":[],"stateSliceNames":[],"commandNames":[],"actorKeys":[],"errorKeys":[],"parameterKeys":[],"hasInstall":true,"hasPreSetup":true}
04-21 22:10:16.963 I/assembly.assembly.android.mixc-retail-rn84( 7287): [runtime.load] pre-setup ui.base.admin-console {"moduleName":"ui.base.admin-console","runtimeNodeId":"master:6Z2H3BSGEY","knownModules":["assembly.android.mixc-retail-rn84","kernel.base.topology-runtime-v3","kernel.base.tcp-control-runtime-v2","kernel.base.tdp-sync-runtime-v2","kernel.base.workflow-runtime-v2","kernel.base.ui-runtime-v2","ui.base.runtime-react","ui.base.input-runtime","ui.base.admin-console","ui.base.terminal-console","ui.integration.retail-shell"]}
04-21 22:10:16.963 I/assembly.kernel.base.runtime-shell-v2.application.KernelRuntimeAppV2( 7287): [runtime.load] completed module pre-setup {"moduleName":"ui.base.admin-console","packageVersion":"0.0.1","dependencies":[],"stateSliceNames":["ui.base.admin-console.console"],"commandNames":["ui.base.admin-console.scan-and-import-topology-master"],"actorKeys":["ui.base.admin-console.AdminTopologyActor"],"errorKeys":[],"parameterKeys":[],"hasInstall":true,"hasPreSetup":true}
04-21 22:10:16.964 I/assembly.assembly.android.mixc-retail-rn84( 7287): [runtime.load] pre-setup ui.base.terminal-console {"moduleName":"ui.base.terminal-console","runtimeNodeId":"master:6Z2H3BSGEY","knownModules":["assembly.android.mixc-retail-rn84","kernel.base.topology-runtime-v3","kernel.base.tcp-control-runtime-v2","kernel.base.tdp-sync-runtime-v2","kernel.base.workflow-runtime-v2","kernel.base.ui-runtime-v2","ui.base.runtime-react","ui.base.input-runtime","ui.base.admin-console","ui.base.terminal-console","ui.integration.retail-shell"]}
04-21 22:10:16.964 I/assembly.kernel.base.runtime-shell-v2.application.KernelRuntimeAppV2( 7287): [runtime.load] completed module pre-setup {"moduleName":"ui.base.terminal-console","packageVersion":"0.0.1","dependencies":[],"stateSliceNames":[],"commandNames":[],"actorKeys":[],"errorKeys":[],"parameterKeys":[],"hasInstall":true,"hasPreSetup":true}
04-21 22:10:16.964 I/assembly.assembly.android.mixc-retail-rn84( 7287): [runtime.load] pre-setup ui.integration.retail-shell {"moduleName":"ui.integration.retail-shell","runtimeNodeId":"master:6Z2H3BSGEY","knownModules":["assembly.android.mixc-retail-rn84","kernel.base.topology-runtime-v3","kernel.base.tcp-control-runtime-v2","kernel.base.tdp-sync-runtime-v2","kernel.base.workflow-runtime-v2","kernel.base.ui-runtime-v2","ui.base.runtime-react","ui.base.input-runtime","ui.base.admin-console","ui.base.terminal-console","ui.integration.retail-shell"]}
04-21 22:10:16.964 I/assembly.kernel.base.runtime-shell-v2.application.KernelRuntimeAppV2( 7287): [runtime.load] completed module pre-setup {"moduleName":"ui.integration.retail-shell","packageVersion":"1.0.0","dependencies":["kernel.base.ui-runtime-v2","kernel.base.tcp-control-runtime-v2","ui.base.runtime-react","ui.base.input-runtime","ui.base.admin-console","ui.base.terminal-console"],"stateSliceNames":[],"commandNames":[],"actorKeys":["ui.integration.retail-shell.RetailShellRuntimeInitializeActor","ui.integration.retail-shell.RetailShellTcpLifecycleActor"],"errorKeys":[],"parameterKeys":[],"hasInstall":true,"hasPreSetup":true}
04-21 22:10:16.965 I/assembly.assembly.android.mixc-retail-rn84( 7287): [runtime.load] start runtime-shell-v2 {"runtimeId":"run_mo8pay9a_nllktez4x726n63a","localNodeId":"master:6Z2H3BSGEY","modules":["kernel.base.runtime-shell-v2","assembly.android.mixc-retail-rn84","kernel.base.topology-runtime-v3","kernel.base.tcp-control-runtime-v2","kernel.base.tdp-sync-runtime-v2","kernel.base.workflow-runtime-v2","kernel.base.ui-runtime-v2","ui.base.runtime-react","ui.base.input-runtime","ui.base.admin-console","ui.base.terminal-console","ui.integration.retail-shell"],"actorCount":80}
04-21 22:10:16.985 I/assembly.assembly.android.mixc-retail-rn84( 7287): [assembly.topology] Create assembly topology socket binding {"displayIndex":0,"role":"master","localNodeId":"master:6Z2H3BSGEY","resolvedPathTemplate":"/ws"}
04-21 22:10:16.985 I/assembly.assembly.android.mixc-retail-rn84( 7287): [runtime.load] install kernel.base.topology-runtime-v3 {"moduleName":"kernel.base.topology-runtime-v3","stateSlices":["kernel.base.topology-runtime-v3.config","kernel.base.topology-runtime-v3.context","kernel.base.topology-runtime-v3.connection","kernel.base.topology-runtime-v3.peer","kernel.base.topology-runtime-v3.sync","kernel.base.topology-runtime-v3.request-mirror","kernel.base.topology-runtime-v3.demo.master","kernel.base.topology-runtime-v3.demo.slave"],"commandNames":["kernel.base.topology-runtime-v3.set-instance-mode","kernel.base.topology-runtime-v3.set-display-mode","kernel.base.topology-runtime-v3.set-enable-slave","kernel.base.topology-runtime-v3.set-master-locator","kernel.base.topology-runtime-v3.clear-master-locator","kernel.base.topology-runtime-v3.refresh-topology-context","kernel.base.topology-runtime-v3.start-topology-connection","kernel.base.topology-runtime-v3.stop-topology-connection","kernel.base.topology-runtime-v3.restart-topology-connection","kernel.base.topology-runtime-v3.upsert-demo-master-entry","kernel.base.topology-runtime-v3.remove-demo-master-entry","kernel.base.topology-runtime-v3.reset-demo-master-state","kernel.base.topology-runtime-v3.upsert-demo-slave-entry","kernel.base.topology-runtime-v3.remove-demo-slave-entry","kernel.base.topology-runtime-v3.reset-demo-slave-state"]}
04-21 22:10:16.985 I/assembly.assembly.android.mixc-retail-rn84( 7287): [runtime.load] install kernel.base.tcp-control-runtime-v2 {"moduleName":"kernel.base.tcp-control-runtime-v2","stateSlices":["kernel.base.tcp-control-runtime-v2.identity","kernel.base.tcp-control-runtime-v2.credential","kernel.base.tcp-control-runtime-v2.binding","kernel.base.tcp-control-runtime-v2.sandbox","kernel.base.tcp-control-runtime-v2.runtime"],"commandNames":["kernel.base.tcp-control-runtime-v2.bootstrap-tcp-control","kernel.base.tcp-control-runtime-v2.bootstrap-tcp-control-succeeded","kernel.base.tcp-control-runtime-v2.activate-terminal","kernel.base.tcp-control-runtime-v2.activate-terminal-succeeded","kernel.base.tcp-control-runtime-v2.refresh-credential","kernel.base.tcp-control-runtime-v2.credential-refreshed","kernel.base.tcp-control-runtime-v2.deactivate-terminal","kernel.base.tcp-control-runtime-v2.deactivate-terminal-succeeded","kernel.base.tcp-control-runtime-v2.report-task-result","kernel.base.tcp-control-runtime-v2.task-result-reported","kernel.base.tcp-control-runtime-v2.reset-tcp-control"]}
04-21 22:10:16.985 I/assembly.assembly.android.mixc-retail-rn84( 7287): [runtime.load] install kernel.base.tdp-sync-runtime-v2 {"moduleName":"kernel.base.tdp-sync-runtime-v2","stateSlices":["kernel.base.tdp-sync-runtime-v2.session","kernel.base.tdp-sync-runtime-v2.sync","kernel.base.tdp-sync-runtime-v2.projection","kernel.base.tdp-sync-runtime-v2.command-inbox","kernel.base.tdp-sync-runtime-v2.control-signals","kernel.base.tdp-sync-runtime-v2.hot-update"],"commandNames":["kernel.base.tdp-sync-runtime-v2.bootstrap-tdp-sync","kernel.base.tdp-sync-runtime-v2.bootstrap-tdp-sync-succeeded","kernel.base.tdp-sync-runtime-v2.connect-tdp-session","kernel.base.tdp-sync-runtime-v2.disconnect-tdp-session","kernel.base.tdp-sync-runtime-v2.acknowledge-cursor","kernel.base.tdp-sync-runtime-v2.report-applied-cursor","kernel.base.tdp-sync-runtime-v2.send-ping","kernel.base.tdp-sync-runtime-v2.record-user-operation","kernel.base.tdp-sync-runtime-v2.topic-data-changed","kernel.base.tdp-sync-runtime-v2.recompute-resolved-topic-changes","kernel.base.tdp-sync-runtime-v2.snapshot-loaded","kernel.base.tdp-sync-runtime-v2.changes-loaded","kernel.base.tdp-sync-runtime-v2.projection-received","kernel.base.tdp-sync-runtime-v2.projection-batch-received","kernel.base.tdp-sync-runtime-v2.command-delivered","kernel.base.tdp-sync-runtime-v2.session-ready","kernel.base.tdp-sync-runtime-v2.pong-received","kernel.base.tdp-sync-runtime-v2.edge-degraded","kernel.base.tdp-sync-runtime-v2.session-rehome-required","kernel.base.tdp-sync-runtime-v2.protocol-failed","kernel.base.tdp-sync-runtime-v2.message-received"],"hasAssembly":true}
04-21 22:10:16.997 I/ReactNativeJS( 7287): '[tcp-bootstrap-state-written]', '{"nodeId":"master:6Z2H3BSGEY","runtimeId":"run_mo8pay9a_nllktez4x726n63a","displayIndex":0,"requestId":"req_mo8payas_javmfkxstquopl1z","commandId":"cmd_mo8payat_vy2zrukukldy39kw","nextDeviceFingerprint":"6Z2H3BSGEY","nextDeviceInfo":{"id":"6Z2H3BSGEY","model":"Mixc Retail Android RN84"},"previousIdentity":{"activationStatus":"UNACTIVATED"}}'
04-21 22:10:16.998 I/assembly.kernel.base.runtime-shell-v2.application.KernelRuntimeAppV2( 7287): [runtime.load] kernel runtime app v2 started {"runtimeName":"assembly.android.mixc-retail-rn84","moduleDescriptors":[{"moduleName":"assembly.android.mixc-retail-rn84","packageVersion":"1.0.0","dependencies":[],"stateSliceNames":[],"commandNames":[],"actorKeys":["assembly.android.mixc-retail-rn84.AssemblyRuntimeInitializeActor"],"errorKeys":[],"parameterKeys":[],"hasInstall":true,"hasPreSetup":true},{"moduleName":"kernel.base.topology-runtime-v3","packageVersion":"0.0.1","dependencies":[],"stateSliceNames":["kernel.base.topology-runtime-v3.config","kernel.base.topology-runtime-v3.context","kernel.base.topology-runtime-v3.connection","kernel.base.topology-runtime-v3.peer","kernel.base.topology-runtime-v3.sync","kernel.base.topology-runtime-v3.request-mirror","kernel.base.topology-runtime-v3.demo.master","kernel.base.topology-runtime-v3.demo.slave"],"commandNames":["kernel.base.topology-runtime-v3.set-instance-mode","kernel.base.topology-runtime-v3.set-display-mode","kernel.base.topology-runtime-v3.set-enable-slave","kernel.base.topology-runtime-v3.set-master-locator","kernel.base.topology-runtime-v3.clear-master-locator","kernel.base.topology-runtime-v3.refresh-topology-context","kernel.base.topology-runtime-v3.start-topology-connection","kernel.base.topology-runtime-v3.stop-topology-connection","kernel.base.topology-runtime-v3.restart-topology-connection","kernel.base.topology-runtime-v3.upsert-demo-master-entry","kernel.base.topology-runtime-v3.remove-demo-master-entry","kernel.base.topology-runtime-v3.reset-demo-master-state","kernel.base.topology-runtime-v3.upsert-demo-slave-entry","kernel.base.topology-runtime-v3.remove-demo-slave-entry","kernel.base.topology-runtime-v3.reset-demo-slave-state"],"actorKeys":["kernel.base.topology-runtime-v3.TopologyContextActor","kernel.base.topology-runtime-v3.TopologyConnectionActor","kernel.base.topology-runtime-v3.TopologyDemoSyncActor"],"errorKeys":["kernel.base.topology-runtime-v3.display_context_required","kernel.base.topology-runtime-v3.orchestrator_required","kernel.base.topology-runtime-v3.socket_binding_required","kernel.base.topology-runtime-v3.hello_runtime_required","kernel.base.topology-runtime-v3.action_not_allowed"],"parameterKeys":["kernel.base.topology-runtime-v3.reconnect-interval-ms"],"hasInstall":true,"hasPreSetup":true},{"moduleName":"kernel.base.tcp-control-runtime-v2","packageVersion":"0.0.1","dependencies":[],"stateSliceNames":["kernel.base.tcp-control-runtime-v2.identity","kernel.base.tcp-control-runtime-v2.credential","kernel.base.tcp-control-runtime-v2.binding","kernel.base.tcp-control-runtime-v2.sandbox","kernel.base.tcp-control-runtime-v2.runtime"],"commandNames":["kernel.base.tcp-control-runtime-v2.bootstrap-tcp-control","kernel.base.tcp-control-runtime-v2.bootstrap-tcp-control-succeeded","kernel.base.tcp-control-runtime-v2.activate-terminal","kernel.base.tcp-control-runtime-v2.activate-terminal-succeeded","kernel.base.tcp-control-runtime-v2.refresh-credential","kernel.base.tcp-control-runtime-v2.credential-refreshed","kernel.base.tcp-control-runtime-v2.deactivate-terminal","kernel.base.tcp-control-runtime-v2.deactivate-terminal-succeeded","kernel.base.tcp-control-runtime-v2.report-task-result","kernel.base.tcp-control-runtime-v2.task-result-reported","kernel.base.tcp-control-runtime-v2.reset-tcp-control"],"actorKeys":["kernel.base.tcp-control-runtime-v2.TcpBootstrapActor","kernel.base.tcp-control-runtime-v2.TcpActivationActor","kernel.base.tcp-control-runtime-v2.TcpCredentialActor","kernel.base.tcp-control-runtime-v2.TcpDeactivationActor","kernel.base.tcp-control-runtime-v2.TcpTaskReportActor","kernel.base.tcp-control-runtime-v2.TcpStateMutationActor"],"errorKeys":["kernel.base.tcp-control-runtime-v2.activation_code_invalid","kernel.base.tcp-control-runtime-v2.activation_failed","kernel.base.tcp-control-runtime-v2.credential_missing","kernel.base.tcp-control-runtime-v2.credential_expired","kernel.base.tcp-control-runtime-v2.refresh_failed","kernel.base.tcp
04-21 22:10:17.018 I/assembly.assembly.android.mixc-retail-rn84( 7287): [assembly.topology] Native topology host already matches desired lifecycle state {"displayCount":1,"displayIndex":0,"deviceId":"6Z2H3BSGEY","instanceMode":"MASTER","enableSlave":false,"running":false,"reason":"not-master-or-single-primary-host"}
04-21 22:10:24.191 W/A       ( 1921): com.google.android.libraries.search.r.a.b: com.google.frameworks.client.data.android.ac: Http networking stack error
04-21 22:10:24.191 W/A       ( 1921): Caused by: com.google.frameworks.client.data.android.ac: Http networking stack error
04-21 22:10:24.191 W/A       ( 1921): Caused by: iq: Exception in CronetUrlRequest: net::ERR_CONNECTION_REFUSED, ErrorCode=7, InternalErrorCode=-102, Retryable=false
04-21 22:10:24.191 W/A       ( 1921): 	at org.chromium.net.impl.CronetUrlRequest.onError(:com.google.android.gms.dynamite_cronetdynamite@231818044@23.18.18 (190400-0):5)
04-21 22:11:56.209 I/assembly.assembly.android.mixc-retail-rn84( 7287): [assembly.topology] Native topology host already matches desired lifecycle state {"displayCount":1,"displayIndex":0,"deviceId":"6Z2H3BSGEY","instanceMode":"MASTER","enableSlave":false,"running":false,"reason":"not-master-or-single-primary-host"}
04-21 22:12:17.951 I/assembly.assembly.android.mixc-retail-rn84( 7287): [assembly.topology] Native topology host already matches desired lifecycle state {"displayCount":1,"displayIndex":0,"deviceId":"6Z2H3BSGEY","instanceMode":"MASTER","enableSlave":false,"running":false,"reason":"not-master-or-single-primary-host"}
04-21 22:12:17.955 I/assembly.assembly.android.mixc-retail-rn84( 7287): [assembly.topology] Native topology host already matches desired lifecycle state {"displayCount":1,"displayIndex":0,"deviceId":"6Z2H3BSGEY","instanceMode":"MASTER","enableSlave":false,"running":false,"reason":"not-master-or-single-primary-host"}
04-21 22:12:18.005 I/assembly.assembly.android.mixc-retail-rn84( 7287): [assembly.topology] Starting native topology host from assembly lifecycle {"displayCount":1,"displayIndex":0,"deviceId":"6Z2H3BSGEY","instanceMode":"MASTER","enableSlave":true,"reason":"master-primary-enable-slave"}
04-21 22:12:18.013 I/assembly.assembly.android.mixc-retail-rn84( 7287): [assembly.topology] Create assembly topology socket binding {"displayIndex":0,"role":"master","localNodeId":"master:6Z2H3BSGEY","wsUrl":"ws://127.0.0.1:8888/mockMasterServer/ws","httpBaseUrl":"http://127.0.0.1:8888/mockMasterServer","resolvedServerBaseUrl":"http://127.0.0.1:8888/mockMasterServer","resolvedPathTemplate":"/ws"}
04-21 22:12:18.013 I/ReactNativeJS( 7287): '[assembly.android.mixc-retail-rn84.websocket] connect', { url: 'ws://127.0.0.1:8888/mockMasterServer/ws',
04-21 22:12:18.013 I/ReactNativeJS( 7287):   protocol: 'ws',
04-21 22:12:18.013 I/ReactNativeJS( 7287):   host: '127.0.0.1:8888',
04-21 22:12:18.013 I/ReactNativeJS( 7287):   pathname: '/mockMasterServer/ws' }
04-21 22:12:18.014 I/assembly.assembly.android.mixc-retail-rn84.transport.ws.SocketRuntime( 7287): [transport.ws] Socket connect started: assembly.android.mixc-retail-rn84.topology {"profileName":"assembly.android.mixc-retail-rn84.topology","serverName":"dual-topology-host-v3","addressName":"dynamic-topology-host"}
04-21 22:12:18.083 I/assembly.assembly.android.mixc-retail-rn84( 7287): [assembly.topology] Native topology host already matches desired lifecycle state {"displayCount":1,"displayIndex":0,"deviceId":"6Z2H3BSGEY","instanceMode":"MASTER","enableSlave":true,"running":true,"reason":"master-primary-enable-slave"}
04-21 22:12:18.083 I/assembly.assembly.android.mixc-retail-rn84( 7287): [assembly.topology] Native topology host already matches desired lifecycle state {"displayCount":1,"displayIndex":0,"deviceId":"6Z2H3BSGEY","instanceMode":"MASTER","enableSlave":true,"running":true,"reason":"master-primary-enable-slave"}
04-21 22:12:18.083 I/assembly.assembly.android.mixc-retail-rn84( 7287): [assembly.topology] Native topology host already matches desired lifecycle state {"displayCount":1,"displayIndex":0,"deviceId":"6Z2H3BSGEY","instanceMode":"MASTER","enableSlave":true,"running":true,"reason":"master-primary-enable-slave"}
04-21 22:12:18.083 I/assembly.assembly.android.mixc-retail-rn84( 7287): [assembly.topology] Native topology host already matches desired lifecycle state {"displayCount":1,"displayIndex":0,"deviceId":"6Z2H3BSGEY","instanceMode":"MASTER","enableSlave":true,"running":true,"reason":"master-primary-enable-slave"}
04-21 22:12:18.084 I/assembly.assembly.android.mixc-retail-rn84( 7287): [assembly.topology] Native topology host already matches desired lifecycle state {"displayCount":1,"displayIndex":0,"deviceId":"6Z2H3BSGEY","instanceMode":"MASTER","enableSlave":true,"running":true,"reason":"master-primary-enable-slave"}
04-21 22:12:18.086 I/assembly.assembly.android.mixc-retail-rn84( 7287): [assembly.topology] Native topology host already matches desired lifecycle state {"displayCount":1,"displayIndex":0,"deviceId":"6Z2H3BSGEY","instanceMode":"MASTER","enableSlave":true,"running":true,"reason":"master-primary-enable-slave"}
04-21 22:12:18.086 I/assembly.assembly.android.mixc-retail-rn84( 7287): [assembly.topology] Native topology host already matches desired lifecycle state {"displayCount":1,"displayIndex":0,"deviceId":"6Z2H3BSGEY","instanceMode":"MASTER","enableSlave":true,"running":true,"reason":"master-primary-enable-slave"}
04-21 22:12:18.086 I/assembly.assembly.android.mixc-retail-rn84( 7287): [assembly.topology] Native topology host already matches desired lifecycle state {"displayCount":1,"displayIndex":0,"deviceId":"6Z2H3BSGEY","instanceMode":"MASTER","enableSlave":true,"running":true,"reason":"master-primary-enable-slave"}
04-21 22:12:18.091 I/assembly.assembly.android.mixc-retail-rn84( 7287): [assembly.topology] Create assembly topology socket binding {"displayIndex":0,"role":"master","localNodeId":"master:6Z2H3BSGEY","wsUrl":"ws://127.0.0.1:8888/mockMasterServer/ws","httpBaseUrl":"http://127.0.0.1:8888/mockMasterServer","resolvedServerBaseUrl":"http://127.0.0.1:8888/mockMasterServer","resolvedPathTemplate":"/ws"}
04-21 22:13:44.604 D/NetworkMonitor/100(  784): PROBE_HTTP http://connectivitycheck.gstatic.com/generate_204 Probe failed with exception java.net.SocketTimeoutException: failed to connect to connectivitycheck.gstatic.com/114.250.66.34 (port 80) from /10.0.2.15 (port 39438) after 10000ms
04-21 22:13:54.559 D/NetworkMonitor/100(  784): PROBE_HTTPS https://www.google.com/generate_204 Probe failed with exception java.net.SocketTimeoutException: failed to connect to www.google.com/2001::1 (port 443) from /fec0::5054:ff:fe12:3456 (port 44458) after 10000ms
04-21 22:13:54.564 W/BestClock(  519): java.time.DateTimeException: Missing NTP fix
04-21 22:13:54.564 W/BestClock(  519): java.time.DateTimeException: Missing NTP fix
04-21 22:14:10.124 W/BestClock(  519): java.time.DateTimeException: Missing NTP fix
04-21 22:14:10.139 W/BestClock(  519): java.time.DateTimeException: Missing NTP fix
04-21 22:20:27.538 I/assembly.assembly.android.mixc-retail-rn84( 7287): [assembly.topology] Native topology host already matches desired lifecycle state {"displayCount":1,"displayIndex":0,"deviceId":"6Z2H3BSGEY","instanceMode":"MASTER","enableSlave":true,"running":true,"reason":"master-primary-enable-slave"}
04-21 22:20:27.538 I/assembly.assembly.android.mixc-retail-rn84( 7287): [assembly.topology] Native topology host already matches desired lifecycle state {"displayCount":1,"displayIndex":0,"deviceId":"6Z2H3BSGEY","instanceMode":"MASTER","enableSlave":true,"running":true,"reason":"master-primary-enable-slave"}
04-21 22:20:27.538 I/assembly.assembly.android.mixc-retail-rn84( 7287): [assembly.topology] Native topology host already matches desired lifecycle state {"displayCount":1,"displayIndex":0,"deviceId":"6Z2H3BSGEY","instanceMode":"MASTER","enableSlave":true,"running":true,"reason":"master-primary-enable-slave"}
04-21 22:20:27.543 I/ReactNativeJS( 7287): '[runtime-state-sync-apply]', '{"direction":"slave-to-master","incomingSliceNames":["kernel.base.topology-runtime-v3.demo.slave","kernel.base.ui-runtime-v2.screen.branch","kernel.base.ui-runtime-v2.overlay.branch","kernel.base.ui-runtime-v2.ui-variable.branch"],"appliedSliceNames":["kernel.base.topology-runtime-v3.demo.slave","kernel.base.ui-runtime-v2.screen.branch","kernel.base.ui-runtime-v2.overlay.branch","kernel.base.ui-runtime-v2.ui-variable.branch"],"skippedSliceReasons":[]}'
04-21 22:20:27.544 I/assembly.assembly.android.mixc-retail-rn84( 7287): [assembly.topology] Native topology host already matches desired lifecycle state {"displayCount":1,"displayIndex":0,"deviceId":"6Z2H3BSGEY","instanceMode":"MASTER","enableSlave":true,"running":true,"reason":"master-primary-enable-slave"}
04-21 22:20:27.544 I/assembly.assembly.android.mixc-retail-rn84( 7287): [assembly.topology] Native topology host already matches desired lifecycle state {"displayCount":1,"displayIndex":0,"deviceId":"6Z2H3BSGEY","instanceMode":"MASTER","enableSlave":true,"running":true,"reason":"master-primary-enable-slave"}
04-21 22:20:40.345 W/ProvidersCache( 7024): android.os.DeadObjectException: Transaction failed on small parcel; remote process probably died, but this could also be caused by running out of binder buffe
