04-21 22:25:04.053 W/BestClock(  683): java.time.DateTimeException: No network time available
04-21 22:25:04.053 W/BestClock(  683): java.time.DateTimeException: No network time available
04-21 22:25:04.053 W/BestClock(  683): java.time.DateTimeException: No network time available
04-21 22:25:04.053 W/BestClock(  683): java.time.DateTimeException: No network time available
04-21 22:25:04.053 W/BestClock(  683): java.time.DateTimeException: No network time available
04-21 22:25:07.059 W/BestClock(  683): java.time.DateTimeException: No network time available
04-21 22:25:07.059 W/BestClock(  683): java.time.DateTimeException: No network time available
04-21 22:25:07.059 W/BestClock(  683): java.time.DateTimeException: No network time available
04-21 22:25:07.059 W/BestClock(  683): java.time.DateTimeException: No network time available
04-21 22:25:07.059 W/BestClock(  683): java.time.DateTimeException: No network time available
04-21 22:25:10.068 W/BestClock(  683): java.time.DateTimeException: No network time available
04-21 22:25:10.070 W/BestClock(  683): java.time.DateTimeException: No network time available
04-21 22:25:10.071 W/BestClock(  683): java.time.DateTimeException: No network time available
04-21 22:25:10.071 W/BestClock(  683): java.time.DateTimeException: No network time available
04-21 22:25:10.071 W/BestClock(  683): java.time.DateTimeException: No network time available
04-21 22:25:13.078 W/BestClock(  683): java.time.DateTimeException: No network time available
04-21 22:25:13.079 W/BestClock(  683): java.time.DateTimeException: No network time available
04-21 22:25:13.079 W/BestClock(  683): java.time.DateTimeException: No network time available
04-21 22:25:13.079 W/BestClock(  683): java.time.DateTimeException: No network time available
04-21 22:25:13.079 W/BestClock(  683): java.time.DateTimeException: No network time available
04-21 22:25:16.091 W/BestClock(  683): java.time.DateTimeException: No network time available
04-21 22:25:16.092 W/BestClock(  683): java.time.DateTimeException: No network time available
04-21 22:25:16.092 W/BestClock(  683): java.time.DateTimeException: No network time available
04-21 22:25:16.092 W/BestClock(  683): java.time.DateTimeException: No network time available
04-21 22:25:16.092 W/BestClock(  683): java.time.DateTimeException: No network time available
04-21 22:25:19.099 W/BestClock(  683): java.time.DateTimeException: No network time available
04-21 22:25:19.099 W/BestClock(  683): java.time.DateTimeException: No network time available
04-21 22:25:19.099 W/BestClock(  683): java.time.DateTimeException: No network time available
04-21 22:25:19.099 W/BestClock(  683): java.time.DateTimeException: No network time available
04-21 22:25:19.099 W/BestClock(  683): java.time.DateTimeException: No network time available
04-21 22:25:21.195 I/assembly.assembly.android.mixc-retail-rn84( 9754): [assembly.topology] Create assembly topology socket binding {"displayIndex":0,"role":"slave","localNodeId":"master:ZJ63NQELD9","masterNodeId":"master:6Z2H3BSGEY","wsUrl":"ws://127.0.0.1:18889/mockMasterServer/ws","httpBaseUrl":"http://127.0.0.1:18889/mockMasterServer","resolvedServerBaseUrl":"http://127.0.0.1:18889/mockMasterServer","resolvedPathTemplate":"/ws"}
04-21 22:25:21.196 I/ReactNativeJS( 9754): '[assembly.android.mixc-retail-rn84.websocket] connect', { url: 'ws://127.0.0.1:18889/mockMasterServer/ws',
04-21 22:25:21.196 I/ReactNativeJS( 9754):   protocol: 'ws',
04-21 22:25:21.196 I/ReactNativeJS( 9754):   host: '127.0.0.1:18889',
04-21 22:25:21.196 I/ReactNativeJS( 9754):   pathname: '/mockMasterServer/ws' }
04-21 22:25:21.197 I/assembly.assembly.android.mixc-retail-rn84.transport.ws.SocketRuntime( 9754): [transport.ws] Socket connect started: assembly.android.mixc-retail-rn84.topology {"profileName":"assembly.android.mixc-retail-rn84.topology","serverName":"dual-topology-host-v3","addressName":"dynamic-topology-host"}
04-21 22:25:21.202 I/assembly.assembly.android.mixc-retail-rn84( 9754): [assembly.topology] Native topology host already matches desired lifecycle state {"displayCount":1,"displayIndex":0,"deviceId":"ZJ63NQELD9","instanceMode":"SLAVE","enableSlave":false,"running":false,"reason":"not-master-or-single-primary-host"}
04-21 22:25:21.202 I/assembly.assembly.android.mixc-retail-rn84( 9754): [assembly.topology] Native topology host already matches desired lifecycle state {"displayCount":1,"displayIndex":0,"deviceId":"ZJ63NQELD9","instanceMode":"SLAVE","enableSlave":false,"running":false,"reason":"not-master-or-single-primary-host"}
04-21 22:25:21.213 I/assembly.assembly.android.mixc-retail-rn84( 9754): [assembly.topology] Native topology host already matches desired lifecycle state {"displayCount":1,"displayIndex":0,"deviceId":"ZJ63NQELD9","instanceMode":"SLAVE","enableSlave":false,"running":false,"reason":"not-master-or-single-primary-host"}
04-21 22:25:21.220 I/assembly.assembly.android.mixc-retail-rn84( 9754): [assembly.topology] Native topology host already matches desired lifecycle state {"displayCount":1,"displayIndex":0,"deviceId":"ZJ63NQELD9","instanceMode":"SLAVE","enableSlave":false,"running":false,"reason":"not-master-or-single-primary-host"}
04-21 22:25:21.221 I/assembly.assembly.android.mixc-retail-rn84( 9754): [assembly.topology] Native topology host already matches desired lifecycle state {"displayCount":1,"displayIndex":0,"deviceId":"ZJ63NQELD9","instanceMode":"SLAVE","enableSlave":false,"running":false,"reason":"not-master-or-single-primary-host"}
04-21 22:25:21.221 I/assembly.assembly.android.mixc-retail-rn84( 9754): [assembly.topology] Native topology host already matches desired lifecycle state {"displayCount":1,"displayIndex":0,"deviceId":"ZJ63NQELD9","instanceMode":"SLAVE","enableSlave":false,"running":false,"reason":"not-master-or-single-primary-host"}
04-21 22:25:21.228 I/ReactNativeJS( 9754): '[runtime-state-sync-apply]', '{"direction":"master-to-slave","incomingSliceNames":["kernel.base.topology-runtime-v3.demo.master","kernel.base.tcp-control-runtime-v2.identity","kernel.base.tcp-control-runtime-v2.credential","kernel.base.tcp-control-runtime-v2.binding","kernel.base.tcp-control-runtime-v2.sandbox","kernel.base.tdp-sync-runtime-v2.hot-update","kernel.base.ui-runtime-v2.screen.main","kernel.base.ui-runtime-v2.overlay.main","kernel.base.ui-runtime-v2.ui-variable.main"],"appliedSliceNames":["kernel.base.topology-runtime-v3.demo.master","kernel.base.tcp-control-runtime-v2.identity","kernel.base.tcp-control-runtime-v2.credential","kernel.base.tcp-control-runtime-v2.binding","kernel.base.tcp-control-runtime-v2.sandbox","kernel.base.tdp-sync-runtime-v2.hot-update","kernel.base.ui-runtime-v2.screen.main","kernel.base.ui-runtime-v2.overlay.main","kernel.base.ui-runtime-v2.ui-variable.main"],"skippedSliceReasons":[]}'
04-21 22:25:21.232 I/assembly.assembly.android.mixc-retail-rn84( 9754): [assembly.topology] Native topology host already matches desired lifecycle state {"displayCount":1,"displayIndex":0,"deviceId":"ZJ63NQELD9","instanceMode":"SLAVE","enableSlave":false,"running":false,"reason":"not-master-or-single-primary-host"}
04-21 22:25:21.235 I/assembly.assembly.android.mixc-retail-rn84( 9754): [assembly.topology] Native topology host already matches desired lifecycle state {"displayCount":1,"displayIndex":0,"deviceId":"ZJ63NQELD9","instanceMode":"SLAVE","enableSlave":false,"running":false,"reason":"not-master-or-single-primary-host"}
04-21 22:25:22.105 W/BestClock(  683): java.time.DateTimeException: No network time available
04-21 22:25:22.105 W/BestClock(  683): java.time.DateTimeException: No network time available
04-21 22:25:22.105 W/BestClock(  683): java.time.DateTimeException: No network time available
04-21 22:25:22.105 W/BestClock(  683): java.time.DateTimeException: No network time available
04-21 22:25:22.105 W/BestClock(  683): java.time.DateTimeException: No network time available
04-21 22:25:25.111 W/BestClock(  683): java.time.DateTimeException: No network time available
04-21 22:25:25.111 W/BestClock(  683): java.time.DateTimeException: No network time available
04-21 22:25:25.111 W/BestClock(  683): java.time.DateTimeException: No network time available
04-21 22:25:25.111 W/BestClock(  683): java.time.DateTimeException: No network time available
04-21 22:25:25.111 W/BestClock(  683): java.time.DateTimeException: No network time available
04-21 22:25:27.617 D/NetworkMonitor/101( 1052): PROBE_HTTPS https://www.google.com/generate_204 Probe failed with exception javax.net.ssl.SSLHandshakeException: connection closed
04-21 22:25:28.114 W/BestClock(  683): java.time.DateTimeException: No network time available
04-21 22:25:28.115 W/BestClock(  683): java.time.DateTimeException: No network time available
04-21 22:25:28.115 W/BestClock(  683): java.time.DateTimeException: No network time available
04-21 22:25:28.115 W/BestClock(  683): java.time.DateTimeException: No network time available
04-21 22:25:28.115 W/BestClock(  683): java.time.DateTimeException: No network time available
04-21 22:25:31.125 W/BestClock(  683): java.time.DateTimeException: No network time available
04-21 22:25:31.125 W/BestClock(  683): java.time.DateTimeException: No network time available
04-21 22:25:31.125 W/BestClock(  683): java.time.DateTimeException: No network time available
04-21 22:25:31.125 W/BestClock(  683): java.time.DateTimeException: No network time available
04-21 22:25:31.125 W/BestClock(  683): java.time.DateTimeException: No network time available
04-21 22:25:34.136 W/BestClock(  683): java.time.DateTimeException: No network time available
04-21 22:25:34.136 W/BestClock(  683): java.time.DateTimeException: No network time available
04-21 22:25:34.136 W/BestClock(  683): java.time.DateTimeException: No network time available
04-21 22:25:34.137 W/BestClock(  683): java.time.DateTimeException: No network time available
04-21 22:25:34.137 W/BestClock(  683): java.time.DateTimeException: No network time available
04-21 22:25:37.145 W/BestClock(  683): java.time.DateTimeException: No network time available
04-21 22:25:37.146 W/BestClock(  683): java.time.DateTimeException: No network time available
04-21 22:25:37.146 W/BestClock(  683): java.time.DateTimeException: No network time available
04-21 22:25:37.146 W/BestClock(  683): java.time.DateTimeException: No network time available
04-21 22:25:37.146 W/BestClock(  683): java.time.DateTimeException: No network time available
04-21 22:25:40.154 W/BestClock(  683): java.time.DateTimeException: No network time available
04-21 22:25:40.154 W/BestClock(  683): java.time.DateTimeException: No network time available
04-21 22:25:40.154 W/BestClock(  683): java.time.DateTimeException: No network time available
04-21 22:25:40.154 W/BestClock(  683): java.time.DateTimeException: No network time available
04-21 22:25:40.154 W/BestClock(  683): java.time.DateTimeException: No network time available
04-21 22:25:43.159 W/BestClock(  683): java.time.DateTimeException: No network time available
04-21 22:25:43.159 W/BestClock(  683): java.time.DateTimeException: No network time available
04-21 22:25:43.159 W/BestClock(  683): java.time.DateTimeException: No network time available
04-21 22:25:43.160 W/BestClock(  683): java.time.DateTimeException: No network time available
04-21 22:25:43.160 W/BestClock(  683): java.time.DateTimeException: No network time available
04-21 22:25:46.167 W/BestClock(  683): java.time.DateTimeException: No network time available
04-21 22:25:46.167 W/BestClock(  683): java.time.DateTimeException: No network time available
04-21 22:25:46.167 W/BestClock(  683): java.time.DateTimeException: No network time available
04-21 22:25:46.167 W/BestClock(  683): java.time.DateTimeException: No network time available
04-21 22:25:46.167 W/BestClock(  683): java.time.DateTimeException: No network time available
04-21 22:25:49.177 W/BestClock(  683): java.time.DateTimeException: No network time available
04-21 22:25:49.177 W/BestClock(  683): java.time.DateTimeException: No network time available
04-21 22:25:49.178 W/BestClock(  683): java.time.DateTimeException: No network time available
04-21 22:25:49.178 W/BestClock(  683): java.time.DateTimeException: No network time available
04-21 22:25:49.178 W/BestClock(  683): java.time.DateTimeException: No network time available
