04-21 22:10:17.400 I/assembly.assembly.android.mixc-retail-rn84( 9754): [runtime.load] pre-setup kernel.base.topology-runtime-v3 {"moduleName":"kernel.base.topology-runtime-v3","runtimeNodeId":"master:ZJ63NQELD9","knownModules":["assembly.android.mixc-retail-rn84","kernel.base.topology-runtime-v3","kernel.base.tcp-control-runtime-v2","kernel.base.tdp-sync-runtime-v2","kernel.base.workflow-runtime-v2","kernel.base.ui-runtime-v2","ui.base.runtime-react","ui.base.input-runtime","ui.base.admin-console","ui.base.terminal-console","ui.integration.retail-shell"]}
04-21 22:10:17.400 I/assembly.kernel.base.runtime-shell-v2.application.KernelRuntimeAppV2( 9754): [runtime.load] completed module pre-setup {"moduleName":"kernel.base.topology-runtime-v3","packageVersion":"0.0.1","dependencies":[],"stateSliceNames":["kernel.base.topology-runtime-v3.config","kernel.base.topology-runtime-v3.context","kernel.base.topology-runtime-v3.connection","kernel.base.topology-runtime-v3.peer","kernel.base.topology-runtime-v3.sync","kernel.base.topology-runtime-v3.request-mirror","kernel.base.topology-runtime-v3.demo.master","kernel.base.topology-runtime-v3.demo.slave"],"commandNames":["kernel.base.topology-runtime-v3.set-instance-mode","kernel.base.topology-runtime-v3.set-display-mode","kernel.base.topology-runtime-v3.set-enable-slave","kernel.base.topology-runtime-v3.set-master-locator","kernel.base.topology-runtime-v3.clear-master-locator","kernel.base.topology-runtime-v3.refresh-topology-context","kernel.base.topology-runtime-v3.start-topology-connection","kernel.base.topology-runtime-v3.stop-topology-connection","kernel.base.topology-runtime-v3.restart-topology-connection","kernel.base.topology-runtime-v3.upsert-demo-master-entry","kernel.base.topology-runtime-v3.remove-demo-master-entry","kernel.base.topology-runtime-v3.reset-demo-master-state","kernel.base.topology-runtime-v3.upsert-demo-slave-entry","kernel.base.topology-runtime-v3.remove-demo-slave-entry","kernel.base.topology-runtime-v3.reset-demo-slave-state"],"actorKeys":["kernel.base.topology-runtime-v3.TopologyContextActor","kernel.base.topology-runtime-v3.TopologyConnectionActor","kernel.base.topology-runtime-v3.TopologyDemoSyncActor"],"errorKeys":["kernel.base.topology-runtime-v3.display_context_required","kernel.base.topology-runtime-v3.orchestrator_required","kernel.base.topology-runtime-v3.socket_binding_required","kernel.base.topology-runtime-v3.hello_runtime_required","kernel.base.topology-runtime-v3.action_not_allowed"],"parameterKeys":["kernel.base.topology-runtime-v3.reconnect-interval-ms"],"hasInstall":true,"hasPreSetup":true}
04-21 22:10:17.400 I/assembly.assembly.android.mixc-retail-rn84( 9754): [runtime.load] pre-setup kernel.base.tcp-control-runtime-v2 {"moduleName":"kernel.base.tcp-control-runtime-v2","runtimeNodeId":"master:ZJ63NQELD9","knownModules":["assembly.android.mixc-retail-rn84","kernel.base.topology-runtime-v3","kernel.base.tcp-control-runtime-v2","kernel.base.tdp-sync-runtime-v2","kernel.base.workflow-runtime-v2","kernel.base.ui-runtime-v2","ui.base.runtime-react","ui.base.input-runtime","ui.base.admin-console","ui.base.terminal-console","ui.integration.retail-shell"]}
04-21 22:10:17.400 I/assembly.kernel.base.runtime-shell-v2.application.KernelRuntimeAppV2( 9754): [runtime.load] completed module pre-setup {"moduleName":"kernel.base.tcp-control-runtime-v2","packageVersion":"0.0.1","dependencies":[],"stateSliceNames":["kernel.base.tcp-control-runtime-v2.identity","kernel.base.tcp-control-runtime-v2.credential","kernel.base.tcp-control-runtime-v2.binding","kernel.base.tcp-control-runtime-v2.sandbox","kernel.base.tcp-control-runtime-v2.runtime"],"commandNames":["kernel.base.tcp-control-runtime-v2.bootstrap-tcp-control","kernel.base.tcp-control-runtime-v2.bootstrap-tcp-control-succeeded","kernel.base.tcp-control-runtime-v2.activate-terminal","kernel.base.tcp-control-runtime-v2.activate-terminal-succeeded","kernel.base.tcp-control-runtime-v2.refresh-credential","kernel.base.tcp-control-runtime-v2.credential-refreshed","kernel.base.tcp-control-runtime-v2.deactivate-terminal","kernel.base.tcp-control-runtime-v2.deactivate-terminal-succeeded","kernel.base.tcp-control-runtime-v2.report-task-result","kernel.base.tcp-control-runtime-v2.task-result-reported","kernel.base.tcp-control-runtime-v2.reset-tcp-control"],"actorKeys":["kernel.base.tcp-control-runtime-v2.TcpBootstrapActor","kernel.base.tcp-control-runtime-v2.TcpActivationActor","kernel.base.tcp-control-runtime-v2.TcpCredentialActor","kernel.base.tcp-control-runtime-v2.TcpDeactivationActor","kernel.base.tcp-control-runtime-v2.TcpTaskReportActor","kernel.base.tcp-control-runtime-v2.TcpStateMutationActor"],"errorKeys":["kernel.base.tcp-control-runtime-v2.activation_code_invalid","kernel.base.tcp-control-runtime-v2.activation_failed","kernel.base.tcp-control-runtime-v2.credential_missing","kernel.base.tcp-control-runtime-v2.credential_expired","kernel.base.tcp-control-runtime-v2.refresh_failed","kernel.base.tcp-control-runtime-v2.deactivation_failed","kernel.base.tcp-control-runtime-v2.task_result_report_failed","kernel.base.tcp-control-runtime-v2.bootstrap_hydration_failed"],"parameterKeys":["kernel.base.tcp-control-runtime-v2.credential-refresh-lead-time-ms"],"hasInstall":true,"hasPreSetup":true}
04-21 22:10:17.400 I/assembly.assembly.android.mixc-retail-rn84( 9754): [runtime.load] pre-setup kernel.base.tdp-sync-runtime-v2 {"moduleName":"kernel.base.tdp-sync-runtime-v2","runtimeNodeId":"master:ZJ63NQELD9","knownModules":["assembly.android.mixc-retail-rn84","kernel.base.topology-runtime-v3","kernel.base.tcp-control-runtime-v2","kernel.base.tdp-sync-runtime-v2","kernel.base.workflow-runtime-v2","kernel.base.ui-runtime-v2","ui.base.runtime-react","ui.base.input-runtime","ui.base.admin-console","ui.base.terminal-console","ui.integration.retail-shell"]}
04-21 22:10:17.400 I/assembly.kernel.base.runtime-shell-v2.application.KernelRuntimeAppV2( 9754): [runtime.load] completed module pre-setup {"moduleName":"kernel.base.tdp-sync-runtime-v2","packageVersion":"0.0.1","dependencies":["kernel.base.tcp-control-runtime-v2"],"stateSliceNames":["kernel.base.tdp-sync-runtime-v2.session","kernel.base.tdp-sync-runtime-v2.sync","kernel.base.tdp-sync-runtime-v2.projection","kernel.base.tdp-sync-runtime-v2.command-inbox","kernel.base.tdp-sync-runtime-v2.control-signals","kernel.base.tdp-sync-runtime-v2.hot-update"],"commandNames":["kernel.base.tdp-sync-runtime-v2.bootstrap-tdp-sync","kernel.base.tdp-sync-runtime-v2.bootstrap-tdp-sync-succeeded","kernel.base.tdp-sync-runtime-v2.connect-tdp-session","kernel.base.tdp-sync-runtime-v2.disconnect-tdp-session","kernel.base.tdp-sync-runtime-v2.acknowledge-cursor","kernel.base.tdp-sync-runtime-v2.report-applied-cursor","kernel.base.tdp-sync-runtime-v2.send-ping","kernel.base.tdp-sync-runtime-v2.record-user-operation","kernel.base.tdp-sync-runtime-v2.topic-data-changed","kernel.base.tdp-sync-runtime-v2.recompute-resolved-topic-changes","kernel.base.tdp-sync-runtime-v2.snapshot-loaded","kernel.base.tdp-sync-runtime-v2.changes-loaded","kernel.base.tdp-sync-runtime-v2.projection-received","kernel.base.tdp-sync-runtime-v2.projection-batch-received","kernel.base.tdp-sync-runtime-v2.command-delivered","kernel.base.tdp-sync-runtime-v2.session-ready","kernel.base.tdp-sync-runtime-v2.pong-received","kernel.base.tdp-sync-runtime-v2.edge-degraded","kernel.base.tdp-sync-runtime-v2.session-rehome-required","kernel.base.tdp-sync-runtime-v2.protocol-failed","kernel.base.tdp-sync-runtime-v2.message-received"],"actorKeys":["kernel.base.tdp-sync-runtime-v2.TdpInitializeActor","kernel.base.tdp-sync-runtime-v2.TdpAutoConnectActor","kernel.base.tdp-sync-runtime-v2.TdpBootstrapActor","kernel.base.tdp-sync-runtime-v2.TdpSessionConnectionActor","kernel.base.tdp-sync-runtime-v2.TdpMessageActor","kernel.base.tdp-sync-runtime-v2.TdpProjectionRepositoryActor","kernel.base.tdp-sync-runtime-v2.TdpCursorFeedbackActor","kernel.base.tdp-sync-runtime-v2.TdpCommandInboxActor","kernel.base.tdp-sync-runtime-v2.TdpCommandAckActor","kernel.base.tdp-sync-runtime-v2.TdpSessionStateActor","kernel.base.tdp-sync-runtime-v2.TdpTopicChangeActor","kernel.base.tdp-sync-runtime-v2.TdpSystemCatalogBridgeActor","kernel.base.tdp-sync-runtime-v2.TdpUserOperationActor"],"errorKeys":["kernel.base.tdp-sync-runtime-v2.credential_missing","kernel.base.tdp-sync-runtime-v2.handshake_failed","kernel.base.tdp-sync-runtime-v2.protocol_error","kernel.base.tdp-sync-runtime-v2.projection_apply_failed","kernel.base.tdp-sync-runtime-v2.assembly_required"],"parameterKeys":["kernel.base.tdp-sync-runtime-v2.ping-interval-ms","kernel.base.tdp-sync-runtime-v2.reconnect-interval-ms","kernel.base.tdp-sync-runtime-v2.reconnect-attempts","kernel.base.tdp-sync-runtime-v2.connection-timeout-ms","kernel.base.tdp-sync-runtime-v2.heartbeat-timeout-ms","kernel.base.tdp-sync-runtime-v2.hot-update-idle-threshold-ms"],"hasInstall":true,"hasPreSetup":true}
04-21 22:10:17.401 I/assembly.assembly.android.mixc-retail-rn84( 9754): [runtime.load] pre-setup kernel.base.workflow-runtime-v2 {"moduleName":"kernel.base.workflow-runtime-v2","runtimeNodeId":"master:ZJ63NQELD9","knownModules":["assembly.android.mixc-retail-rn84","kernel.base.topology-runtime-v3","kernel.base.tcp-control-runtime-v2","kernel.base.tdp-sync-runtime-v2","kernel.base.workflow-runtime-v2","kernel.base.ui-runtime-v2","ui.base.runtime-react","ui.base.input-runtime","ui.base.admin-console","ui.base.terminal-console","ui.integration.retail-shell"]}
04-21 22:10:17.401 I/assembly.kernel.base.runtime-shell-v2.application.KernelRuntimeAppV2( 9754): [runtime.load] completed module pre-setup {"moduleName":"kernel.base.workflow-runtime-v2","packageVersion":"0.0.1","dependencies":["kernel.base.tdp-sync-runtime-v2"],"stateSliceNames":["kernel.base.workflow-runtime-v2.definitions","kernel.base.workflow-runtime-v2.observations","kernel.base.workflow-runtime-v2.queue"],"commandNames":["kernel.base.workflow-runtime-v2.run-workflow","kernel.base.workflow-runtime-v2.cancel-workflow-run","kernel.base.workflow-runtime-v2.register-workflow-definitions","kernel.base.workflow-runtime-v2.remove-workflow-definition"],"actorKeys":["kernel.base.workflow-runtime-v2.WorkflowDefinitionMutationActor","kernel.base.workflow-runtime-v2.WorkflowControlActor","kernel.base.workflow-runtime-v2.WorkflowRunActor","kernel.base.workflow-runtime-v2.WorkflowRemoteDefinitionActor"],"errorKeys":["kernel.base.workflow-runtime-v2.workflow_definition_not_found","kernel.base.workflow-runtime-v2.workflow_definition_disabled","kernel.base.workflow-runtime-v2.duplicate_request","kernel.base.workflow-runtime-v2.workflow_run_not_found","kernel.base.workflow-runtime-v2.workflow_execution_failed","kernel.base.workflow-runtime-v2.workflow_step_failed","kernel.base.workflow-runtime-v2.workflow_script_failed","kernel.base.workflow-runtime-v2.workflow_queue_corrupted"],"parameterKeys":["kernel.base.workflow-runtime-v2.default-workflow-timeout-ms","kernel.base.workflow-runtime-v2.default-step-timeout-ms","kernel.base.workflow-runtime-v2.event-history-limit","kernel.base.workflow-runtime-v2.completed-observation-limit","kernel.base.workflow-runtime-v2.queue-size-limit"],"hasInstall":true,"hasPreSetup":true}
04-21 22:10:17.401 I/assembly.assembly.android.mixc-retail-rn84( 9754): [runtime.load] pre-setup kernel.base.ui-runtime-v2 {"moduleName":"kernel.base.ui-runtime-v2","runtimeNodeId":"master:ZJ63NQELD9","knownModules":["assembly.android.mixc-retail-rn84","kernel.base.topology-runtime-v3","kernel.base.tcp-control-runtime-v2","kernel.base.tdp-sync-runtime-v2","kernel.base.workflow-runtime-v2","kernel.base.ui-runtime-v2","ui.base.runtime-react","ui.base.input-runtime","ui.base.admin-console","ui.base.terminal-console","ui.integration.retail-shell"]}
04-21 22:10:17.401 I/assembly.kernel.base.runtime-shell-v2.application.KernelRuntimeAppV2( 9754): [runtime.load] completed module pre-setup {"moduleName":"kernel.base.ui-runtime-v2","packageVersion":"0.0.1","dependencies":[],"stateSliceNames":["kernel.base.ui-runtime-v2.screen.main","kernel.base.ui-runtime-v2.screen.branch","kernel.base.ui-runtime-v2.overlay.main","kernel.base.ui-runtime-v2.overlay.branch","kernel.base.ui-runtime-v2.ui-variable.main","kernel.base.ui-runtime-v2.ui-variable.branch"],"commandNames":["kernel.base.ui-runtime-v2.register-screen-definitions","kernel.base.ui-runtime-v2.show-screen","kernel.base.ui-runtime-v2.replace-screen","kernel.base.ui-runtime-v2.reset-screen","kernel.base.ui-runtime-v2.open-overlay","kernel.base.ui-runtime-v2.close-overlay","kernel.base.ui-runtime-v2.clear-overlays","kernel.base.ui-runtime-v2.set-ui-variables","kernel.base.ui-runtime-v2.clear-ui-variables"],"actorKeys":["kernel.base.ui-runtime-v2.UiRuntimeScreenRegistryActor","kernel.base.ui-runtime-v2.UiRuntimeScreenRuntimeActor","kernel.base.ui-runtime-v2.UiRuntimeOverlayRuntimeActor","kernel.base.ui-runtime-v2.UiRuntimeVariableRuntimeActor"],"errorKeys":["kernel.base.ui-runtime-v2.invalid_screen_target","kernel.base.ui-runtime-v2.duplicated_screen_definition","kernel.base.ui-runtime-v2.overlay_id_required"],"parameterKeys":["kernel.base.ui-runtime-v2.registry.cache-size-hint"],"hasInstall":true,"hasPreSetup":true}
04-21 22:10:17.401 I/assembly.assembly.android.mixc-retail-rn84( 9754): [runtime.load] pre-setup ui.base.runtime-react {"moduleName":"ui.base.runtime-react","runtimeNodeId":"master:ZJ63NQELD9","knownModules":["assembly.android.mixc-retail-rn84","kernel.base.topology-runtime-v3","kernel.base.tcp-control-runtime-v2","kernel.base.tdp-sync-runtime-v2","kernel.base.workflow-runtime-v2","kernel.base.ui-runtime-v2","ui.base.runtime-react","ui.base.input-runtime","ui.base.admin-console","ui.base.terminal-console","ui.integration.retail-shell"]}
04-21 22:10:17.401 I/assembly.kernel.base.runtime-shell-v2.application.KernelRuntimeAppV2( 9754): [runtime.load] completed module pre-setup {"moduleName":"ui.base.runtime-react","packageVersion":"0.0.1","dependencies":["kernel.base.ui-runtime-v2"],"stateSliceNames":[],"commandNames":[],"actorKeys":[],"errorKeys":[],"parameterKeys":[],"hasInstall":true,"hasPreSetup":true}
04-21 22:10:17.401 I/assembly.assembly.android.mixc-retail-rn84( 9754): [runtime.load] pre-setup ui.base.input-runtime {"moduleName":"ui.base.input-runtime","runtimeNodeId":"master:ZJ63NQELD9","knownModules":["assembly.android.mixc-retail-rn84","kernel.base.topology-runtime-v3","kernel.base.tcp-control-runtime-v2","kernel.base.tdp-sync-runtime-v2","kernel.base.workflow-runtime-v2","kernel.base.ui-runtime-v2","ui.base.runtime-react","ui.base.input-runtime","ui.base.admin-console","ui.base.terminal-console","ui.integration.retail-shell"]}
04-21 22:10:17.402 I/assembly.kernel.base.runtime-shell-v2.application.KernelRuntimeAppV2( 9754): [runtime.load] completed module pre-setup {"moduleName":"ui.base.input-runtime","packageVersion":"0.0.1","dependencies":[],"stateSliceNames":[],"commandNames":[],"actorKeys":[],"errorKeys":[],"parameterKeys":[],"hasInstall":true,"hasPreSetup":true}
04-21 22:10:17.403 I/assembly.assembly.android.mixc-retail-rn84( 9754): [runtime.load] pre-setup ui.base.admin-console {"moduleName":"ui.base.admin-console","runtimeNodeId":"master:ZJ63NQELD9","knownModules":["assembly.android.mixc-retail-rn84","kernel.base.topology-runtime-v3","kernel.base.tcp-control-runtime-v2","kernel.base.tdp-sync-runtime-v2","kernel.base.workflow-runtime-v2","kernel.base.ui-runtime-v2","ui.base.runtime-react","ui.base.input-runtime","ui.base.admin-console","ui.base.terminal-console","ui.integration.retail-shell"]}
04-21 22:10:17.403 I/assembly.kernel.base.runtime-shell-v2.application.KernelRuntimeAppV2( 9754): [runtime.load] completed module pre-setup {"moduleName":"ui.base.admin-console","packageVersion":"0.0.1","dependencies":[],"stateSliceNames":["ui.base.admin-console.console"],"commandNames":["ui.base.admin-console.scan-and-import-topology-master"],"actorKeys":["ui.base.admin-console.AdminTopologyActor"],"errorKeys":[],"parameterKeys":[],"hasInstall":true,"hasPreSetup":true}
04-21 22:10:17.403 I/assembly.assembly.android.mixc-retail-rn84( 9754): [runtime.load] pre-setup ui.base.terminal-console {"moduleName":"ui.base.terminal-console","runtimeNodeId":"master:ZJ63NQELD9","knownModules":["assembly.android.mixc-retail-rn84","kernel.base.topology-runtime-v3","kernel.base.tcp-control-runtime-v2","kernel.base.tdp-sync-runtime-v2","kernel.base.workflow-runtime-v2","kernel.base.ui-runtime-v2","ui.base.runtime-react","ui.base.input-runtime","ui.base.admin-console","ui.base.terminal-console","ui.integration.retail-shell"]}
04-21 22:10:17.404 I/assembly.kernel.base.runtime-shell-v2.application.KernelRuntimeAppV2( 9754): [runtime.load] completed module pre-setup {"moduleName":"ui.base.terminal-console","packageVersion":"0.0.1","dependencies":[],"stateSliceNames":[],"commandNames":[],"actorKeys":[],"errorKeys":[],"parameterKeys":[],"hasInstall":true,"hasPreSetup":true}
04-21 22:10:17.404 I/assembly.assembly.android.mixc-retail-rn84( 9754): [runtime.load] pre-setup ui.integration.retail-shell {"moduleName":"ui.integration.retail-shell","runtimeNodeId":"master:ZJ63NQELD9","knownModules":["assembly.android.mixc-retail-rn84","kernel.base.topology-runtime-v3","kernel.base.tcp-control-runtime-v2","kernel.base.tdp-sync-runtime-v2","kernel.base.workflow-runtime-v2","kernel.base.ui-runtime-v2","ui.base.runtime-react","ui.base.input-runtime","ui.base.admin-console","ui.base.terminal-console","ui.integration.retail-shell"]}
04-21 22:10:17.405 I/assembly.kernel.base.runtime-shell-v2.application.KernelRuntimeAppV2( 9754): [runtime.load] completed module pre-setup {"moduleName":"ui.integration.retail-shell","packageVersion":"1.0.0","dependencies":["kernel.base.ui-runtime-v2","kernel.base.tcp-control-runtime-v2","ui.base.runtime-react","ui.base.input-runtime","ui.base.admin-console","ui.base.terminal-console"],"stateSliceNames":[],"commandNames":[],"actorKeys":["ui.integration.retail-shell.RetailShellRuntimeInitializeActor","ui.integration.retail-shell.RetailShellTcpLifecycleActor"],"errorKeys":[],"parameterKeys":[],"hasInstall":true,"hasPreSetup":true}
04-21 22:10:17.405 I/assembly.assembly.android.mixc-retail-rn84( 9754): [runtime.load] start runtime-shell-v2 {"runtimeId":"run_mo8payly_1f9qx1hdbk25kcyy","localNodeId":"master:ZJ63NQELD9","modules":["kernel.base.runtime-shell-v2","assembly.android.mixc-retail-rn84","kernel.base.topology-runtime-v3","kernel.base.tcp-control-runtime-v2","kernel.base.tdp-sync-runtime-v2","kernel.base.workflow-runtime-v2","kernel.base.ui-runtime-v2","ui.base.runtime-react","ui.base.input-runtime","ui.base.admin-console","ui.base.terminal-console","ui.integration.retail-shell"],"actorCount":80}
04-21 22:10:17.426 I/assembly.assembly.android.mixc-retail-rn84( 9754): [assembly.topology] Create assembly topology socket binding {"displayIndex":0,"role":"master","localNodeId":"master:ZJ63NQELD9","resolvedPathTemplate":"/ws"}
04-21 22:10:17.427 I/assembly.assembly.android.mixc-retail-rn84( 9754): [runtime.load] install kernel.base.topology-runtime-v3 {"moduleName":"kernel.base.topology-runtime-v3","stateSlices":["kernel.base.topology-runtime-v3.config","kernel.base.topology-runtime-v3.context","kernel.base.topology-runtime-v3.connection","kernel.base.topology-runtime-v3.peer","kernel.base.topology-runtime-v3.sync","kernel.base.topology-runtime-v3.request-mirror","kernel.base.topology-runtime-v3.demo.master","kernel.base.topology-runtime-v3.demo.slave"],"commandNames":["kernel.base.topology-runtime-v3.set-instance-mode","kernel.base.topology-runtime-v3.set-display-mode","kernel.base.topology-runtime-v3.set-enable-slave","kernel.base.topology-runtime-v3.set-master-locator","kernel.base.topology-runtime-v3.clear-master-locator","kernel.base.topology-runtime-v3.refresh-topology-context","kernel.base.topology-runtime-v3.start-topology-connection","kernel.base.topology-runtime-v3.stop-topology-connection","kernel.base.topology-runtime-v3.restart-topology-connection","kernel.base.topology-runtime-v3.upsert-demo-master-entry","kernel.base.topology-runtime-v3.remove-demo-master-entry","kernel.base.topology-runtime-v3.reset-demo-master-state","kernel.base.topology-runtime-v3.upsert-demo-slave-entry","kernel.base.topology-runtime-v3.remove-demo-slave-entry","kernel.base.topology-runtime-v3.reset-demo-slave-state"]}
04-21 22:10:17.431 I/ReactNativeJS( 9754): '[tcp-bootstrap-state-written]', '{"nodeId":"master:ZJ63NQELD9","runtimeId":"run_mo8payly_1f9qx1hdbk25kcyy","displayIndex":0,"requestId":"req_mo8paymr_c4lvhjbwiql96iq1","commandId":"cmd_mo8paymv_yk5qp01vi6g2l9ss","nextDeviceFingerprint":"ZJ63NQELD9","nextDeviceInfo":{"id":"ZJ63NQELD9","model":"Mixc Retail Android RN84"},"previousIdentity":{"activationStatus":"UNACTIVATED"}}'
04-21 22:10:17.434 I/assembly.kernel.base.runtime-shell-v2.application.KernelRuntimeAppV2( 9754): [runtime.load] kernel runtime app v2 started {"runtimeName":"assembly.android.mixc-retail-rn84","moduleDescriptors":[{"moduleName":"assembly.android.mixc-retail-rn84","packageVersion":"1.0.0","dependencies":[],"stateSliceNames":[],"commandNames":[],"actorKeys":["assembly.android.mixc-retail-rn84.AssemblyRuntimeInitializeActor"],"errorKeys":[],"parameterKeys":[],"hasInstall":true,"hasPreSetup":true},{"moduleName":"kernel.base.topology-runtime-v3","packageVersion":"0.0.1","dependencies":[],"stateSliceNames":["kernel.base.topology-runtime-v3.config","kernel.base.topology-runtime-v3.context","kernel.base.topology-runtime-v3.connection","kernel.base.topology-runtime-v3.peer","kernel.base.topology-runtime-v3.sync","kernel.base.topology-runtime-v3.request-mirror","kernel.base.topology-runtime-v3.demo.master","kernel.base.topology-runtime-v3.demo.slave"],"commandNames":["kernel.base.topology-runtime-v3.set-instance-mode","kernel.base.topology-runtime-v3.set-display-mode","kernel.base.topology-runtime-v3.set-enable-slave","kernel.base.topology-runtime-v3.set-master-locator","kernel.base.topology-runtime-v3.clear-master-locator","kernel.base.topology-runtime-v3.refresh-topology-context","kernel.base.topology-runtime-v3.start-topology-connection","kernel.base.topology-runtime-v3.stop-topology-connection","kernel.base.topology-runtime-v3.restart-topology-connection","kernel.base.topology-runtime-v3.upsert-demo-master-entry","kernel.base.topology-runtime-v3.remove-demo-master-entry","kernel.base.topology-runtime-v3.reset-demo-master-state","kernel.base.topology-runtime-v3.upsert-demo-slave-entry","kernel.base.topology-runtime-v3.remove-demo-slave-entry","kernel.base.topology-runtime-v3.reset-demo-slave-state"],"actorKeys":["kernel.base.topology-runtime-v3.TopologyContextActor","kernel.base.topology-runtime-v3.TopologyConnectionActor","kernel.base.topology-runtime-v3.TopologyDemoSyncActor"],"errorKeys":["kernel.base.topology-runtime-v3.display_context_required","kernel.base.topology-runtime-v3.orchestrator_required","kernel.base.topology-runtime-v3.socket_binding_required","kernel.base.topology-runtime-v3.hello_runtime_required","kernel.base.topology-runtime-v3.action_not_allowed"],"parameterKeys":["kernel.base.topology-runtime-v3.reconnect-interval-ms"],"hasInstall":true,"hasPreSetup":true},{"moduleName":"kernel.base.tcp-control-runtime-v2","packageVersion":"0.0.1","dependencies":[],"stateSliceNames":["kernel.base.tcp-control-runtime-v2.identity","kernel.base.tcp-control-runtime-v2.credential","kernel.base.tcp-control-runtime-v2.binding","kernel.base.tcp-control-runtime-v2.sandbox","kernel.base.tcp-control-runtime-v2.runtime"],"commandNames":["kernel.base.tcp-control-runtime-v2.bootstrap-tcp-control","kernel.base.tcp-control-runtime-v2.bootstrap-tcp-control-succeeded","kernel.base.tcp-control-runtime-v2.activate-terminal","kernel.base.tcp-control-runtime-v2.activate-terminal-succeeded","kernel.base.tcp-control-runtime-v2.refresh-credential","kernel.base.tcp-control-runtime-v2.credential-refreshed","kernel.base.tcp-control-runtime-v2.deactivate-terminal","kernel.base.tcp-control-runtime-v2.deactivate-terminal-succeeded","kernel.base.tcp-control-runtime-v2.report-task-result","kernel.base.tcp-control-runtime-v2.task-result-reported","kernel.base.tcp-control-runtime-v2.reset-tcp-control"],"actorKeys":["kernel.base.tcp-control-runtime-v2.TcpBootstrapActor","kernel.base.tcp-control-runtime-v2.TcpActivationActor","kernel.base.tcp-control-runtime-v2.TcpCredentialActor","kernel.base.tcp-control-runtime-v2.TcpDeactivationActor","kernel.base.tcp-control-runtime-v2.TcpTaskReportActor","kernel.base.tcp-control-runtime-v2.TcpStateMutationActor"],"errorKeys":["kernel.base.tcp-control-runtime-v2.activation_code_invalid","kernel.base.tcp-control-runtime-v2.activation_failed","kernel.base.tcp-control-runtime-v2.credential_missing","kernel.base.tcp-control-runtime-v2.credential_expired","kernel.base.tcp-control-runtime-v2.refresh_failed","kernel.base.tcp
04-21 22:10:17.445 I/assembly.assembly.android.mixc-retail-rn84( 9754): [assembly.topology] Native topology host already matches desired lifecycle state {"displayCount":1,"displayIndex":0,"deviceId":"ZJ63NQELD9","instanceMode":"MASTER","enableSlave":false,"running":false,"reason":"not-master-or-single-primary-host"}
04-21 22:10:19.889 W/BestClock(  683): java.time.DateTimeException: No network time available
04-21 22:10:19.889 W/BestClock(  683): java.time.DateTimeException: No network time available
04-21 22:10:19.889 W/BestClock(  683): java.time.DateTimeException: No network time available
04-21 22:10:19.890 W/BestClock(  683): java.time.DateTimeException: No network time available
04-21 22:10:19.890 W/BestClock(  683): java.time.DateTimeException: No network time available
04-21 22:10:20.177 E/TaskPersister(  683): File error accessing recents directory (directory doesn't exist?).
04-21 22:10:22.900 W/BestClock(  683): java.time.DateTimeException: No network time available
04-21 22:10:22.900 W/BestClock(  683): java.time.DateTimeException: No network time available
04-21 22:10:22.900 W/BestClock(  683): java.time.DateTimeException: No network time available
04-21 22:10:22.900 W/BestClock(  683): java.time.DateTimeException: No network time available
04-21 22:10:22.900 W/BestClock(  683): java.time.DateTimeException: No network time available
04-21 22:10:23.662 D/NetworkMonitor/101( 1052): PROBE_HTTPS https://www.google.com/generate_204 Probe failed with exception javax.net.ssl.SSLHandshakeException: connection closed
04-21 22:10:25.906 W/BestClock(  683): java.time.DateTimeException: No network time available
04-21 22:10:25.906 W/BestClock(  683): java.time.DateTimeException: No network time available
04-21 22:10:25.906 W/BestClock(  683): java.time.DateTimeException: No network time available
04-21 22:10:25.906 W/BestClock(  683): java.time.DateTimeException: No network time available
04-21 22:10:25.906 W/BestClock(  683): java.time.DateTimeException: No network time available
04-21 22:10:28.915 W/BestClock(  683): java.time.DateTimeException: No network time available
04-21 22:10:28.916 W/BestClock(  683): java.time.DateTimeException: No network time available
04-21 22:10:28.916 W/BestClock(  683): java.time.DateTimeException: No network time available
04-21 22:10:28.916 W/BestClock(  683): java.time.DateTimeException: No network time available
04-21 22:10:28.916 W/BestClock(  683): java.time.DateTimeException: No network time available
04-21 22:10:31.926 W/BestClock(  683): java.time.DateTimeException: No network time available
04-21 22:10:31.926 W/BestClock(  683): java.time.DateTimeException: No network time available
04-21 22:10:31.927 W/BestClock(  683): java.time.DateTimeException: No network time available
04-21 22:10:31.927 W/BestClock(  683): java.time.DateTimeException: No network time available
04-21 22:10:31.927 W/BestClock(  683): java.time.DateTimeException: No network time available
04-21 22:10:34.934 W/BestClock(  683): java.time.DateTimeException: No network time available
04-21 22:10:34.934 W/BestClock(  683): java.time.DateTimeException: No network time available
04-21 22:10:34.934 W/BestClock(  683): java.time.DateTimeException: No network time available
04-21 22:10:34.935 W/BestClock(  683): java.time.DateTimeException: No network time available
04-21 22:10:34.935 W/BestClock(  683): java.time.DateTimeException: No network time available
04-21 22:10:37.940 W/BestClock(  683): java.time.DateTimeException: No network time available
04-21 22:10:37.941 W/BestClock(  683): java.time.DateTimeException: No network time available
04-21 22:10:37.941 W/BestClock(  683): java.time.DateTimeException: No network time available
04-21 22:10:37.941 W/BestClock(  683): java.time.DateTimeException: No network time available
04-21 22:10:37.941 W/BestClock(  683): java.time.DateTimeException: No network time available
04-21 22:10:39.733 W/BestClock(  683): java.time.DateTimeException: No network time available
04-21 22:10:39.733 W/BestClock(  683): java.time.DateTimeException: No network time available
04-21 22:10:39.733 W/BestClock(  683): java.time.DateTimeException: No network time available
04-21 22:10:40.950 W/BestClock(  683): java.time.DateTimeException: No network time available
04-21 22:10:40.950 W/BestClock(  683): java.time.DateTimeException: No network time available
04-21 22:10:40.950 W/BestClock(  683): java.time.DateTimeException: No network time available
04-21 22:10:40.950 W/BestClock(  683): java.time.DateTimeException: No network time available
04-21 22:10:40.950 W/BestClock(  683): java.time.DateTimeException: No network time available
04-21 22:10:43.956 W/BestClock(  683): java.time.DateTimeException: No network time available
04-21 22:10:43.956 W/BestClock(  683): java.time.DateTimeException: No network time available
04-21 22:10:43.957 W/BestClock(  683): java.time.DateTimeException: No network time available
04-21 22:10:43.957 W/BestClock(  683): java.time.DateTimeException: No network time available
04-21 22:10:43.957 W/BestClock(  683): java.time.DateTimeException: No network time available
04-21 22:10:46.963 W/BestClock(  683): java.time.DateTimeException: No network time available
04-21 22:10:46.963 W/BestClock(  683): java.time.DateTimeException: No network time available
04-21 22:10:46.963 W/BestClock(  683): java.time.DateTimeException: No network time available
04-21 22:10:46.963 W/BestClock(  683): java.time.DateTimeException: No network time available
04-21 22:10:46.963 W/BestClock(  683): java.time.DateTimeException: No network time available
04-21 22:10:49.971 W/BestClock(  683): java.time.DateTimeException: No network time available
04-21 22:10:49.971 W/BestClock(  683): java.time.DateTimeException: No network time available
04-21 22:10:49.972 W/BestClock(  683): java.time.DateTimeException: No network time available
04-21 22:10:49.972 W/BestClock(  683): java.time.DateTimeException: No network time available
04-21 22:10:49.972 W/BestClock(  683): java.time.DateTimeException: No network time available
04-21 22:10:52.978 W/BestClock(  683): java.time.DateTimeException: No network time available
04-21 22:10:52.978 W/BestClock(  683): java.time.DateTimeException: No network time available
04-21 22:10:52.978 W/BestClock(  683): java.time.DateTimeException: No network time available
04-21 22:10:52.979 W/BestClock(  683): java.time.DateTimeException: No network time available
04-21 22:10:52.979 W/BestClock(  683): java.time.DateTimeException: No network time available
04-21 22:10:55.988 W/BestClock(  683): java.time.DateTimeException: No network time available
04-21 22:10:55.989 W/BestClock(  683): java.time.DateTimeException: No network time available
04-21 22:10:55.989 W/BestClock(  683): java.time.DateTimeException: No network time available
04-21 22:10:55.989 W/BestClock(  683): java.time.DateTimeException: No network time available
04-21 22:10:55.989 W/BestClock(  683): java.time.DateTimeException: No network time available
04-21 22:10:58.995 W/BestClock(  683): java.time.DateTimeException: No network time available
04-21 22:10:58.996 W/BestClock(  683): java.time.DateTimeException: No network time available
04-21 22:10:58.996 W/BestClock(  683): java.time.DateTimeException: No network time available
04-21 22:10:58.996 W/BestClock(  683): java.time.DateTimeException: No network time available
04-21 22:10:58.996 W/BestClock(  683): java.time.DateTimeException: No network time available
04-21 22:11:02.002 W/BestClock(  683): java.time.DateTimeException: No network time available
04-21 22:11:02.003 W/BestClock(  683): java.time.DateTimeException: No network time available
04-21 22:11:02.003 W/BestClock(  683): java.time.DateTimeException: No network time available
04-21 22:11:02.003 W/BestClock(  683): java.time.DateTimeException: No network time available
04-21 22:11:02.003 W/BestClock(  683): java.time.DateTimeException: No network time available
04-21 22:11:05.010 W/BestClock(  683): java.time.DateTimeException: No network time available
04-21 22:11:05.010 W/BestClock(  683): java.time.DateTimeException: No network time available
04-21 22:11:05.010 W/BestClock(  683): java.time.DateTimeException: No network time available
04-21 22:11:05.011 W/BestClock(  683): java.time.DateTimeException: No network time available
04-21 22:11:05.011 W/BestClock(  683): java.time.DateTimeException: No network time available
04-21 22:11:08.019 W/BestClock(  683): java.time.DateTimeException: No network time available
04-21 22:11:08.019 W/BestClock(  683): java.time.DateTimeException: No network time available
04-21 22:11:08.019 W/BestClock(  683): java.time.DateTimeException: No network time available
04-21 22:11:08.019 W/BestClock(  683): java.time.DateTimeException: No network time available
04-21 22:11:08.019 W/BestClock(  683): java.time.DateTimeException: No network time available
04-21 22:11:11.023 W/BestClock(  683): java.time.DateTimeException: No network time available
04-21 22:11:11.023 W/BestClock(  683): java.time.DateTimeException: No network time available
04-21 22:11:11.023 W/BestClock(  683): java.time.DateTimeException: No network time available
04-21 22:11:11.023 W/BestClock(  683): java.time.DateTimeException: No network time available
04-21 22:11:11.023 W/BestClock(  683): java.time.DateTimeException: No network time available
04-21 22:11:14.033 W/BestClock(  683): java.time.DateTimeException: No network time available
04-21 22:11:14.034 W/BestClock(  683): java.time.DateTimeException: No network time available
04-21 22:11:14.034 W/BestClock(  683): java.time.DateTimeException: No network time available
04-21 22:11:14.034 W/BestClock(  683): java.time.DateTimeException: No network time available
04-21 22:11:14.034 W/BestClock(  683): java.time.DateTimeException: No network time available
04-21 22:11:14.114 D/NetworkMonitor/101( 1052): PROBE_HTTPS https://www.google.com/generate_204 Probe failed with exception javax.net.ssl.SSLHandshakeException: connection closed
04-21 22:11:17.042 W/BestClock(  683): java.time.DateTimeException: No network time available
04-21 22:11:17.042 W/BestClock(  683): java.time.DateTimeException: No network time available
04-21 22:11:17.043 W/BestClock(  683): java.time.DateTimeException: No network time available
04-21 22:11:17.043 W/BestClock(  683): java.time.DateTimeException: No network time available
04-21 22:11:17.043 W/BestClock(  683): java.time.DateTimeException: No network time available
04-21 22:11:20.052 W/BestClock(  683): java.time.DateTimeException: No network time available
04-21 22:11:20.052 W/BestClock(  683): java.time.DateTimeException: No network time available
04-21 22:11:20.052 W/BestClock(  683): java.time.DateTimeException: No network time available
04-21 22:11:20.052 W/BestClock(  683): java.time.DateTimeException: No network time available
04-21 22:11:20.052 W/BestClock(  683): java.time.DateTimeException: No network time available
04-21 22:11:23.064 W/BestClock(  683): java.time.DateTimeException: No network time available
04-21 22:11:23.064 W/BestClock(  683): java.time.DateTimeException: No network time available
04-21 22:11:23.064 W/BestClock(  683): java.time.DateTimeException: No network time available
04-21 22:11:23.064 W/BestClock(  683): java.time.DateTimeException: No network time available
04-21 22:11:23.064 W/BestClock(  683): java.time.DateTimeException: No network time available
04-21 22:11:26.070 W/BestClock(  683): java.time.DateTimeException: No network time available
04-21 22:11:26.070 W/BestClock(  683): java.time.DateTimeException: No network time available
04-21 22:11:26.070 W/BestClock(  683): java.time.DateTimeException: No network time available
04-21 22:11:26.070 W/BestClock(  683): java.time.DateTimeException: No network time available
04-21 22:11:26.070 W/BestClock(  683): java.time.DateTimeException: No network time available
04-21 22:11:26.141 D/NetworkMonitor/101( 1052): PROBE_HTTPS https://www.google.com/generate_204 Probe failed with exception javax.net.ssl.SSLHandshakeException: connection closed
04-21 22:11:29.076 W/BestClock(  683): java.time.DateTimeException: No network time available
04-21 22:11:29.076 W/BestClock(  683): java.time.DateTimeException: No network time available
04-21 22:11:29.076 W/BestClock(  683): java.time.DateTimeException: No network time available
04-21 22:11:29.076 W/BestClock(  683): java.time.DateTimeException: No network time available
04-21 22:11:29.077 W/BestClock(  683): java.time.DateTimeException: No network time available
04-21 22:11:32.085 W/BestClock(  683): java.time.DateTimeException: No network time available
04-21 22:11:32.085 W/BestClock(  683): java.time.DateTimeException: No network time available
04-21 22:11:32.085 W/BestClock(  683): java.time.DateTimeException: No network time available
04-21 22:11:32.086 W/BestClock(  683): java.time.DateTimeException: No network time available
04-21 22:11:32.086 W/BestClock(  683): java.time.DateTimeException: No network time available
04-21 22:11:35.094 W/BestClock(  683): java.time.DateTimeException: No network time available
04-21 22:11:35.094 W/BestClock(  683): java.time.DateTimeException: No network time available
04-21 22:11:35.094 W/BestClock(  683): java.time.DateTimeException: No network time available
04-21 22:11:35.094 W/BestClock(  683): java.time.DateTimeException: No network time available
04-21 22:11:35.094 W/BestClock(  683): java.time.DateTimeException: No network time available
04-21 22:11:38.100 W/BestClock(  683): java.time.DateTimeException: No network time available
04-21 22:11:38.101 W/BestClock(  683): java.time.DateTimeException: No network time available
04-21 22:11:38.101 W/BestClock(  683): java.time.DateTimeException: No network time available
04-21 22:11:38.101 W/BestClock(  683): java.time.DateTimeException: No network time available
04-21 22:11:38.101 W/BestClock(  683): java.time.DateTimeException: No network time available
04-21 22:11:38.680 D/NetworkMonitor/101( 1052): PROBE_HTTPS https://www.google.com/generate_204 Probe failed with exception javax.net.ssl.SSLHandshakeException: connection closed
04-21 22:11:41.105 W/BestClock(  683): java.time.DateTimeException: No network time available
04-21 22:11:41.106 W/BestClock(  683): java.time.DateTimeException: No network time available
04-21 22:11:41.106 W/BestClock(  683): java.time.DateTimeException: No network time available
04-21 22:11:41.106 W/BestClock(  683): java.time.DateTimeException: No network time available
04-21 22:11:41.106 W/BestClock(  683): java.time.DateTimeException: No network time available
04-21 22:11:44.113 W/BestClock(  683): java.time.DateTimeException: No network time available
04-21 22:11:44.113 W/BestClock(  683): java.time.DateTimeException: No network time available
04-21 22:11:44.113 W/BestClock(  683): java.time.DateTimeException: No network time available
04-21 22:11:44.113 W/BestClock(  683): java.time.DateTimeException: No network time available
04-21 22:11:44.113 W/BestClock(  683): java.time.DateTimeException: No network time available
04-21 22:11:47.119 W/BestClock(  683): java.time.DateTimeException: No network time available
04-21 22:11:47.119 W/BestClock(  683): java.time.DateTimeException: No network time available
04-21 22:11:47.119 W/BestClock(  683): java.time.DateTimeException: No network time available
04-21 22:11:47.119 W/BestClock(  683): java.time.DateTimeException: No network time available
04-21 22:11:47.119 W/BestClock(  683): java.time.DateTimeException: No network time available
04-21 22:11:50.125 W/BestClock(  683): java.time.DateTimeException: No network time available
04-21 22:11:50.126 W/BestClock(  683): java.time.DateTimeException: No network time available
04-21 22:11:50.126 W/BestClock(  683): java.time.DateTimeException: No network time available
04-21 22:11:50.126 W/BestClock(  683): java.time.DateTimeException: No network time available
04-21 22:11:50.126 W/BestClock(  683): java.time.DateTimeException: No network time available
04-21 22:11:53.135 W/BestClock(  683): java.time.DateTimeException: No network time available
04-21 22:11:53.135 W/BestClock(  683): java.time.DateTimeException: No network time available
04-21 22:11:53.135 W/BestClock(  683): java.time.DateTimeException: No network time available
04-21 22:11:53.135 W/BestClock(  683): java.time.DateTimeException: No network time available
04-21 22:11:53.135 W/BestClock(  683): java.time.DateTimeException: No network time available
04-21 22:11:53.229 D/NetworkMonitor/101( 1052): PROBE_HTTPS https://www.google.com/generate_204 Probe failed with exception javax.net.ssl.SSLHandshakeException: connection closed
04-21 22:11:56.144 W/BestClock(  683): java.time.DateTimeException: No network time available
04-21 22:11:56.144 W/BestClock(  683): java.time.DateTimeException: No network time available
04-21 22:11:56.144 W/BestClock(  683): java.time.DateTimeException: No network time available
04-21 22:11:56.144 W/BestClock(  683): java.time.DateTimeException: No network time available
04-21 22:11:56.144 W/BestClock(  683): java.time.DateTimeException: No network time available
04-21 22:11:56.712 I/assembly.assembly.android.mixc-retail-rn84( 9754): [assembly.topology] Native topology host already matches desired lifecycle state {"displayCount":1,"displayIndex":0,"deviceId":"ZJ63NQELD9","instanceMode":"MASTER","enableSlave":false,"running":false,"reason":"not-master-or-single-primary-host"}
04-21 22:11:59.150 W/BestClock(  683): java.time.DateTimeException: No network time available
04-21 22:11:59.151 W/BestClock(  683): java.time.DateTimeException: No network time available
04-21 22:11:59.151 W/BestClock(  683): java.time.DateTimeException: No network time available
04-21 22:11:59.151 W/BestClock(  683): java.time.DateTimeException: No network time available
04-21 22:11:59.151 W/BestClock(  683): java.time.DateTimeException: No network time available
04-21 22:12:02.158 W/BestClock(  683): java.time.DateTimeException: No network time available
04-21 22:12:02.158 W/BestClock(  683): java.time.DateTimeException: No network time available
04-21 22:12:02.158 W/BestClock(  683): java.time.DateTimeException: No network time available
04-21 22:12:02.158 W/BestClock(  683): java.time.DateTimeException: No network time available
04-21 22:12:02.158 W/BestClock(  683): java.time.DateTimeException: No network time available
04-21 22:12:05.164 W/BestClock(  683): java.time.DateTimeException: No network time available
04-21 22:12:05.164 W/BestClock(  683): java.time.DateTimeException: No network time available
04-21 22:12:05.164 W/BestClock(  683): java.time.DateTimeException: No network time available
04-21 22:12:05.164 W/BestClock(  683): java.time.DateTimeException: No network time available
04-21 22:12:05.164 W/BestClock(  683): java.time.DateTimeException: No network time available
04-21 22:12:08.170 W/BestClock(  683): java.time.DateTimeException: No network time available
04-21 22:12:08.171 W/BestClock(  683): java.time.DateTimeException: No network time available
04-21 22:12:08.171 W/BestClock(  683): java.time.DateTimeException: No network time available
04-21 22:12:08.171 W/BestClock(  683): java.time.DateTimeException: No network time available
04-21 22:12:08.171 W/BestClock(  683): java.time.DateTimeException: No network time available
04-21 22:12:11.175 W/BestClock(  683): java.time.DateTimeException: No network time available
04-21 22:12:11.175 W/BestClock(  683): java.time.DateTimeException: No network time available
04-21 22:12:11.175 W/BestClock(  683): java.time.DateTimeException: No network time available
04-21 22:12:11.175 W/BestClock(  683): java.time.DateTimeException: No network time available
04-21 22:12:11.175 W/BestClock(  683): java.time.DateTimeException: No network time available
04-21 22:12:11.777 D/NetworkMonitor/101( 1052): PROBE_HTTPS https://www.google.com/generate_204 Probe failed with exception javax.net.ssl.SSLHandshakeException: connection closed
04-21 22:12:14.181 W/BestClock(  683): java.time.DateTimeException: No network time available
04-21 22:12:14.181 W/BestClock(  683): java.time.DateTimeException: No network time available
04-21 22:12:14.181 W/BestClock(  683): java.time.DateTimeException: No network time available
04-21 22:12:14.181 W/BestClock(  683): java.time.DateTimeException: No network time available
04-21 22:12:14.182 W/BestClock(  683): java.time.DateTimeException: No network time available
04-21 22:12:17.188 W/BestClock(  683): java.time.DateTimeException: No network time available
04-21 22:12:17.188 W/BestClock(  683): java.time.DateTimeException: No network time available
04-21 22:12:17.188 W/BestClock(  683): java.time.DateTimeException: No network time available
04-21 22:12:17.189 W/BestClock(  683): java.time.DateTimeException: No network time available
04-21 22:12:17.189 W/BestClock(  683): java.time.DateTimeException: No network time available
04-21 22:12:18.137 I/assembly.assembly.android.mixc-retail-rn84( 9754): [assembly.topology] Native topology host already matches desired lifecycle state {"displayCount":1,"displayIndex":0,"deviceId":"ZJ63NQELD9","instanceMode":"SLAVE","enableSlave":false,"running":false,"reason":"not-master-or-single-primary-host"}
04-21 22:12:18.139 I/assembly.assembly.android.mixc-retail-rn84( 9754): [assembly.topology] Native topology host already matches desired lifecycle state {"displayCount":1,"displayIndex":0,"deviceId":"ZJ63NQELD9","instanceMode":"SLAVE","enableSlave":false,"running":false,"reason":"not-master-or-single-primary-host"}
04-21 22:12:18.139 I/assembly.assembly.android.mixc-retail-rn84( 9754): [assembly.topology] Native topology host already matches desired lifecycle state {"displayCount":1,"displayIndex":0,"deviceId":"ZJ63NQELD9","instanceMode":"SLAVE","enableSlave":false,"running":false,"reason":"not-master-or-single-primary-host"}
