04-21 22:21:36.489 W/BestClock(  683): java.time.DateTimeException: No network time available
04-21 22:21:39.498 W/BestClock(  683): java.time.DateTimeException: No network time available
04-21 22:21:39.498 W/BestClock(  683): java.time.DateTimeException: No network time available
04-21 22:21:39.498 W/BestClock(  683): java.time.DateTimeException: No network time available
04-21 22:21:39.498 W/BestClock(  683): java.time.DateTimeException: No network time available
04-21 22:21:39.498 W/BestClock(  683): java.time.DateTimeException: No network time available
04-21 22:21:42.507 W/BestClock(  683): java.time.DateTimeException: No network time available
04-21 22:21:42.507 W/BestClock(  683): java.time.DateTimeException: No network time available
04-21 22:21:42.507 W/BestClock(  683): java.time.DateTimeException: No network time available
04-21 22:21:42.507 W/BestClock(  683): java.time.DateTimeException: No network time available
04-21 22:21:42.507 W/BestClock(  683): java.time.DateTimeException: No network time available
04-21 22:21:45.518 W/BestClock(  683): java.time.DateTimeException: No network time available
04-21 22:21:45.518 W/BestClock(  683): java.time.DateTimeException: No network time available
04-21 22:21:45.518 W/BestClock(  683): java.time.DateTimeException: No network time available
04-21 22:21:45.518 W/BestClock(  683): java.time.DateTimeException: No network time available
04-21 22:21:45.519 W/BestClock(  683): java.time.DateTimeException: No network time available
04-21 22:21:48.526 W/BestClock(  683): java.time.DateTimeException: No network time available
04-21 22:21:48.526 W/BestClock(  683): java.time.DateTimeException: No network time available
04-21 22:21:48.526 W/BestClock(  683): java.time.DateTimeException: No network time available
04-21 22:21:48.526 W/BestClock(  683): java.time.DateTimeException: No network time available
04-21 22:21:48.526 W/BestClock(  683): java.time.DateTimeException: No network time available
04-21 22:21:49.765 D/NetworkMonitor/101( 1052): PROBE_HTTPS https://www.google.com/generate_204 Probe failed with exception javax.net.ssl.SSLHandshakeException: connection closed
04-21 22:21:51.532 W/BestClock(  683): java.time.DateTimeException: No network time available
04-21 22:21:51.532 W/BestClock(  683): java.time.DateTimeException: No network time available
04-21 22:21:51.532 W/BestClock(  683): java.time.DateTimeException: No network time available
04-21 22:21:51.533 W/BestClock(  683): java.time.DateTimeException: No network time available
04-21 22:21:51.533 W/BestClock(  683): java.time.DateTimeException: No network time available
04-21 22:21:54.542 W/BestClock(  683): java.time.DateTimeException: No network time available
04-21 22:21:54.543 W/BestClock(  683): java.time.DateTimeException: No network time available
04-21 22:21:54.543 W/BestClock(  683): java.time.DateTimeException: No network time available
04-21 22:21:54.543 W/BestClock(  683): java.time.DateTimeException: No network time available
04-21 22:21:54.543 W/BestClock(  683): java.time.DateTimeException: No network time available
04-21 22:21:57.551 W/BestClock(  683): java.time.DateTimeException: No network time available
04-21 22:21:57.551 W/BestClock(  683): java.time.DateTimeException: No network time available
04-21 22:21:57.551 W/BestClock(  683): java.time.DateTimeException: No network time available
04-21 22:21:57.551 W/BestClock(  683): java.time.DateTimeException: No network time available
04-21 22:21:57.551 W/BestClock(  683): java.time.DateTimeException: No network time available
04-21 22:22:00.557 W/BestClock(  683): java.time.DateTimeException: No network time available
04-21 22:22:00.557 W/BestClock(  683): java.time.DateTimeException: No network time available
04-21 22:22:00.557 W/BestClock(  683): java.time.DateTimeException: No network time available
04-21 22:22:00.558 W/BestClock(  683): java.time.DateTimeException: No network time available
04-21 22:22:00.558 W/BestClock(  683): java.time.DateTimeException: No network time available
04-21 22:22:03.564 W/BestClock(  683): java.time.DateTimeException: No network time available
04-21 22:22:03.564 W/BestClock(  683): java.time.DateTimeException: No network time available
04-21 22:22:03.564 W/BestClock(  683): java.time.DateTimeException: No network time available
04-21 22:22:03.564 W/BestClock(  683): java.time.DateTimeException: No network time available
04-21 22:22:03.564 W/BestClock(  683): java.time.DateTimeException: No network time available
04-21 22:22:06.569 W/BestClock(  683): java.time.DateTimeException: No network time available
04-21 22:22:06.569 W/BestClock(  683): java.time.DateTimeException: No network time available
04-21 22:22:06.569 W/BestClock(  683): java.time.DateTimeException: No network time available
04-21 22:22:06.569 W/BestClock(  683): java.time.DateTimeException: No network time available
04-21 22:22:06.569 W/BestClock(  683): java.time.DateTimeException: No network time available
04-21 22:22:09.575 W/BestClock(  683): java.time.DateTimeException: No network time available
04-21 22:22:09.575 W/BestClock(  683): java.time.DateTimeException: No network time available
04-21 22:22:09.575 W/BestClock(  683): java.time.DateTimeException: No network time available
04-21 22:22:09.575 W/BestClock(  683): java.time.DateTimeException: No network time available
04-21 22:22:09.575 W/BestClock(  683): java.time.DateTimeException: No network time available
04-21 22:22:12.588 W/BestClock(  683): java.time.DateTimeException: No network time available
04-21 22:22:12.588 W/BestClock(  683): java.time.DateTimeException: No network time available
04-21 22:22:12.588 W/BestClock(  683): java.time.DateTimeException: No network time available
04-21 22:22:12.588 W/BestClock(  683): java.time.DateTimeException: No network time available
04-21 22:22:12.588 W/BestClock(  683): java.time.DateTimeException: No network time available
04-21 22:22:15.592 W/BestClock(  683): java.time.DateTimeException: No network time available
04-21 22:22:15.593 W/BestClock(  683): java.time.DateTimeException: No network time available
04-21 22:22:15.593 W/BestClock(  683): java.time.DateTimeException: No network time available
04-21 22:22:15.593 W/BestClock(  683): java.time.DateTimeException: No network time available
04-21 22:22:15.593 W/BestClock(  683): java.time.DateTimeException: No network time available
04-21 22:22:18.602 W/BestClock(  683): java.time.DateTimeException: No network time available
04-21 22:22:18.602 W/BestClock(  683): java.time.DateTimeException: No network time available
04-21 22:22:18.602 W/BestClock(  683): java.time.DateTimeException: No network time available
04-21 22:22:18.602 W/BestClock(  683): java.time.DateTimeException: No network time available
04-21 22:22:18.603 W/BestClock(  683): java.time.DateTimeException: No network time available
04-21 22:22:21.612 W/BestClock(  683): java.time.DateTimeException: No network time available
04-21 22:22:21.612 W/BestClock(  683): java.time.DateTimeException: No network time available
04-21 22:22:21.612 W/BestClock(  683): java.time.DateTimeException: No network time available
04-21 22:22:21.612 W/BestClock(  683): java.time.DateTimeException: No network time available
04-21 22:22:21.612 W/BestClock(  683): java.time.DateTimeException: No network time available
04-21 22:22:24.619 W/BestClock(  683): java.time.DateTimeException: No network time available
04-21 22:22:24.619 W/BestClock(  683): java.time.DateTimeException: No network time available
04-21 22:22:24.619 W/BestClock(  683): java.time.DateTimeException: No network time available
04-21 22:22:24.619 W/BestClock(  683): java.time.DateTimeException: No network time available
04-21 22:22:24.619 W/BestClock(  683): java.time.DateTimeException: No network time available
04-21 22:22:27.626 W/BestClock(  683): java.time.DateTimeException: No network time available
04-21 22:22:27.626 W/BestClock(  683): java.time.DateTimeException: No network time available
04-21 22:22:27.626 W/BestClock(  683): java.time.DateTimeException: No network time available
04-21 22:22:27.626 W/BestClock(  683): java.time.DateTimeException: No network time available
04-21 22:22:27.626 W/BestClock(  683): java.time.DateTimeException: No network time available
04-21 22:22:30.276 I/ReactNativeJS( 9754): '[runtime-state-sync-apply]', '{"direction":"master-to-slave","incomingSliceNames":["kernel.base.tcp-control-runtime-v2.identity"],"appliedSliceNames":["kernel.base.tcp-control-runtime-v2.identity"],"skippedSliceReasons":[]}'
04-21 22:22:30.279 I/assembly.assembly.android.mixc-retail-rn84( 9754): [assembly.topology] Native topology host already matches desired lifecycle state {"displayCount":1,"displayIndex":0,"deviceId":"ZJ63NQELD9","instanceMode":"SLAVE","enableSlave":false,"running":false,"reason":"not-master-or-single-primary-host"}
04-21 22:22:30.283 I/assembly.assembly.android.mixc-retail-rn84( 9754): [assembly.topology] Native topology host already matches desired lifecycle state {"displayCount":1,"displayIndex":0,"deviceId":"ZJ63NQELD9","instanceMode":"SLAVE","enableSlave":false,"running":false,"reason":"not-master-or-single-primary-host"}
04-21 22:22:30.630 W/BestClock(  683): java.time.DateTimeException: No network time available
04-21 22:22:30.630 W/BestClock(  683): java.time.DateTimeException: No network time available
04-21 22:22:30.630 W/BestClock(  683): java.time.DateTimeException: No network time available
04-21 22:22:30.630 W/BestClock(  683): java.time.DateTimeException: No network time available
04-21 22:22:30.630 W/BestClock(  683): java.time.DateTimeException: No network time available
04-21 22:22:32.829 D/NetworkMonitor/101( 1052): PROBE_HTTPS https://www.google.com/generate_204 Probe failed with exception javax.net.ssl.SSLHandshakeException: connection closed
04-21 22:22:33.329 I/ReactNativeJS( 9754): '[runtime-state-sync-apply]', '{"direction":"master-to-slave","incomingSliceNames":["kernel.base.tcp-control-runtime-v2.sandbox"],"appliedSliceNames":["kernel.base.tcp-control-runtime-v2.sandbox"],"skippedSliceReasons":[]}'
04-21 22:22:33.330 I/assembly.assembly.android.mixc-retail-rn84( 9754): [assembly.topology] Native topology host already matches desired lifecycle state {"displayCount":1,"displayIndex":0,"deviceId":"ZJ63NQELD9","instanceMode":"SLAVE","enableSlave":false,"running":false,"reason":"not-master-or-single-primary-host"}
04-21 22:22:33.332 I/assembly.assembly.android.mixc-retail-rn84( 9754): [assembly.topology] Native topology host already matches desired lifecycle state {"displayCount":1,"displayIndex":0,"deviceId":"ZJ63NQELD9","instanceMode":"SLAVE","enableSlave":false,"running":false,"reason":"not-master-or-single-primary-host"}
04-21 22:22:33.373 I/ReactNativeJS( 9754): '[runtime-state-sync-apply]', '{"direction":"master-to-slave","incomingSliceNames":["kernel.base.tcp-control-runtime-v2.identity"],"appliedSliceNames":["kernel.base.tcp-control-runtime-v2.identity"],"skippedSliceReasons":[]}'
04-21 22:22:33.375 I/assembly.assembly.android.mixc-retail-rn84( 9754): [assembly.topology] Native topology host already matches desired lifecycle state {"displayCount":1,"displayIndex":0,"deviceId":"ZJ63NQELD9","instanceMode":"SLAVE","enableSlave":false,"running":false,"reason":"not-master-or-single-primary-host"}
04-21 22:22:33.377 I/ReactNativeJS( 9754): '[runtime-state-sync-apply]', '{"direction":"master-to-slave","incomingSliceNames":["kernel.base.tcp-control-runtime-v2.credential"],"appliedSliceNames":["kernel.base.tcp-control-runtime-v2.credential"],"skippedSliceReasons":[]}'
04-21 22:22:33.377 I/assembly.assembly.android.mixc-retail-rn84( 9754): [assembly.topology] Native topology host already matches desired lifecycle state {"displayCount":1,"displayIndex":0,"deviceId":"ZJ63NQELD9","instanceMode":"SLAVE","enableSlave":false,"running":false,"reason":"not-master-or-single-primary-host"}
04-21 22:22:33.378 I/assembly.assembly.android.mixc-retail-rn84( 9754): [assembly.topology] Native topology host already matches desired lifecycle state {"displayCount":1,"displayIndex":0,"deviceId":"ZJ63NQELD9","instanceMode":"SLAVE","enableSlave":false,"running":false,"reason":"not-master-or-single-primary-host"}
04-21 22:22:33.378 I/assembly.assembly.android.mixc-retail-rn84( 9754): [assembly.topology] Native topology host already matches desired lifecycle state {"displayCount":1,"displayIndex":0,"deviceId":"ZJ63NQELD9","instanceMode":"SLAVE","enableSlave":false,"running":false,"reason":"not-master-or-single-primary-host"}
04-21 22:22:33.378 I/ReactNativeJS( 9754): '[runtime-state-sync-apply]', '{"direction":"master-to-slave","incomingSliceNames":["kernel.base.tcp-control-runtime-v2.binding"],"appliedSliceNames":["kernel.base.tcp-control-runtime-v2.binding"],"skippedSliceReasons":[]}'
04-21 22:22:33.379 I/assembly.assembly.android.mixc-retail-rn84( 9754): [assembly.topology] Native topology host already matches desired lifecycle state {"displayCount":1,"displayIndex":0,"deviceId":"ZJ63NQELD9","instanceMode":"SLAVE","enableSlave":false,"running":false,"reason":"not-master-or-single-primary-host"}
04-21 22:22:33.379 I/ReactNativeJS( 9754): '[runtime-state-sync-apply]', '{"direction":"master-to-slave","incomingSliceNames":["kernel.base.ui-runtime-v2.screen.main"],"appliedSliceNames":["kernel.base.ui-runtime-v2.screen.main"],"skippedSliceReasons":[]}'
04-21 22:22:33.379 I/assembly.assembly.android.mixc-retail-rn84( 9754): [assembly.topology] Native topology host already matches desired lifecycle state {"displayCount":1,"displayIndex":0,"deviceId":"ZJ63NQELD9","instanceMode":"SLAVE","enableSlave":false,"running":false,"reason":"not-master-or-single-primary-host"}
04-21 22:22:33.379 I/assembly.assembly.android.mixc-retail-rn84( 9754): [assembly.topology] Native topology host already matches desired lifecycle state {"displayCount":1,"displayIndex":0,"deviceId":"ZJ63NQELD9","instanceMode":"SLAVE","enableSlave":false,"running":false,"reason":"not-master-or-single-primary-host"}
04-21 22:22:33.379 I/ReactNativeJS( 9754): '[runtime-state-sync-apply]', '{"direction":"master-to-slave","incomingSliceNames":["kernel.base.ui-runtime-v2.screen.main"],"appliedSliceNames":["kernel.base.ui-runtime-v2.screen.main"],"skippedSliceReasons":[]}'
04-21 22:22:33.380 I/assembly.assembly.android.mixc-retail-rn84( 9754): [assembly.topology] Native topology host already matches desired lifecycle state {"displayCount":1,"displayIndex":0,"deviceId":"ZJ63NQELD9","instanceMode":"SLAVE","enableSlave":false,"running":false,"reason":"not-master-or-single-primary-host"}
04-21 22:22:33.381 I/assembly.assembly.android.mixc-retail-rn84( 9754): [assembly.topology] Native topology host already matches desired lifecycle state {"displayCount":1,"displayIndex":0,"deviceId":"ZJ63NQELD9","instanceMode":"SLAVE","enableSlave":false,"running":false,"reason":"not-master-or-single-primary-host"}
04-21 22:22:33.381 I/assembly.assembly.android.mixc-retail-rn84( 9754): [assembly.topology] Native topology host already matches desired lifecycle state {"displayCount":1,"displayIndex":0,"deviceId":"ZJ63NQELD9","instanceMode":"SLAVE","enableSlave":false,"running":false,"reason":"not-master-or-single-primary-host"}
04-21 22:22:33.636 W/BestClock(  683): java.time.DateTimeException: No network time available
04-21 22:22:33.636 W/BestClock(  683): java.time.DateTimeException: No network time available
04-21 22:22:33.636 W/BestClock(  683): java.time.DateTimeException: No network time available
04-21 22:22:33.636 W/BestClock(  683): java.time.DateTimeException: No network time available
04-21 22:22:33.636 W/BestClock(  683): java.time.DateTimeException: No network time available
04-21 22:22:36.644 W/BestClock(  683): java.time.DateTimeException: No network time available
04-21 22:22:36.644 W/BestClock(  683): java.time.DateTimeException: No network time available
04-21 22:22:36.644 W/BestClock(  683): java.time.DateTimeException: No network time available
04-21 22:22:36.645 W/BestClock(  683): java.time.DateTimeException: No network time available
04-21 22:22:36.645 W/BestClock(  683): java.time.DateTimeException: No network time available
04-21 22:22:39.656 W/BestClock(  683): java.time.DateTimeException: No network time available
04-21 22:22:39.656 W/BestClock(  683): java.time.DateTimeException: No network time available
04-21 22:22:39.656 W/BestClock(  683): java.time.DateTimeException: No network time available
04-21 22:22:39.656 W/BestClock(  683): java.time.DateTimeException: No network time available
04-21 22:22:39.656 W/BestClock(  683): java.time.DateTimeException: No network time available
04-21 22:22:42.663 W/BestClock(  683): java.time.DateTimeException: No network time available
04-21 22:22:42.663 W/BestClock(  683): java.time.DateTimeException: No network time available
04-21 22:22:42.663 W/BestClock(  683): java.time.DateTimeException: No network time available
04-21 22:22:42.664 W/BestClock(  683): java.time.DateTimeException: No network time available
04-21 22:22:42.664 W/BestClock(  683): java.time.DateTimeException: No network time available
04-21 22:22:43.197 D/NetworkMonitor/100( 1052): PROBE_HTTP http://connectivitycheck.gstatic.com/generate_204 Probe failed with exception java.net.SocketTimeoutException: failed to connect to connectivitycheck.gstatic.com/114.250.66.34 (port 80) from /10.0.2.15 (port 41948) after 10000ms
04-21 22:22:45.669 W/BestClock(  683): java.time.DateTimeException: No network time available
04-21 22:22:45.669 W/BestClock(  683): java.time.DateTimeException: No network time available
04-21 22:22:45.669 W/BestClock(  683): java.time.DateTimeException: No network time available
04-21 22:22:45.669 W/BestClock(  683): java.time.DateTimeException: No network time available
04-21 22:22:45.669 W/BestClock(  683): java.time.DateTimeException: No network time available
04-21 22:22:48.675 W/BestClock(  683): java.time.DateTimeException: No network time available
04-21 22:22:48.675 W/BestClock(  683): java.time.DateTimeException: No network time available
04-21 22:22:48.675 W/BestClock(  683): java.time.DateTimeException: No network time available
04-21 22:22:48.675 W/BestClock(  683): java.time.DateTimeException: No network time available
04-21 22:22:48.675 W/BestClock(  683): java.time.DateTimeException: No network time available
04-21 22:22:51.680 W/BestClock(  683): java.time.DateTimeException: No network time available
04-21 22:22:51.681 W/BestClock(  683): java.time.DateTimeException: No network time available
04-21 22:22:51.682 W/BestClock(  683): java.time.DateTimeException: No network time available
04-21 22:22:51.682 W/BestClock(  683): java.time.DateTimeException: No network time available
04-21 22:22:51.682 W/BestClock(  683): java.time.DateTimeException: No network time available
04-21 22:22:53.208 D/NetworkMonitor/100( 1052): PROBE_HTTPS https://www.google.com/generate_204 Probe failed with exception java.net.SocketTimeoutException: failed to connect to www.google.com/2001::1 (port 443) from /fec0::5054:ff:fe12:3456 (port 35870) after 10000ms
04-21 22:22:53.215 W/BestClock(  683): java.time.DateTimeException: No network time available
04-21 22:22:53.215 W/BestClock(  683): java.time.DateTimeException: No network time available
04-21 22:22:54.689 W/BestClock(  683): java.time.DateTimeException: No network time available
04-21 22:22:54.689 W/BestClock(  683): java.time.DateTimeException: No network time available
04-21 22:22:54.689 W/BestClock(  683): java.time.DateTimeException: No network time available
04-21 22:22:54.689 W/BestClock(  683): java.time.DateTimeException: No network time available
04-21 22:22:54.689 W/BestClock(  683): java.time.DateTimeException: No network time available
04-21 22:22:57.691 W/BestClock(  683): java.time.DateTimeException: No network time available
04-21 22:22:57.692 W/BestClock(  683): java.time.DateTimeException: No network time available
04-21 22:22:57.692 W/BestClock(  683): java.time.DateTimeException: No network time available
04-21 22:22:57.692 W/BestClock(  683): java.time.DateTimeException: No network time available
04-21 22:22:57.692 W/BestClock(  683): java.time.DateTimeException: No network time available
04-21 22:23:00.703 W/BestClock(  683): java.time.DateTimeException: No network time available
04-21 22:23:00.703 W/BestClock(  683): java.time.DateTimeException: No network time available
04-21 22:23:00.703 W/BestClock(  683): java.time.DateTimeException: No network time available
04-21 22:23:00.703 W/BestClock(  683): java.time.DateTimeException: No network time available
04-21 22:23:00.703 W/BestClock(  683): java.time.DateTimeException: No network time available
04-21 22:23:03.711 W/BestClock(  683): java.time.DateTimeException: No network time available
04-21 22:23:03.711 W/BestClock(  683): java.time.DateTimeException: No network time available
04-21 22:23:03.711 W/BestClock(  683): java.time.DateTimeException: No network time available
04-21 22:23:03.711 W/BestClock(  683): java.time.DateTimeException: No network time available
04-21 22:23:03.711 W/BestClock(  683): java.time.DateTimeException: No network time available
04-21 22:23:06.719 W/BestClock(  683): java.time.DateTimeException: No network time available
04-21 22:23:06.719 W/BestClock(  683): java.time.DateTimeException: No network time available
04-21 22:23:06.719 W/BestClock(  683): java.time.DateTimeException: No network time available
04-21 22:23:06.719 W/BestClock(  683): java.time.DateTimeException: No network time available
04-21 22:23:06.719 W/BestClock(  683): java.time.DateTimeException: No network time available
04-21 22:23:09.725 W/BestClock(  683): java.time.DateTimeException: No network time available
04-21 22:23:09.725 W/BestClock(  683): java.time.DateTimeException: No network time available
04-21 22:23:09.725 W/BestClock(  683): java.time.DateTimeException: No network time available
04-21 22:23:09.725 W/BestClock(  683): java.time.DateTimeException: No network time available
04-21 22:23:09.725 W/BestClock(  683): java.time.DateTimeException: No network time available
04-21 22:23:12.733 W/BestClock(  683): java.time.DateTimeException: No network time available
04-21 22:23:12.733 W/BestClock(  683): java.time.DateTimeException: No network time available
04-21 22:23:12.733 W/BestClock(  683): java.time.DateTimeException: No network time available
04-21 22:23:12.733 W/BestClock(  683): java.time.DateTimeException: No network time available
04-21 22:23:12.733 W/BestClock(  683): java.time.DateTimeException: No network time available
04-21 22:23:15.742 W/BestClock(  683): java.time.DateTimeException: No network time available
04-21 22:23:15.742 W/BestClock(  683): java.time.DateTimeException: No network time available
04-21 22:23:15.742 W/BestClock(  683): java.time.DateTimeException: No network time available
04-21 22:23:15.742 W/BestClock(  683): java.time.DateTimeException: No network time available
04-21 22:23:15.742 W/BestClock(  683): java.time.DateTimeException: No network time available
04-21 22:23:18.750 W/BestClock(  683): java.time.DateTimeException: No network time available
04-21 22:23:18.750 W/BestClock(  683): java.time.DateTimeException: No network time available
04-21 22:23:18.750 W/BestClock(  683): java.time.DateTimeException: No network time available
04-21 22:23:18.750 W/BestClock(  683): java.time.DateTimeException: No network time available
04-21 22:23:18.750 W/BestClock(  683): java.time.DateTimeException: No network time available
04-21 22:23:20.329 D/NetworkMonitor/101( 1052): PROBE_HTTPS https://www.google.com/generate_204 Probe failed with exception javax.net.ssl.SSLHandshakeException: connection closed
04-21 22:23:21.757 W/BestClock(  683): java.time.DateTimeException: No network time available
04-21 22:23:21.758 W/BestClock(  683): java.time.DateTimeException: No network time available
04-21 22:23:21.758 W/BestClock(  683): java.time.DateTimeException: No network time available
04-21 22:23:21.758 W/BestClock(  683): java.time.DateTimeException: No network time available
04-21 22:23:21.758 W/BestClock(  683): java.time.DateTimeException: No network time available
04-21 22:23:24.767 W/BestClock(  683): java.time.DateTimeException: No network time available
04-21 22:23:24.767 W/BestClock(  683): java.time.DateTimeException: No network time available
04-21 22:23:24.767 W/BestClock(  683): java.time.DateTimeException: No network time available
04-21 22:23:24.767 W/BestClock(  683): java.time.DateTimeException: No network time available
04-21 22:23:24.767 W/BestClock(  683): java.time.DateTimeException: No network time available
04-21 22:23:27.777 W/BestClock(  683): java.time.DateTimeException: No network time available
04-21 22:23:27.777 W/BestClock(  683): java.time.DateTimeException: No network time available
04-21 22:23:27.777 W/BestClock(  683): java.time.DateTimeException: No network time available
04-21 22:23:27.777 W/BestClock(  683): java.time.DateTimeException: No network time available
04-21 22:23:27.777 W/BestClock(  683): java.time.DateTimeException: No network time available
04-21 22:23:30.787 W/BestClock(  683): java.time.DateTimeException: No network time available
04-21 22:23:30.787 W/BestClock(  683): java.time.DateTimeException: No network time available
04-21 22:23:30.787 W/BestClock(  683): java.time.DateTimeException: No network time available
04-21 22:23:30.787 W/BestClock(  683): java.time.DateTimeException: No network time available
04-21 22:23:30.787 W/BestClock(  683): java.time.DateTimeException: No network time available
04-21 22:23:31.884 D/NetworkMonitor/101( 1052): PROBE_HTTPS https://www.google.com/generate_204 Probe failed with exception javax.net.ssl.SSLHandshakeException: connection closed
04-21 22:23:33.793 W/BestClock(  683): java.time.DateTimeException: No network time available
04-21 22:23:33.794 W/BestClock(  683): java.time.DateTimeException: No network time available
04-21 22:23:33.794 W/BestClock(  683): java.time.DateTimeException: No network time available
04-21 22:23:33.794 W/BestClock(  683): java.time.DateTimeException: No network time available
04-21 22:23:33.794 W/BestClock(  683): java.time.DateTimeException: No network time available
04-21 22:23:36.803 W/BestClock(  683): java.time.DateTimeException: No network time available
04-21 22:23:36.803 W/BestClock(  683): java.time.DateTimeException: No network time available
04-21 22:23:36.803 W/BestClock(  683): java.time.DateTimeException: No network time available
04-21 22:23:36.803 W/BestClock(  683): java.time.DateTimeException: No network time available
04-21 22:23:36.803 W/BestClock(  683): java.time.DateTimeException: No network time available
04-21 22:23:39.810 W/BestClock(  683): java.time.DateTimeException: No network time available
04-21 22:23:39.810 W/BestClock(  683): java.time.DateTimeException: No network time available
04-21 22:23:39.810 W/BestClock(  683): java.time.DateTimeException: No network time available
04-21 22:23:39.811 W/BestClock(  683): java.time.DateTimeException: No network time available
04-21 22:23:39.811 W/BestClock(  683): java.time.DateTimeException: No network time available
04-21 22:23:42.820 W/BestClock(  683): java.time.DateTimeException: No network time available
04-21 22:23:42.820 W/BestClock(  683): java.time.DateTimeException: No network time available
04-21 22:23:42.820 W/BestClock(  683): java.time.DateTimeException: No network time available
04-21 22:23:42.820 W/BestClock(  683): java.time.DateTimeException: No network time available
04-21 22:23:42.820 W/BestClock(  683): java.time.DateTimeException: No network time available
